{
  "D:/Work/Projects/DSpot/friends_app/src/Theme/initial-theme.ts": {
    "path": "D:/Work/Projects/DSpot/friends_app/src/Theme/initial-theme.ts",
    "statementMap": {
      "0": {
        "start": {
          "line": 3,
          "column": 41
        },
        "end": {
          "line": 29,
          "column": null
        }
      }
    },
    "fnMap": {
      "0": {
        "name": "(anonymous_0)",
        "decl": {
          "start": {
            "line": 28,
            "column": 15
          },
          "end": {
            "line": 28,
            "column": 21
          }
        },
        "loc": {
          "start": {
            "line": 28,
            "column": 21
          },
          "end": {
            "line": 28,
            "column": null
          }
        }
      }
    },
    "branchMap": {},
    "s": {
      "0": 49
    },
    "f": {
      "0": 0
    },
    "b": {}
  },
  "D:/Work/Projects/DSpot/friends_app/src/Theme/Context.tsx": {
    "path": "D:/Work/Projects/DSpot/friends_app/src/Theme/Context.tsx",
    "statementMap": {
      "0": {
        "start": {
          "line": 7,
          "column": 23
        },
        "end": {
          "line": 9,
          "column": null
        }
      },
      "1": {
        "start": {
          "line": 19,
          "column": 28
        },
        "end": {
          "line": 19,
          "column": null
        }
      },
      "2": {
        "start": {
          "line": 21,
          "column": 23
        },
        "end": {
          "line": 31,
          "column": null
        }
      },
      "3": {
        "start": {
          "line": 22,
          "column": 2
        },
        "end": {
          "line": 29,
          "column": null
        }
      },
      "4": {
        "start": {
          "line": 24,
          "column": 6
        },
        "end": {
          "line": 27,
          "column": null
        }
      },
      "5": {
        "start": {
          "line": 29,
          "column": 6
        },
        "end": {
          "line": 29,
          "column": 19
        }
      },
      "6": {
        "start": {
          "line": 33,
          "column": 31
        },
        "end": {
          "line": 36,
          "column": 2
        }
      },
      "7": {
        "start": {
          "line": 33,
          "column": 37
        },
        "end": {
          "line": 33,
          "column": null
        }
      },
      "8": {
        "start": {
          "line": 34,
          "column": 16
        },
        "end": {
          "line": 34,
          "column": null
        }
      },
      "9": {
        "start": {
          "line": 35,
          "column": 2
        },
        "end": {
          "line": 35,
          "column": null
        }
      },
      "10": {
        "start": {
          "line": 36,
          "column": 2
        },
        "end": {
          "line": 33,
          "column": 31
        }
      }
    },
    "fnMap": {
      "0": {
        "name": "(anonymous_1)",
        "decl": {
          "start": {
            "line": 21,
            "column": 23
          },
          "end": {
            "line": 21,
            "column": 24
          }
        },
        "loc": {
          "start": {
            "line": 21,
            "column": 64
          },
          "end": {
            "line": 31,
            "column": null
          }
        }
      },
      "1": {
        "name": "(anonymous_2)",
        "decl": {
          "start": {
            "line": 33,
            "column": 31
          },
          "end": {
            "line": 33,
            "column": 37
          }
        },
        "loc": {
          "start": {
            "line": 33,
            "column": 37
          },
          "end": {
            "line": 36,
            "column": 2
          }
        }
      }
    },
    "branchMap": {
      "0": {
        "loc": {
          "start": {
            "line": 22,
            "column": 2
          },
          "end": {
            "line": 29,
            "column": null
          }
        },
        "type": "switch",
        "locations": [
          {
            "start": {
              "line": 23,
              "column": 4
            },
            "end": {
              "line": 27,
              "column": null
            }
          },
          {
            "start": {
              "line": 28,
              "column": 4
            },
            "end": {
              "line": 29,
              "column": 19
            }
          }
        ]
      }
    },
    "s": {
      "0": 49,
      "1": 49,
      "2": 49,
      "3": 0,
      "4": 0,
      "5": 0,
      "6": 49,
      "7": 0,
      "8": 0,
      "9": 0,
      "10": 49
    },
    "f": {
      "0": 0,
      "1": 0
    },
    "b": {
      "0": [
        0,
        0
      ]
    }
  },
  "D:/Work/Projects/DSpot/friends_app/src/Theme/GlobalStyles.tsx": {
    "path": "D:/Work/Projects/DSpot/friends_app/src/Theme/GlobalStyles.tsx",
    "statementMap": {
      "0": {
        "start": {
          "line": 3,
          "column": 7
        },
        "end": {
          "line": 10,
          "column": null
        }
      },
      "1": {
        "start": {
          "line": 5,
          "column": 33
        },
        "end": {
          "line": 5,
          "column": 62
        }
      },
      "2": {
        "start": {
          "line": 6,
          "column": 33
        },
        "end": {
          "line": 6,
          "column": 62
        }
      },
      "3": {
        "start": {
          "line": 7,
          "column": 30
        },
        "end": {
          "line": 7,
          "column": 49
        }
      },
      "4": {
        "start": {
          "line": 8,
          "column": 33
        },
        "end": {
          "line": 8,
          "column": 52
        }
      },
      "5": {
        "start": {
          "line": 9,
          "column": 32
        },
        "end": {
          "line": 9,
          "column": 51
        }
      },
      "6": {
        "start": {
          "line": 10,
          "column": 32
        },
        "end": {
          "line": 10,
          "column": 51
        }
      }
    },
    "fnMap": {
      "0": {
        "name": "(anonymous_0)",
        "decl": {
          "start": {
            "line": 3,
            "column": 28
          },
          "end": {
            "line": 3,
            "column": null
          }
        },
        "loc": {
          "start": {
            "line": 5,
            "column": 33
          },
          "end": {
            "line": 5,
            "column": 62
          }
        }
      },
      "1": {
        "name": "(anonymous_1)",
        "decl": {
          "start": {
            "line": 5,
            "column": 62
          },
          "end": {
            "line": 5,
            "column": null
          }
        },
        "loc": {
          "start": {
            "line": 6,
            "column": 33
          },
          "end": {
            "line": 6,
            "column": 62
          }
        }
      },
      "2": {
        "name": "(anonymous_2)",
        "decl": {
          "start": {
            "line": 6,
            "column": 62
          },
          "end": {
            "line": 6,
            "column": null
          }
        },
        "loc": {
          "start": {
            "line": 7,
            "column": 30
          },
          "end": {
            "line": 7,
            "column": 49
          }
        }
      },
      "3": {
        "name": "(anonymous_3)",
        "decl": {
          "start": {
            "line": 7,
            "column": 49
          },
          "end": {
            "line": 7,
            "column": null
          }
        },
        "loc": {
          "start": {
            "line": 8,
            "column": 33
          },
          "end": {
            "line": 8,
            "column": 52
          }
        }
      },
      "4": {
        "name": "(anonymous_4)",
        "decl": {
          "start": {
            "line": 8,
            "column": 52
          },
          "end": {
            "line": 8,
            "column": null
          }
        },
        "loc": {
          "start": {
            "line": 9,
            "column": 32
          },
          "end": {
            "line": 9,
            "column": 51
          }
        }
      },
      "5": {
        "name": "(anonymous_5)",
        "decl": {
          "start": {
            "line": 9,
            "column": 51
          },
          "end": {
            "line": 9,
            "column": null
          }
        },
        "loc": {
          "start": {
            "line": 10,
            "column": 32
          },
          "end": {
            "line": 10,
            "column": 51
          }
        }
      }
    },
    "branchMap": {},
    "s": {
      "0": 49,
      "1": 96,
      "2": 96,
      "3": 96,
      "4": 96,
      "5": 96,
      "6": 96
    },
    "f": {
      "0": 96,
      "1": 96,
      "2": 96,
      "3": 96,
      "4": 96,
      "5": 96
    },
    "b": {}
  },
  "D:/Work/Projects/DSpot/friends_app/src/Theme/Theme.tsx": {
    "path": "D:/Work/Projects/DSpot/friends_app/src/Theme/Theme.tsx",
    "statementMap": {
      "0": {
        "start": {
          "line": 14,
          "column": 7
        },
        "end": {
          "line": 35,
          "column": 2
        }
      },
      "1": {
        "start": {
          "line": 14,
          "column": 69
        },
        "end": {
          "line": 14,
          "column": null
        }
      },
      "2": {
        "start": {
          "line": 15,
          "column": 2
        },
        "end": {
          "line": 15,
          "column": null
        }
      },
      "3": {
        "start": {
          "line": 17,
          "column": 2
        },
        "end": {
          "line": 22,
          "column": null
        }
      },
      "4": {
        "start": {
          "line": 21,
          "column": 8
        },
        "end": {
          "line": 21,
          "column": 63
        }
      },
      "5": {
        "start": {
          "line": 27,
          "column": 2
        },
        "end": {
          "line": 28,
          "column": null
        }
      },
      "6": {
        "start": {
          "line": 35,
          "column": 2
        },
        "end": {
          "line": 35,
          "column": null
        }
      },
      "7": {
        "start": {
          "line": 14,
          "column": 48
        },
        "end": {
          "line": 14,
          "column": 52
        }
      }
    },
    "fnMap": {
      "0": {
        "name": "(anonymous_1)",
        "decl": {
          "start": {
            "line": 14,
            "column": 7
          },
          "end": {
            "line": 14,
            "column": 48
          }
        },
        "loc": {
          "start": {
            "line": 14,
            "column": 63
          },
          "end": {
            "line": 35,
            "column": 2
          }
        }
      },
      "1": {
        "name": "(anonymous_2)",
        "decl": {
          "start": {
            "line": 17,
            "column": 2
          },
          "end": {
            "line": 17,
            "column": null
          }
        },
        "loc": {
          "start": {
            "line": 17,
            "column": 2
          },
          "end": {
            "line": 22,
            "column": null
          }
        }
      },
      "2": {
        "name": "(anonymous_3)",
        "decl": {
          "start": {
            "line": 19,
            "column": 19
          },
          "end": {
            "line": 19,
            "column": null
          }
        },
        "loc": {
          "start": {
            "line": 19,
            "column": 19
          },
          "end": {
            "line": 21,
            "column": null
          }
        }
      }
    },
    "branchMap": {},
    "s": {
      "0": 49,
      "1": 0,
      "2": 0,
      "3": 0,
      "4": 0,
      "5": 0,
      "6": 49,
      "7": 98
    },
    "f": {
      "0": 0,
      "1": 0,
      "2": 0
    },
    "b": {}
  },
  "D:/Work/Projects/DSpot/friends_app/src/store/api/baseQuery.tsx": {
    "path": "D:/Work/Projects/DSpot/friends_app/src/store/api/baseQuery.tsx",
    "statementMap": {
      "0": {
        "start": {
          "line": 3,
          "column": 25
        },
        "end": {
          "line": 5,
          "column": null
        }
      }
    },
    "fnMap": {},
    "branchMap": {},
    "s": {
      "0": 49
    },
    "f": {},
    "b": {}
  },
  "D:/Work/Projects/DSpot/friends_app/src/store/api/apiSlice.tsx": {
    "path": "D:/Work/Projects/DSpot/friends_app/src/store/api/apiSlice.tsx",
    "statementMap": {
      "0": {
        "start": {
          "line": 4,
          "column": 24
        },
        "end": {
          "line": 7,
          "column": null
        }
      },
      "1": {
        "start": {
          "line": 6,
          "column": 27
        },
        "end": {
          "line": 6,
          "column": null
        }
      }
    },
    "fnMap": {
      "0": {
        "name": "(anonymous_0)",
        "decl": {
          "start": {
            "line": 6,
            "column": 14
          },
          "end": {
            "line": 6,
            "column": 27
          }
        },
        "loc": {
          "start": {
            "line": 6,
            "column": 27
          },
          "end": {
            "line": 6,
            "column": null
          }
        }
      }
    },
    "branchMap": {},
    "s": {
      "0": 49,
      "1": 49
    },
    "f": {
      "0": 49
    },
    "b": {}
  },
  "D:/Work/Projects/DSpot/friends_app/src/store/slices/detailSlice.ts": {
    "path": "D:/Work/Projects/DSpot/friends_app/src/store/slices/detailSlice.ts",
    "statementMap": {
      "0": {
        "start": {
          "line": 7,
          "column": 20
        },
        "end": {
          "line": 17,
          "column": null
        }
      },
      "1": {
        "start": {
          "line": 14,
          "column": 6
        },
        "end": {
          "line": 14,
          "column": null
        }
      },
      "2": {
        "start": {
          "line": 19,
          "column": 30
        },
        "end": {
          "line": 19,
          "column": null
        }
      },
      "3": {
        "start": {
          "line": 21,
          "column": 29
        },
        "end": {
          "line": 21,
          "column": null
        }
      },
      "4": {
        "start": {
          "line": 21,
          "column": 51
        },
        "end": {
          "line": 21,
          "column": null
        }
      }
    },
    "fnMap": {
      "0": {
        "name": "(anonymous_0)",
        "decl": {
          "start": {
            "line": 13,
            "column": 16
          },
          "end": {
            "line": 13,
            "column": 17
          }
        },
        "loc": {
          "start": {
            "line": 13,
            "column": 68
          },
          "end": {
            "line": 15,
            "column": null
          }
        }
      },
      "1": {
        "name": "(anonymous_1)",
        "decl": {
          "start": {
            "line": 21,
            "column": 29
          },
          "end": {
            "line": 21,
            "column": 30
          }
        },
        "loc": {
          "start": {
            "line": 21,
            "column": 51
          },
          "end": {
            "line": 21,
            "column": null
          }
        }
      }
    },
    "branchMap": {},
    "s": {
      "0": 49,
      "1": 1,
      "2": 49,
      "3": 49,
      "4": 0
    },
    "f": {
      "0": 1,
      "1": 0
    },
    "b": {}
  },
  "D:/Work/Projects/DSpot/friends_app/src/store/store.tsx": {
    "path": "D:/Work/Projects/DSpot/friends_app/src/store/store.tsx",
    "statementMap": {
      "0": {
        "start": {
          "line": 7,
          "column": 21
        },
        "end": {
          "line": 16,
          "column": null
        }
      },
      "1": {
        "start": {
          "line": 13,
          "column": 4
        },
        "end": {
          "line": 13,
          "column": null
        }
      },
      "2": {
        "start": {
          "line": 18,
          "column": 0
        },
        "end": {
          "line": 18,
          "column": null
        }
      }
    },
    "fnMap": {
      "0": {
        "name": "(anonymous_0)",
        "decl": {
          "start": {
            "line": 12,
            "column": 15
          },
          "end": {
            "line": 12,
            "column": null
          }
        },
        "loc": {
          "start": {
            "line": 13,
            "column": 4
          },
          "end": {
            "line": 13,
            "column": null
          }
        }
      }
    },
    "branchMap": {},
    "s": {
      "0": 49,
      "1": 49,
      "2": 49
    },
    "f": {
      "0": 49
    },
    "b": {}
  },
  "D:/Work/Projects/DSpot/friends_app/src/components/Text/Text.tsx": {
    "path": "D:/Work/Projects/DSpot/friends_app/src/components/Text/Text.tsx",
    "statementMap": {
      "0": {
        "start": {
          "line": 1,
          "column": 26
        },
        "end": {
          "line": 1,
          "column": null
        }
      },
      "1": {
        "start": {
          "line": 7,
          "column": 7
        },
        "end": {
          "line": 33,
          "column": 2
        }
      },
      "2": {
        "start": {
          "line": 14,
          "column": 2
        },
        "end": {
          "line": 24,
          "column": null
        }
      },
      "3": {
        "start": {
          "line": 33,
          "column": 2
        },
        "end": {
          "line": 33,
          "column": null
        }
      },
      "4": {
        "start": {
          "line": 7,
          "column": 32
        },
        "end": {
          "line": 7,
          "column": 36
        }
      }
    },
    "fnMap": {
      "0": {
        "name": "(anonymous_0)",
        "decl": {
          "start": {
            "line": 1,
            "column": 26
          },
          "end": {
            "line": 1,
            "column": null
          }
        },
        "loc": {
          "start": {
            "line": 1,
            "column": 26
          },
          "end": {
            "line": 1,
            "column": null
          }
        }
      },
      "1": {
        "name": "(anonymous_1)",
        "decl": {
          "start": {
            "line": 7,
            "column": 7
          },
          "end": {
            "line": 7,
            "column": 32
          }
        },
        "loc": {
          "start": {
            "line": 13,
            "column": 0
          },
          "end": {
            "line": 33,
            "column": 2
          }
        }
      }
    },
    "branchMap": {
      "0": {
        "loc": {
          "start": {
            "line": 1,
            "column": 26
          },
          "end": {
            "line": 1,
            "column": null
          }
        },
        "type": "if",
        "locations": [
          {
            "start": {
              "line": 1,
              "column": 26
            },
            "end": {
              "line": 1,
              "column": null
            }
          }
        ]
      },
      "1": {
        "loc": {
          "start": {
            "line": 14,
            "column": 2
          },
          "end": {
            "line": 24,
            "column": null
          }
        },
        "type": "cond-expr",
        "locations": [
          {
            "start": {
              "line": 14,
              "column": 2
            },
            "end": {
              "line": 15,
              "column": null
            }
          },
          {
            "start": {
              "line": 15,
              "column": 4
            },
            "end": {
              "line": 24,
              "column": null
            }
          }
        ]
      },
      "2": {
        "loc": {
          "start": {
            "line": 14,
            "column": 2
          },
          "end": {
            "line": 14,
            "column": null
          }
        },
        "type": "binary-expr",
        "locations": [
          {
            "start": {
              "line": 14,
              "column": 2
            },
            "end": {
              "line": 14,
              "column": null
            }
          },
          {
            "start": {
              "line": 14,
              "column": 2
            },
            "end": {
              "line": 14,
              "column": null
            }
          }
        ]
      },
      "3": {
        "loc": {
          "start": {
            "line": 15,
            "column": 4
          },
          "end": {
            "line": 15,
            "column": null
          }
        },
        "type": "binary-expr",
        "locations": [
          {
            "start": {
              "line": 15,
              "column": 4
            },
            "end": {
              "line": 15,
              "column": null
            }
          },
          {
            "start": {
              "line": 15,
              "column": 4
            },
            "end": {
              "line": 15,
              "column": null
            }
          }
        ]
      }
    },
    "s": {
      "0": 182,
      "1": 26,
      "2": 279,
      "3": 26,
      "4": 26
    },
    "f": {
      "0": 26,
      "1": 279
    },
    "b": {
      "0": [
        26
      ],
      "1": [
        33,
        246
      ],
      "2": [
        33,
        3
      ],
      "3": [
        246,
        198
      ]
    }
  },
  "D:/Work/Projects/DSpot/friends_app/src/components/CardContainer/styles.tsx": {
    "path": "D:/Work/Projects/DSpot/friends_app/src/components/CardContainer/styles.tsx",
    "statementMap": {
      "0": {
        "start": {
          "line": 3,
          "column": 7
        },
        "end": {
          "line": 5,
          "column": null
        }
      },
      "1": {
        "start": {
          "line": 5,
          "column": 25
        },
        "end": {
          "line": 5,
          "column": 44
        }
      }
    },
    "fnMap": {
      "0": {
        "name": "(anonymous_0)",
        "decl": {
          "start": {
            "line": 3,
            "column": 35
          },
          "end": {
            "line": 3,
            "column": null
          }
        },
        "loc": {
          "start": {
            "line": 5,
            "column": 25
          },
          "end": {
            "line": 5,
            "column": 44
          }
        }
      }
    },
    "branchMap": {},
    "s": {
      "0": 20,
      "1": 92
    },
    "f": {
      "0": 92
    },
    "b": {}
  },
  "D:/Work/Projects/DSpot/friends_app/src/components/CardContainer/CardContainer.tsx": {
    "path": "D:/Work/Projects/DSpot/friends_app/src/components/CardContainer/CardContainer.tsx",
    "statementMap": {
      "0": {
        "start": {
          "line": 1,
          "column": 26
        },
        "end": {
          "line": 1,
          "column": null
        }
      },
      "1": {
        "start": {
          "line": 5,
          "column": 7
        },
        "end": {
          "line": 10,
          "column": 2
        }
      },
      "2": {
        "start": {
          "line": 9,
          "column": 2
        },
        "end": {
          "line": 9,
          "column": null
        }
      },
      "3": {
        "start": {
          "line": 10,
          "column": 2
        },
        "end": {
          "line": 10,
          "column": null
        }
      },
      "4": {
        "start": {
          "line": 5,
          "column": 50
        },
        "end": {
          "line": 5,
          "column": 54
        }
      }
    },
    "fnMap": {
      "0": {
        "name": "(anonymous_0)",
        "decl": {
          "start": {
            "line": 1,
            "column": 26
          },
          "end": {
            "line": 1,
            "column": null
          }
        },
        "loc": {
          "start": {
            "line": 1,
            "column": 26
          },
          "end": {
            "line": 1,
            "column": null
          }
        }
      },
      "1": {
        "name": "(anonymous_1)",
        "decl": {
          "start": {
            "line": 5,
            "column": 7
          },
          "end": {
            "line": 5,
            "column": 50
          }
        },
        "loc": {
          "start": {
            "line": 8,
            "column": 0
          },
          "end": {
            "line": 10,
            "column": 2
          }
        }
      }
    },
    "branchMap": {
      "0": {
        "loc": {
          "start": {
            "line": 1,
            "column": 26
          },
          "end": {
            "line": 1,
            "column": null
          }
        },
        "type": "if",
        "locations": [
          {
            "start": {
              "line": 1,
              "column": 26
            },
            "end": {
              "line": 1,
              "column": null
            }
          }
        ]
      },
      "1": {
        "loc": {
          "start": {
            "line": 9,
            "column": 2
          },
          "end": {
            "line": 9,
            "column": 9
          }
        },
        "type": "binary-expr",
        "locations": [
          {
            "start": {
              "line": 9,
              "column": 2
            },
            "end": {
              "line": 9,
              "column": 9
            }
          },
          {
            "start": {
              "line": 9,
              "column": 2
            },
            "end": {
              "line": 9,
              "column": 9
            }
          }
        ]
      }
    },
    "s": {
      "0": 140,
      "1": 20,
      "2": 92,
      "3": 20,
      "4": 20
    },
    "f": {
      "0": 20,
      "1": 92
    },
    "b": {
      "0": [
        20
      ],
      "1": [
        92,
        27
      ]
    }
  },
  "D:/Work/Projects/DSpot/friends_app/src/components/ScrollRow/ScrollRow.tsx": {
    "path": "D:/Work/Projects/DSpot/friends_app/src/components/ScrollRow/ScrollRow.tsx",
    "statementMap": {
      "0": {
        "start": {
          "line": 4,
          "column": 7
        },
        "end": {
          "line": 20,
          "column": null
        }
      },
      "1": {
        "start": {
          "line": 7,
          "column": 30
        },
        "end": {
          "line": 7,
          "column": null
        }
      },
      "2": {
        "start": {
          "line": 13,
          "column": 27
        },
        "end": {
          "line": 13,
          "column": 46
        }
      },
      "3": {
        "start": {
          "line": 20,
          "column": 27
        },
        "end": {
          "line": 20,
          "column": 56
        }
      }
    },
    "fnMap": {
      "0": {
        "name": "(anonymous_0)",
        "decl": {
          "start": {
            "line": 4,
            "column": 35
          },
          "end": {
            "line": 4,
            "column": null
          }
        },
        "loc": {
          "start": {
            "line": 7,
            "column": 30
          },
          "end": {
            "line": 7,
            "column": null
          }
        }
      },
      "1": {
        "name": "(anonymous_1)",
        "decl": {
          "start": {
            "line": 8,
            "column": 53
          },
          "end": {
            "line": 8,
            "column": null
          }
        },
        "loc": {
          "start": {
            "line": 13,
            "column": 27
          },
          "end": {
            "line": 13,
            "column": 46
          }
        }
      },
      "2": {
        "name": "(anonymous_2)",
        "decl": {
          "start": {
            "line": 13,
            "column": 46
          },
          "end": {
            "line": 13,
            "column": null
          }
        },
        "loc": {
          "start": {
            "line": 20,
            "column": 27
          },
          "end": {
            "line": 20,
            "column": 56
          }
        }
      }
    },
    "branchMap": {},
    "s": {
      "0": 15,
      "1": 69,
      "2": 69,
      "3": 69
    },
    "f": {
      "0": 69,
      "1": 69,
      "2": 69
    },
    "b": {}
  },
  "D:/Work/Projects/DSpot/friends_app/src/components/TabData/styles.tsx": {
    "path": "D:/Work/Projects/DSpot/friends_app/src/components/TabData/styles.tsx",
    "statementMap": {
      "0": {
        "start": {
          "line": 5,
          "column": 7
        },
        "end": {
          "line": 5,
          "column": null
        }
      },
      "1": {
        "start": {
          "line": 10,
          "column": 7
        },
        "end": {
          "line": 10,
          "column": null
        }
      },
      "2": {
        "start": {
          "line": 19,
          "column": 7
        },
        "end": {
          "line": 19,
          "column": null
        }
      },
      "3": {
        "start": {
          "line": 25,
          "column": 7
        },
        "end": {
          "line": 25,
          "column": null
        }
      }
    },
    "fnMap": {},
    "branchMap": {},
    "s": {
      "0": 10,
      "1": 10,
      "2": 10,
      "3": 10
    },
    "f": {},
    "b": {}
  },
  "D:/Work/Projects/DSpot/friends_app/src/components/Tab/Tab.tsx": {
    "path": "D:/Work/Projects/DSpot/friends_app/src/components/Tab/Tab.tsx",
    "statementMap": {
      "0": {
        "start": {
          "line": 1,
          "column": 0
        },
        "end": {
          "line": 1,
          "column": null
        }
      },
      "1": {
        "start": {
          "line": 9,
          "column": 7
        },
        "end": {
          "line": 20,
          "column": 2
        }
      },
      "2": {
        "start": {
          "line": 10,
          "column": 2
        },
        "end": {
          "line": 11,
          "column": null
        }
      },
      "3": {
        "start": {
          "line": 20,
          "column": 2
        },
        "end": {
          "line": 20,
          "column": null
        }
      },
      "4": {
        "start": {
          "line": 9,
          "column": 30
        },
        "end": {
          "line": 9,
          "column": 34
        }
      }
    },
    "fnMap": {
      "0": {
        "name": "(anonymous_0)",
        "decl": {
          "start": {
            "line": 1,
            "column": 0
          },
          "end": {
            "line": 1,
            "column": null
          }
        },
        "loc": {
          "start": {
            "line": 1,
            "column": 0
          },
          "end": {
            "line": 1,
            "column": null
          }
        }
      },
      "1": {
        "name": "(anonymous_1)",
        "decl": {
          "start": {
            "line": 9,
            "column": 7
          },
          "end": {
            "line": 9,
            "column": 30
          }
        },
        "loc": {
          "start": {
            "line": 9,
            "column": 73
          },
          "end": {
            "line": 20,
            "column": 2
          }
        }
      }
    },
    "branchMap": {
      "0": {
        "loc": {
          "start": {
            "line": 1,
            "column": 0
          },
          "end": {
            "line": 1,
            "column": null
          }
        },
        "type": "if",
        "locations": [
          {
            "start": {
              "line": 1,
              "column": 0
            },
            "end": {
              "line": 1,
              "column": null
            }
          }
        ]
      },
      "1": {
        "loc": {
          "start": {
            "line": 10,
            "column": 2
          },
          "end": {
            "line": 10,
            "column": null
          }
        },
        "type": "binary-expr",
        "locations": [
          {
            "start": {
              "line": 10,
              "column": 2
            },
            "end": {
              "line": 10,
              "column": null
            }
          },
          {
            "start": {
              "line": 10,
              "column": 2
            },
            "end": {
              "line": 10,
              "column": null
            }
          }
        ]
      }
    },
    "s": {
      "0": 84,
      "1": 12,
      "2": 65,
      "3": 12,
      "4": 12
    },
    "f": {
      "0": 12,
      "1": 65
    },
    "b": {
      "0": [
        12
      ],
      "1": [
        65,
        65
      ]
    }
  },
  "D:/Work/Projects/DSpot/friends_app/src/shared/hooks/useHandleTabs.ts": {
    "path": "D:/Work/Projects/DSpot/friends_app/src/shared/hooks/useHandleTabs.ts",
    "statementMap": {
      "0": {
        "start": {
          "line": 3,
          "column": 29
        },
        "end": {
          "line": 19,
          "column": null
        }
      },
      "1": {
        "start": {
          "line": 8,
          "column": 36
        },
        "end": {
          "line": 8,
          "column": null
        }
      },
      "2": {
        "start": {
          "line": 10,
          "column": 20
        },
        "end": {
          "line": 12,
          "column": null
        }
      },
      "3": {
        "start": {
          "line": 11,
          "column": 4
        },
        "end": {
          "line": 11,
          "column": null
        }
      },
      "4": {
        "start": {
          "line": 14,
          "column": 21
        },
        "end": {
          "line": 16,
          "column": null
        }
      },
      "5": {
        "start": {
          "line": 15,
          "column": 4
        },
        "end": {
          "line": 15,
          "column": null
        }
      },
      "6": {
        "start": {
          "line": 18,
          "column": 2
        },
        "end": {
          "line": 18,
          "column": null
        }
      }
    },
    "fnMap": {
      "0": {
        "name": "(anonymous_0)",
        "decl": {
          "start": {
            "line": 3,
            "column": 29
          },
          "end": {
            "line": 3,
            "column": 30
          }
        },
        "loc": {
          "start": {
            "line": 7,
            "column": 6
          },
          "end": {
            "line": 19,
            "column": null
          }
        }
      },
      "1": {
        "name": "(anonymous_1)",
        "decl": {
          "start": {
            "line": 10,
            "column": 20
          },
          "end": {
            "line": 10,
            "column": 21
          }
        },
        "loc": {
          "start": {
            "line": 10,
            "column": 36
          },
          "end": {
            "line": 12,
            "column": null
          }
        }
      },
      "2": {
        "name": "(anonymous_2)",
        "decl": {
          "start": {
            "line": 14,
            "column": 29
          },
          "end": {
            "line": 14,
            "column": 35
          }
        },
        "loc": {
          "start": {
            "line": 14,
            "column": 35
          },
          "end": {
            "line": 16,
            "column": 5
          }
        }
      }
    },
    "branchMap": {
      "0": {
        "loc": {
          "start": {
            "line": 15,
            "column": 11
          },
          "end": {
            "line": 15,
            "column": null
          }
        },
        "type": "binary-expr",
        "locations": [
          {
            "start": {
              "line": 15,
              "column": 11
            },
            "end": {
              "line": 15,
              "column": 38
            }
          },
          {
            "start": {
              "line": 15,
              "column": 38
            },
            "end": {
              "line": 15,
              "column": null
            }
          }
        ]
      }
    },
    "s": {
      "0": 10,
      "1": 26,
      "2": 26,
      "3": 2,
      "4": 26,
      "5": 26,
      "6": 26
    },
    "f": {
      "0": 26,
      "1": 2,
      "2": 26
    },
    "b": {
      "0": [
        26,
        0
      ]
    }
  },
  "D:/Work/Projects/DSpot/friends_app/src/components/Button/styles.tsx": {
    "path": "D:/Work/Projects/DSpot/friends_app/src/components/Button/styles.tsx",
    "statementMap": {
      "0": {
        "start": {
          "line": 5,
          "column": 0
        },
        "end": {
          "line": 5,
          "column": null
        }
      },
      "1": {
        "start": {
          "line": 11,
          "column": 0
        },
        "end": {
          "line": 14,
          "column": null
        }
      },
      "2": {
        "start": {
          "line": 12,
          "column": 31
        },
        "end": {
          "line": 12,
          "column": 58
        }
      },
      "3": {
        "start": {
          "line": 13,
          "column": 27
        },
        "end": {
          "line": 13,
          "column": 54
        }
      },
      "4": {
        "start": {
          "line": 14,
          "column": 20
        },
        "end": {
          "line": 14,
          "column": 39
        }
      },
      "5": {
        "start": {
          "line": 17,
          "column": 0
        },
        "end": {
          "line": 20,
          "column": null
        }
      },
      "6": {
        "start": {
          "line": 18,
          "column": 31
        },
        "end": {
          "line": 18,
          "column": 60
        }
      },
      "7": {
        "start": {
          "line": 19,
          "column": 27
        },
        "end": {
          "line": 19,
          "column": 56
        }
      },
      "8": {
        "start": {
          "line": 20,
          "column": 20
        },
        "end": {
          "line": 20,
          "column": 49
        }
      },
      "9": {
        "start": {
          "line": 23,
          "column": 0
        },
        "end": {
          "line": 26,
          "column": null
        }
      },
      "10": {
        "start": {
          "line": 24,
          "column": 31
        },
        "end": {
          "line": 24,
          "column": 50
        }
      },
      "11": {
        "start": {
          "line": 26,
          "column": 20
        },
        "end": {
          "line": 26,
          "column": 47
        }
      },
      "12": {
        "start": {
          "line": 29,
          "column": 7
        },
        "end": {
          "line": 71,
          "column": null
        }
      },
      "13": {
        "start": {
          "line": 40,
          "column": 35
        },
        "end": {
          "line": 40,
          "column": 62
        }
      },
      "14": {
        "start": {
          "line": 44,
          "column": 24
        },
        "end": {
          "line": 44,
          "column": 43
        }
      },
      "15": {
        "start": {
          "line": 45,
          "column": 35
        },
        "end": {
          "line": 45,
          "column": 62
        }
      },
      "16": {
        "start": {
          "line": 46,
          "column": 31
        },
        "end": {
          "line": 46,
          "column": 58
        }
      },
      "17": {
        "start": {
          "line": 55,
          "column": 35
        },
        "end": {
          "line": 55,
          "column": 64
        }
      },
      "18": {
        "start": {
          "line": 56,
          "column": 35
        },
        "end": {
          "line": 56,
          "column": 64
        }
      },
      "19": {
        "start": {
          "line": 61,
          "column": 33
        },
        "end": {
          "line": 61,
          "column": 52
        }
      },
      "20": {
        "start": {
          "line": 62,
          "column": 22
        },
        "end": {
          "line": 62,
          "column": 41
        }
      }
    },
    "fnMap": {
      "0": {
        "name": "(anonymous_0)",
        "decl": {
          "start": {
            "line": 11,
            "column": 18
          },
          "end": {
            "line": 11,
            "column": null
          }
        },
        "loc": {
          "start": {
            "line": 12,
            "column": 31
          },
          "end": {
            "line": 12,
            "column": 58
          }
        }
      },
      "1": {
        "name": "(anonymous_1)",
        "decl": {
          "start": {
            "line": 12,
            "column": 58
          },
          "end": {
            "line": 12,
            "column": null
          }
        },
        "loc": {
          "start": {
            "line": 13,
            "column": 27
          },
          "end": {
            "line": 13,
            "column": 54
          }
        }
      },
      "2": {
        "name": "(anonymous_2)",
        "decl": {
          "start": {
            "line": 13,
            "column": 54
          },
          "end": {
            "line": 13,
            "column": null
          }
        },
        "loc": {
          "start": {
            "line": 14,
            "column": 20
          },
          "end": {
            "line": 14,
            "column": 39
          }
        }
      },
      "3": {
        "name": "(anonymous_3)",
        "decl": {
          "start": {
            "line": 17,
            "column": 21
          },
          "end": {
            "line": 17,
            "column": null
          }
        },
        "loc": {
          "start": {
            "line": 18,
            "column": 31
          },
          "end": {
            "line": 18,
            "column": 60
          }
        }
      },
      "4": {
        "name": "(anonymous_4)",
        "decl": {
          "start": {
            "line": 18,
            "column": 60
          },
          "end": {
            "line": 18,
            "column": null
          }
        },
        "loc": {
          "start": {
            "line": 19,
            "column": 27
          },
          "end": {
            "line": 19,
            "column": 56
          }
        }
      },
      "5": {
        "name": "(anonymous_5)",
        "decl": {
          "start": {
            "line": 19,
            "column": 56
          },
          "end": {
            "line": 19,
            "column": null
          }
        },
        "loc": {
          "start": {
            "line": 20,
            "column": 20
          },
          "end": {
            "line": 20,
            "column": 49
          }
        }
      },
      "6": {
        "name": "(anonymous_6)",
        "decl": {
          "start": {
            "line": 23,
            "column": 23
          },
          "end": {
            "line": 23,
            "column": null
          }
        },
        "loc": {
          "start": {
            "line": 24,
            "column": 31
          },
          "end": {
            "line": 24,
            "column": 50
          }
        }
      },
      "7": {
        "name": "(anonymous_7)",
        "decl": {
          "start": {
            "line": 24,
            "column": 50
          },
          "end": {
            "line": 24,
            "column": null
          }
        },
        "loc": {
          "start": {
            "line": 26,
            "column": 20
          },
          "end": {
            "line": 26,
            "column": 47
          }
        }
      },
      "8": {
        "name": "(anonymous_8)",
        "decl": {
          "start": {
            "line": 36,
            "column": 6
          },
          "end": {
            "line": 36,
            "column": null
          }
        },
        "loc": {
          "start": {
            "line": 40,
            "column": 35
          },
          "end": {
            "line": 40,
            "column": 62
          }
        }
      },
      "9": {
        "name": "(anonymous_9)",
        "decl": {
          "start": {
            "line": 40,
            "column": 62
          },
          "end": {
            "line": 40,
            "column": null
          }
        },
        "loc": {
          "start": {
            "line": 44,
            "column": 24
          },
          "end": {
            "line": 44,
            "column": 43
          }
        }
      },
      "10": {
        "name": "(anonymous_10)",
        "decl": {
          "start": {
            "line": 44,
            "column": 43
          },
          "end": {
            "line": 44,
            "column": null
          }
        },
        "loc": {
          "start": {
            "line": 45,
            "column": 35
          },
          "end": {
            "line": 45,
            "column": 62
          }
        }
      },
      "11": {
        "name": "(anonymous_11)",
        "decl": {
          "start": {
            "line": 45,
            "column": 62
          },
          "end": {
            "line": 45,
            "column": null
          }
        },
        "loc": {
          "start": {
            "line": 46,
            "column": 31
          },
          "end": {
            "line": 46,
            "column": 58
          }
        }
      },
      "12": {
        "name": "(anonymous_12)",
        "decl": {
          "start": {
            "line": 51,
            "column": 6
          },
          "end": {
            "line": 51,
            "column": null
          }
        },
        "loc": {
          "start": {
            "line": 55,
            "column": 35
          },
          "end": {
            "line": 55,
            "column": 64
          }
        }
      },
      "13": {
        "name": "(anonymous_13)",
        "decl": {
          "start": {
            "line": 55,
            "column": 64
          },
          "end": {
            "line": 55,
            "column": null
          }
        },
        "loc": {
          "start": {
            "line": 56,
            "column": 35
          },
          "end": {
            "line": 56,
            "column": 64
          }
        }
      },
      "14": {
        "name": "(anonymous_14)",
        "decl": {
          "start": {
            "line": 56,
            "column": 64
          },
          "end": {
            "line": 56,
            "column": null
          }
        },
        "loc": {
          "start": {
            "line": 61,
            "column": 33
          },
          "end": {
            "line": 61,
            "column": 52
          }
        }
      },
      "15": {
        "name": "(anonymous_15)",
        "decl": {
          "start": {
            "line": 61,
            "column": 52
          },
          "end": {
            "line": 61,
            "column": null
          }
        },
        "loc": {
          "start": {
            "line": 62,
            "column": 22
          },
          "end": {
            "line": 62,
            "column": 41
          }
        }
      }
    },
    "branchMap": {},
    "s": {
      "0": 25,
      "1": 25,
      "2": 79,
      "3": 79,
      "4": 79,
      "5": 25,
      "6": 79,
      "7": 79,
      "8": 79,
      "9": 25,
      "10": 79,
      "11": 79,
      "12": 25,
      "13": 79,
      "14": 79,
      "15": 79,
      "16": 79,
      "17": 79,
      "18": 79,
      "19": 79,
      "20": 79
    },
    "f": {
      "0": 79,
      "1": 79,
      "2": 79,
      "3": 79,
      "4": 79,
      "5": 79,
      "6": 79,
      "7": 79,
      "8": 79,
      "9": 79,
      "10": 79,
      "11": 79,
      "12": 79,
      "13": 79,
      "14": 79,
      "15": 79
    },
    "b": {}
  },
  "D:/Work/Projects/DSpot/friends_app/src/components/Button/Button.tsx": {
    "path": "D:/Work/Projects/DSpot/friends_app/src/components/Button/Button.tsx",
    "statementMap": {
      "0": {
        "start": {
          "line": 1,
          "column": 0
        },
        "end": {
          "line": 1,
          "column": null
        }
      },
      "1": {
        "start": {
          "line": 6,
          "column": 7
        },
        "end": {
          "line": 9,
          "column": 5
        }
      },
      "2": {
        "start": {
          "line": 8,
          "column": 4
        },
        "end": {
          "line": 8,
          "column": null
        }
      },
      "3": {
        "start": {
          "line": 9,
          "column": 5
        },
        "end": {
          "line": 9,
          "column": null
        }
      },
      "4": {
        "start": {
          "line": 11,
          "column": 0
        },
        "end": {
          "line": 11,
          "column": 30
        }
      },
      "5": {
        "start": {
          "line": 11,
          "column": 30
        },
        "end": {
          "line": 11,
          "column": null
        }
      }
    },
    "fnMap": {
      "0": {
        "name": "(anonymous_0)",
        "decl": {
          "start": {
            "line": 1,
            "column": 0
          },
          "end": {
            "line": 1,
            "column": null
          }
        },
        "loc": {
          "start": {
            "line": 1,
            "column": 0
          },
          "end": {
            "line": 1,
            "column": null
          }
        }
      },
      "1": {
        "name": "(anonymous_1)",
        "decl": {
          "start": {
            "line": 6,
            "column": 7
          },
          "end": {
            "line": 6,
            "column": null
          }
        },
        "loc": {
          "start": {
            "line": 6,
            "column": 7
          },
          "end": {
            "line": 9,
            "column": 5
          }
        }
      }
    },
    "branchMap": {
      "0": {
        "loc": {
          "start": {
            "line": 1,
            "column": 0
          },
          "end": {
            "line": 1,
            "column": null
          }
        },
        "type": "if",
        "locations": [
          {
            "start": {
              "line": 1,
              "column": 0
            },
            "end": {
              "line": 1,
              "column": null
            }
          }
        ]
      }
    },
    "s": {
      "0": 200,
      "1": 25,
      "2": 79,
      "3": 25,
      "4": 25,
      "5": 50
    },
    "f": {
      "0": 50,
      "1": 79
    },
    "b": {
      "0": [
        25
      ]
    }
  },
  "D:/Work/Projects/DSpot/friends_app/src/components/Availability/Availability.tsx": {
    "path": "D:/Work/Projects/DSpot/friends_app/src/components/Availability/Availability.tsx",
    "statementMap": {
      "0": {
        "start": {
          "line": 1,
          "column": 26
        },
        "end": {
          "line": 1,
          "column": null
        }
      },
      "1": {
        "start": {
          "line": 7,
          "column": 7
        },
        "end": {
          "line": 21,
          "column": 2
        }
      },
      "2": {
        "start": {
          "line": 12,
          "column": 2
        },
        "end": {
          "line": 13,
          "column": null
        }
      },
      "3": {
        "start": {
          "line": 21,
          "column": 2
        },
        "end": {
          "line": 21,
          "column": null
        }
      },
      "4": {
        "start": {
          "line": 7,
          "column": 48
        },
        "end": {
          "line": 7,
          "column": 52
        }
      }
    },
    "fnMap": {
      "0": {
        "name": "(anonymous_0)",
        "decl": {
          "start": {
            "line": 1,
            "column": 26
          },
          "end": {
            "line": 1,
            "column": null
          }
        },
        "loc": {
          "start": {
            "line": 1,
            "column": 26
          },
          "end": {
            "line": 1,
            "column": null
          }
        }
      },
      "1": {
        "name": "(anonymous_1)",
        "decl": {
          "start": {
            "line": 7,
            "column": 7
          },
          "end": {
            "line": 7,
            "column": 48
          }
        },
        "loc": {
          "start": {
            "line": 11,
            "column": 0
          },
          "end": {
            "line": 21,
            "column": 2
          }
        }
      }
    },
    "branchMap": {
      "0": {
        "loc": {
          "start": {
            "line": 1,
            "column": 26
          },
          "end": {
            "line": 1,
            "column": null
          }
        },
        "type": "if",
        "locations": [
          {
            "start": {
              "line": 1,
              "column": 26
            },
            "end": {
              "line": 1,
              "column": null
            }
          }
        ]
      },
      "1": {
        "loc": {
          "start": {
            "line": 8,
            "column": 2
          },
          "end": {
            "line": 8,
            "column": null
          }
        },
        "type": "default-arg",
        "locations": [
          {
            "start": {
              "line": 8,
              "column": 2
            },
            "end": {
              "line": 8,
              "column": null
            }
          }
        ]
      },
      "2": {
        "loc": {
          "start": {
            "line": 12,
            "column": 2
          },
          "end": {
            "line": 12,
            "column": null
          }
        },
        "type": "binary-expr",
        "locations": [
          {
            "start": {
              "line": 12,
              "column": 2
            },
            "end": {
              "line": 12,
              "column": null
            }
          },
          {
            "start": {
              "line": 12,
              "column": 2
            },
            "end": {
              "line": 12,
              "column": null
            }
          }
        ]
      }
    },
    "s": {
      "0": 147,
      "1": 21,
      "2": 65,
      "3": 21,
      "4": 21
    },
    "f": {
      "0": 21,
      "1": 65
    },
    "b": {
      "0": [
        21
      ],
      "1": [
        49
      ],
      "2": [
        65,
        3
      ]
    }
  },
  "D:/Work/Projects/DSpot/friends_app/src/components/Status/styles.tsx": {
    "path": "D:/Work/Projects/DSpot/friends_app/src/components/Status/styles.tsx",
    "statementMap": {
      "0": {
        "start": {
          "line": 3,
          "column": 7
        },
        "end": {
          "line": 15,
          "column": null
        }
      },
      "1": {
        "start": {
          "line": 6,
          "column": 31
        },
        "end": {
          "line": 6,
          "column": 60
        }
      },
      "2": {
        "start": {
          "line": 15,
          "column": 20
        },
        "end": {
          "line": 15,
          "column": 49
        }
      }
    },
    "fnMap": {
      "0": {
        "name": "(anonymous_0)",
        "decl": {
          "start": {
            "line": 3,
            "column": 38
          },
          "end": {
            "line": 3,
            "column": null
          }
        },
        "loc": {
          "start": {
            "line": 6,
            "column": 31
          },
          "end": {
            "line": 6,
            "column": 60
          }
        }
      },
      "1": {
        "name": "(anonymous_1)",
        "decl": {
          "start": {
            "line": 6,
            "column": 60
          },
          "end": {
            "line": 6,
            "column": null
          }
        },
        "loc": {
          "start": {
            "line": 15,
            "column": 20
          },
          "end": {
            "line": 15,
            "column": 49
          }
        }
      }
    },
    "branchMap": {},
    "s": {
      "0": 20,
      "1": 65,
      "2": 65
    },
    "f": {
      "0": 65,
      "1": 65
    },
    "b": {}
  },
  "D:/Work/Projects/DSpot/friends_app/src/components/Status/Status.tsx": {
    "path": "D:/Work/Projects/DSpot/friends_app/src/components/Status/Status.tsx",
    "statementMap": {
      "0": {
        "start": {
          "line": 1,
          "column": 26
        },
        "end": {
          "line": 1,
          "column": null
        }
      },
      "1": {
        "start": {
          "line": 5,
          "column": 7
        },
        "end": {
          "line": 12,
          "column": 2
        }
      },
      "2": {
        "start": {
          "line": 6,
          "column": 2
        },
        "end": {
          "line": 7,
          "column": null
        }
      },
      "3": {
        "start": {
          "line": 12,
          "column": 2
        },
        "end": {
          "line": 12,
          "column": null
        }
      },
      "4": {
        "start": {
          "line": 5,
          "column": 36
        },
        "end": {
          "line": 5,
          "column": 40
        }
      }
    },
    "fnMap": {
      "0": {
        "name": "(anonymous_0)",
        "decl": {
          "start": {
            "line": 1,
            "column": 26
          },
          "end": {
            "line": 1,
            "column": null
          }
        },
        "loc": {
          "start": {
            "line": 1,
            "column": 26
          },
          "end": {
            "line": 1,
            "column": null
          }
        }
      },
      "1": {
        "name": "(anonymous_1)",
        "decl": {
          "start": {
            "line": 5,
            "column": 7
          },
          "end": {
            "line": 5,
            "column": 36
          }
        },
        "loc": {
          "start": {
            "line": 5,
            "column": 68
          },
          "end": {
            "line": 12,
            "column": 2
          }
        }
      }
    },
    "branchMap": {
      "0": {
        "loc": {
          "start": {
            "line": 1,
            "column": 26
          },
          "end": {
            "line": 1,
            "column": null
          }
        },
        "type": "if",
        "locations": [
          {
            "start": {
              "line": 1,
              "column": 26
            },
            "end": {
              "line": 1,
              "column": null
            }
          }
        ]
      },
      "1": {
        "loc": {
          "start": {
            "line": 6,
            "column": 2
          },
          "end": {
            "line": 6,
            "column": null
          }
        },
        "type": "binary-expr",
        "locations": [
          {
            "start": {
              "line": 6,
              "column": 2
            },
            "end": {
              "line": 6,
              "column": null
            }
          },
          {
            "start": {
              "line": 6,
              "column": 2
            },
            "end": {
              "line": 6,
              "column": null
            }
          }
        ]
      }
    },
    "s": {
      "0": 140,
      "1": 20,
      "2": 65,
      "3": 20,
      "4": 20
    },
    "f": {
      "0": 20,
      "1": 65
    },
    "b": {
      "0": [
        20
      ],
      "1": [
        65,
        65
      ]
    }
  },
  "D:/Work/Projects/DSpot/friends_app/src/components/Img/styles.tsx": {
    "path": "D:/Work/Projects/DSpot/friends_app/src/components/Img/styles.tsx",
    "statementMap": {
      "0": {
        "start": {
          "line": 3,
          "column": 7
        },
        "end": {
          "line": 8,
          "column": null
        }
      },
      "1": {
        "start": {
          "line": 8,
          "column": 31
        },
        "end": {
          "line": 8,
          "column": 60
        }
      },
      "2": {
        "start": {
          "line": 11,
          "column": 7
        },
        "end": {
          "line": 11,
          "column": null
        }
      }
    },
    "fnMap": {
      "0": {
        "name": "(anonymous_0)",
        "decl": {
          "start": {
            "line": 3,
            "column": 33
          },
          "end": {
            "line": 3,
            "column": null
          }
        },
        "loc": {
          "start": {
            "line": 8,
            "column": 31
          },
          "end": {
            "line": 8,
            "column": 60
          }
        }
      }
    },
    "branchMap": {},
    "s": {
      "0": 23,
      "1": 115,
      "2": 23
    },
    "f": {
      "0": 115
    },
    "b": {}
  },
  "D:/Work/Projects/DSpot/friends_app/src/components/Img/Img.tsx": {
    "path": "D:/Work/Projects/DSpot/friends_app/src/components/Img/Img.tsx",
    "statementMap": {
      "0": {
        "start": {
          "line": 1,
          "column": 26
        },
        "end": {
          "line": 1,
          "column": null
        }
      },
      "1": {
        "start": {
          "line": 5,
          "column": 7
        },
        "end": {
          "line": 16,
          "column": 2
        }
      },
      "2": {
        "start": {
          "line": 6,
          "column": 2
        },
        "end": {
          "line": 7,
          "column": null
        }
      },
      "3": {
        "start": {
          "line": 6,
          "column": 2
        },
        "end": {
          "line": 6,
          "column": null
        }
      },
      "4": {
        "start": {
          "line": 16,
          "column": 2
        },
        "end": {
          "line": 16,
          "column": null
        }
      },
      "5": {
        "start": {
          "line": 5,
          "column": 30
        },
        "end": {
          "line": 5,
          "column": 34
        }
      }
    },
    "fnMap": {
      "0": {
        "name": "(anonymous_0)",
        "decl": {
          "start": {
            "line": 1,
            "column": 26
          },
          "end": {
            "line": 1,
            "column": null
          }
        },
        "loc": {
          "start": {
            "line": 1,
            "column": 26
          },
          "end": {
            "line": 1,
            "column": null
          }
        }
      },
      "1": {
        "name": "(anonymous_1)",
        "decl": {
          "start": {
            "line": 5,
            "column": 7
          },
          "end": {
            "line": 5,
            "column": 30
          }
        },
        "loc": {
          "start": {
            "line": 5,
            "column": 56
          },
          "end": {
            "line": 16,
            "column": 2
          }
        }
      },
      "2": {
        "name": "(anonymous_2)",
        "decl": {
          "start": {
            "line": 6,
            "column": 2
          },
          "end": {
            "line": 6,
            "column": null
          }
        },
        "loc": {
          "start": {
            "line": 6,
            "column": 2
          },
          "end": {
            "line": 6,
            "column": null
          }
        }
      }
    },
    "branchMap": {
      "0": {
        "loc": {
          "start": {
            "line": 1,
            "column": 26
          },
          "end": {
            "line": 1,
            "column": null
          }
        },
        "type": "if",
        "locations": [
          {
            "start": {
              "line": 1,
              "column": 26
            },
            "end": {
              "line": 1,
              "column": null
            }
          }
        ]
      },
      "1": {
        "loc": {
          "start": {
            "line": 6,
            "column": 2
          },
          "end": {
            "line": 6,
            "column": null
          }
        },
        "type": "binary-expr",
        "locations": [
          {
            "start": {
              "line": 6,
              "column": 2
            },
            "end": {
              "line": 6,
              "column": null
            }
          },
          {
            "start": {
              "line": 6,
              "column": 2
            },
            "end": {
              "line": 6,
              "column": null
            }
          }
        ]
      }
    },
    "s": {
      "0": 161,
      "1": 23,
      "2": 115,
      "3": 0,
      "4": 23,
      "5": 23
    },
    "f": {
      "0": 23,
      "1": 115,
      "2": 0
    },
    "b": {
      "0": [
        23
      ],
      "1": [
        230,
        182
      ]
    }
  },
  "D:/Work/Projects/DSpot/friends_app/src/components/SectionContainer/styles.tsx": {
    "path": "D:/Work/Projects/DSpot/friends_app/src/components/SectionContainer/styles.tsx",
    "statementMap": {
      "0": {
        "start": {
          "line": 3,
          "column": 7
        },
        "end": {
          "line": 3,
          "column": null
        }
      }
    },
    "fnMap": {},
    "branchMap": {},
    "s": {
      "0": 14
    },
    "f": {},
    "b": {}
  },
  "D:/Work/Projects/DSpot/friends_app/src/components/SectionContainer/SectionContainer.tsx": {
    "path": "D:/Work/Projects/DSpot/friends_app/src/components/SectionContainer/SectionContainer.tsx",
    "statementMap": {
      "0": {
        "start": {
          "line": 1,
          "column": 26
        },
        "end": {
          "line": 1,
          "column": null
        }
      },
      "1": {
        "start": {
          "line": 5,
          "column": 7
        },
        "end": {
          "line": 10,
          "column": 2
        }
      },
      "2": {
        "start": {
          "line": 9,
          "column": 2
        },
        "end": {
          "line": 9,
          "column": null
        }
      },
      "3": {
        "start": {
          "line": 10,
          "column": 2
        },
        "end": {
          "line": 10,
          "column": null
        }
      },
      "4": {
        "start": {
          "line": 5,
          "column": 56
        },
        "end": {
          "line": 5,
          "column": 60
        }
      }
    },
    "fnMap": {
      "0": {
        "name": "(anonymous_0)",
        "decl": {
          "start": {
            "line": 1,
            "column": 26
          },
          "end": {
            "line": 1,
            "column": null
          }
        },
        "loc": {
          "start": {
            "line": 1,
            "column": 26
          },
          "end": {
            "line": 1,
            "column": null
          }
        }
      },
      "1": {
        "name": "(anonymous_1)",
        "decl": {
          "start": {
            "line": 5,
            "column": 7
          },
          "end": {
            "line": 5,
            "column": 56
          }
        },
        "loc": {
          "start": {
            "line": 8,
            "column": 0
          },
          "end": {
            "line": 10,
            "column": 2
          }
        }
      }
    },
    "branchMap": {
      "0": {
        "loc": {
          "start": {
            "line": 1,
            "column": 26
          },
          "end": {
            "line": 1,
            "column": null
          }
        },
        "type": "if",
        "locations": [
          {
            "start": {
              "line": 1,
              "column": 26
            },
            "end": {
              "line": 1,
              "column": null
            }
          }
        ]
      },
      "1": {
        "loc": {
          "start": {
            "line": 9,
            "column": 2
          },
          "end": {
            "line": 9,
            "column": 9
          }
        },
        "type": "binary-expr",
        "locations": [
          {
            "start": {
              "line": 9,
              "column": 2
            },
            "end": {
              "line": 9,
              "column": 9
            }
          },
          {
            "start": {
              "line": 9,
              "column": 2
            },
            "end": {
              "line": 9,
              "column": 9
            }
          }
        ]
      }
    },
    "s": {
      "0": 98,
      "1": 14,
      "2": 30,
      "3": 14,
      "4": 14
    },
    "f": {
      "0": 14,
      "1": 30
    },
    "b": {
      "0": [
        14
      ],
      "1": [
        30,
        30
      ]
    }
  },
  "D:/Work/Projects/DSpot/friends_app/src/components/Section/Section.tsx": {
    "path": "D:/Work/Projects/DSpot/friends_app/src/components/Section/Section.tsx",
    "statementMap": {
      "0": {
        "start": {
          "line": 3,
          "column": 7
        },
        "end": {
          "line": 3,
          "column": null
        }
      }
    },
    "fnMap": {},
    "branchMap": {},
    "s": {
      "0": 11
    },
    "f": {},
    "b": {}
  },
  "D:/Work/Projects/DSpot/friends_app/src/shared/animations/skeleton.ts": {
    "path": "D:/Work/Projects/DSpot/friends_app/src/shared/animations/skeleton.ts",
    "statementMap": {
      "0": {
        "start": {
          "line": 3,
          "column": 26
        },
        "end": {
          "line": 3,
          "column": null
        }
      },
      "1": {
        "start": {
          "line": 12,
          "column": 31
        },
        "end": {
          "line": 13,
          "column": null
        }
      },
      "2": {
        "start": {
          "line": 12,
          "column": 71
        },
        "end": {
          "line": 13,
          "column": null
        }
      }
    },
    "fnMap": {
      "0": {
        "name": "(anonymous_0)",
        "decl": {
          "start": {
            "line": 12,
            "column": 31
          },
          "end": {
            "line": 12,
            "column": 32
          }
        },
        "loc": {
          "start": {
            "line": 12,
            "column": 71
          },
          "end": {
            "line": 13,
            "column": null
          }
        }
      }
    },
    "branchMap": {
      "0": {
        "loc": {
          "start": {
            "line": 12,
            "column": 34
          },
          "end": {
            "line": 12,
            "column": 46
          }
        },
        "type": "default-arg",
        "locations": [
          {
            "start": {
              "line": 12,
              "column": 41
            },
            "end": {
              "line": 12,
              "column": 46
            }
          }
        ]
      }
    },
    "s": {
      "0": 20,
      "1": 20,
      "2": 48
    },
    "f": {
      "0": 48
    },
    "b": {
      "0": [
        48
      ]
    }
  },
  "D:/Work/Projects/DSpot/friends_app/src/shared/animations/fadeIn.ts": {
    "path": "D:/Work/Projects/DSpot/friends_app/src/shared/animations/fadeIn.ts",
    "statementMap": {
      "0": {
        "start": {
          "line": 3,
          "column": 24
        },
        "end": {
          "line": 3,
          "column": null
        }
      },
      "1": {
        "start": {
          "line": 14,
          "column": 22
        },
        "end": {
          "line": 21,
          "column": null
        }
      },
      "2": {
        "start": {
          "line": 20,
          "column": 6
        },
        "end": {
          "line": 21,
          "column": null
        }
      }
    },
    "fnMap": {
      "0": {
        "name": "(anonymous_0)",
        "decl": {
          "start": {
            "line": 14,
            "column": 22
          },
          "end": {
            "line": 14,
            "column": 23
          }
        },
        "loc": {
          "start": {
            "line": 20,
            "column": 6
          },
          "end": {
            "line": 21,
            "column": null
          }
        }
      }
    },
    "branchMap": {
      "0": {
        "loc": {
          "start": {
            "line": 15,
            "column": 2
          },
          "end": {
            "line": 15,
            "column": null
          }
        },
        "type": "default-arg",
        "locations": [
          {
            "start": {
              "line": 15,
              "column": 9
            },
            "end": {
              "line": 15,
              "column": null
            }
          }
        ]
      },
      "1": {
        "loc": {
          "start": {
            "line": 16,
            "column": 2
          },
          "end": {
            "line": 16,
            "column": null
          }
        },
        "type": "default-arg",
        "locations": [
          {
            "start": {
              "line": 16,
              "column": 9
            },
            "end": {
              "line": 16,
              "column": null
            }
          }
        ]
      }
    },
    "s": {
      "0": 20,
      "1": 20,
      "2": 19
    },
    "f": {
      "0": 19
    },
    "b": {
      "0": [
        19
      ],
      "1": [
        19
      ]
    }
  },
  "D:/Work/Projects/DSpot/friends_app/src/shared/animations/scaleOut.ts": {
    "path": "D:/Work/Projects/DSpot/friends_app/src/shared/animations/scaleOut.ts",
    "statementMap": {
      "0": {
        "start": {
          "line": 3,
          "column": 23
        },
        "end": {
          "line": 3,
          "column": null
        }
      },
      "1": {
        "start": {
          "line": 14,
          "column": 24
        },
        "end": {
          "line": 15,
          "column": null
        }
      },
      "2": {
        "start": {
          "line": 14,
          "column": 66
        },
        "end": {
          "line": 15,
          "column": null
        }
      }
    },
    "fnMap": {
      "0": {
        "name": "(anonymous_0)",
        "decl": {
          "start": {
            "line": 14,
            "column": 24
          },
          "end": {
            "line": 14,
            "column": 25
          }
        },
        "loc": {
          "start": {
            "line": 14,
            "column": 66
          },
          "end": {
            "line": 15,
            "column": null
          }
        }
      }
    },
    "branchMap": {
      "0": {
        "loc": {
          "start": {
            "line": 14,
            "column": 27
          },
          "end": {
            "line": 14,
            "column": 41
          }
        },
        "type": "default-arg",
        "locations": [
          {
            "start": {
              "line": 14,
              "column": 34
            },
            "end": {
              "line": 14,
              "column": 41
            }
          }
        ]
      }
    },
    "s": {
      "0": 20,
      "1": 20,
      "2": 11
    },
    "f": {
      "0": 11
    },
    "b": {
      "0": [
        11
      ]
    }
  },
  "D:/Work/Projects/DSpot/friends_app/src/components/FriendCard/styles.tsx": {
    "path": "D:/Work/Projects/DSpot/friends_app/src/components/FriendCard/styles.tsx",
    "statementMap": {
      "0": {
        "start": {
          "line": 7,
          "column": 7
        },
        "end": {
          "line": 7,
          "column": null
        }
      },
      "1": {
        "start": {
          "line": 18,
          "column": 7
        },
        "end": {
          "line": 18,
          "column": null
        }
      },
      "2": {
        "start": {
          "line": 29,
          "column": 7
        },
        "end": {
          "line": 30,
          "column": null
        }
      },
      "3": {
        "start": {
          "line": 33,
          "column": 7
        },
        "end": {
          "line": 35,
          "column": null
        }
      },
      "4": {
        "start": {
          "line": 38,
          "column": 7
        },
        "end": {
          "line": 38,
          "column": null
        }
      },
      "5": {
        "start": {
          "line": 45,
          "column": 7
        },
        "end": {
          "line": 45,
          "column": null
        }
      },
      "6": {
        "start": {
          "line": 60,
          "column": 7
        },
        "end": {
          "line": 60,
          "column": null
        }
      }
    },
    "fnMap": {},
    "branchMap": {},
    "s": {
      "0": 19,
      "1": 19,
      "2": 19,
      "3": 19,
      "4": 19,
      "5": 19,
      "6": 19
    },
    "f": {},
    "b": {}
  },
  "D:/Work/Projects/DSpot/friends_app/src/components/FriendCard/FriendCard.tsx": {
    "path": "D:/Work/Projects/DSpot/friends_app/src/components/FriendCard/FriendCard.tsx",
    "statementMap": {
      "0": {
        "start": {
          "line": 1,
          "column": 26
        },
        "end": {
          "line": 1,
          "column": null
        }
      },
      "1": {
        "start": {
          "line": 16,
          "column": 7
        },
        "end": {
          "line": 51,
          "column": 2
        }
      },
      "2": {
        "start": {
          "line": 26,
          "column": 2
        },
        "end": {
          "line": 27,
          "column": null
        }
      },
      "3": {
        "start": {
          "line": 39,
          "column": 6
        },
        "end": {
          "line": 39,
          "column": null
        }
      },
      "4": {
        "start": {
          "line": 51,
          "column": 2
        },
        "end": {
          "line": 51,
          "column": null
        }
      },
      "5": {
        "start": {
          "line": 16,
          "column": 44
        },
        "end": {
          "line": 16,
          "column": 48
        }
      }
    },
    "fnMap": {
      "0": {
        "name": "(anonymous_0)",
        "decl": {
          "start": {
            "line": 1,
            "column": 26
          },
          "end": {
            "line": 1,
            "column": null
          }
        },
        "loc": {
          "start": {
            "line": 1,
            "column": 26
          },
          "end": {
            "line": 1,
            "column": null
          }
        }
      },
      "1": {
        "name": "(anonymous_1)",
        "decl": {
          "start": {
            "line": 16,
            "column": 7
          },
          "end": {
            "line": 16,
            "column": 44
          }
        },
        "loc": {
          "start": {
            "line": 25,
            "column": 0
          },
          "end": {
            "line": 51,
            "column": 2
          }
        }
      },
      "2": {
        "name": "(anonymous_2)",
        "decl": {
          "start": {
            "line": 39,
            "column": 6
          },
          "end": {
            "line": 39,
            "column": null
          }
        },
        "loc": {
          "start": {
            "line": 39,
            "column": 6
          },
          "end": {
            "line": 39,
            "column": null
          }
        }
      }
    },
    "branchMap": {
      "0": {
        "loc": {
          "start": {
            "line": 1,
            "column": 26
          },
          "end": {
            "line": 1,
            "column": null
          }
        },
        "type": "if",
        "locations": [
          {
            "start": {
              "line": 1,
              "column": 26
            },
            "end": {
              "line": 1,
              "column": null
            }
          }
        ]
      },
      "1": {
        "loc": {
          "start": {
[...]
        }
      },
      "3": {
        "start": {
          "line": 9,
          "column": 4
        },
        "end": {
          "line": 9,
          "column": null
        }
      },
      "4": {
        "start": {
          "line": 11,
          "column": 2
        },
        "end": {
          "line": 13,
          "column": null
        }
      },
      "5": {
        "start": {
          "line": 12,
          "column": 4
        },
        "end": {
          "line": 12,
          "column": null
        }
      },
      "6": {
        "start": {
          "line": 15,
          "column": 2
        },
        "end": {
          "line": 19,
          "column": null
        }
      },
      "7": {
        "start": {
          "line": 16,
          "column": 4
        },
        "end": {
          "line": 18,
          "column": null
        }
      },
      "8": {
        "start": {
          "line": 17,
          "column": 6
        },
        "end": {
          "line": 17,
          "column": null
        }
      },
      "9": {
        "start": {
          "line": 21,
          "column": 2
        },
        "end": {
          "line": 21,
          "column": null
        }
      },
      "10": {
        "start": {
          "line": 22,
          "column": 2
        },
        "end": {
          "line": 9,
          "column": null
        }
      },
      "11": {
        "start": {
          "line": 6,
          "column": 23
        },
        "end": {
          "line": 9,
          "column": null
        }
      }
    },
    "fnMap": {
      "0": {
        "name": "(anonymous_1)",
        "decl": {
          "start": {
            "line": 6,
            "column": 26
          },
          "end": {
            "line": 6,
            "column": 32
          }
        },
        "loc": {
          "start": {
            "line": 6,
            "column": 32
          },
          "end": {
            "line": 22,
            "column": 2
          }
        }
      },
      "1": {
        "name": "(anonymous_2)",
        "decl": {
          "start": {
            "line": 11,
            "column": 12
          },
          "end": {
            "line": 11,
            "column": 18
          }
        },
        "loc": {
          "start": {
            "line": 11,
            "column": 18
          },
          "end": {
            "line": 13,
            "column": 5
          }
        }
      },
      "2": {
        "name": "(anonymous_3)",
        "decl": {
          "start": {
            "line": 15,
            "column": 12
          },
          "end": {
            "line": 15,
            "column": 18
          }
        },
        "loc": {
          "start": {
            "line": 15,
            "column": 18
          },
          "end": {
            "line": 19,
            "column": 5
          }
        }
      },
      "3": {
        "name": "(anonymous_4)",
        "decl": {
          "start": {
            "line": 6,
            "column": 23
          },
          "end": {
            "line": 6,
            "column": 26
          }
        },
        "loc": {
          "start": {
            "line": 6,
            "column": 23
          },
          "end": {
            "line": 9,
            "column": null
          }
        }
      }
    },
    "branchMap": {
      "0": {
        "loc": {
          "start": {
            "line": 16,
            "column": 4
          },
          "end": {
            "line": 18,
            "column": null
          }
        },
        "type": "if",
        "locations": [
          {
            "start": {
              "line": 16,
              "column": 4
            },
            "end": {
              "line": 18,
              "column": null
            }
          }
        ]
      },
      "1": {
        "loc": {
          "start": {
            "line": 16,
            "column": 8
          },
          "end": {
            "line": 16,
            "column": 27
          }
        },
        "type": "binary-expr",
        "locations": [
          {
            "start": {
              "line": 16,
              "column": 8
            },
            "end": {
              "line": 16,
              "column": 16
            }
          },
          {
            "start": {
              "line": 16,
              "column": 16
            },
            "end": {
              "line": 16,
              "column": 27
            }
          }
        ]
      }
    },
    "s": {
      "0": 1,
      "1": 6,
      "2": 6,
      "3": 6,
      "4": 6,
      "5": 1,
      "6": 6,
      "7": 2,
      "8": 1,
      "9": 6,
      "10": 1,
      "11": 1
    },
    "f": {
      "0": 6,
      "1": 1,
      "2": 2,
      "3": 1
    },
    "b": {
      "0": [
        1
      ],
      "1": [
        2,
        1
      ]
    }
  },
  "D:/Work/Projects/DSpot/friends_app/src/store/slices/useDetails.ts": {
    "path": "D:/Work/Projects/DSpot/friends_app/src/store/slices/useDetails.ts",
    "statementMap": {
      "0": {
        "start": {
          "line": 3,
          "column": 31
        },
        "end": {
          "line": 9,
          "column": null
        }
      },
      "1": {
        "start": {
          "line": 4,
          "column": 27
        },
        "end": {
          "line": 8,
          "column": null
        }
      },
      "2": {
        "start": {
          "line": 6,
          "column": 19
        },
        "end": {
          "line": 6,
          "column": null
        }
      },
      "3": {
        "start": {
          "line": 11,
          "column": 42
        },
        "end": {
          "line": 11,
          "column": null
        }
      }
    },
    "fnMap": {
      "0": {
        "name": "(anonymous_0)",
        "decl": {
          "start": {
            "line": 4,
            "column": 13
          },
          "end": {
            "line": 4,
            "column": 14
          }
        },
        "loc": {
          "start": {
            "line": 4,
            "column": 27
          },
          "end": {
            "line": 8,
            "column": null
          }
        }
      },
      "1": {
        "name": "(anonymous_1)",
        "decl": {
          "start": {
            "line": 6,
            "column": 13
          },
          "end": {
            "line": 6,
            "column": 19
          }
        },
        "loc": {
          "start": {
            "line": 6,
            "column": 19
          },
          "end": {
            "line": 6,
            "column": null
          }
        }
      }
    },
    "branchMap": {},
    "s": {
      "0": 1,
      "1": 1,
      "2": 1,
      "3": 1
    },
    "f": {
      "0": 1,
      "1": 1
    },
    "b": {}
  },
  "D:/Work/Projects/DSpot/friends_app/src/shared/hooks/reduxHooks.ts": {
    "path": "D:/Work/Projects/DSpot/friends_app/src/shared/hooks/reduxHooks.ts",
    "statementMap": {
      "0": {
        "start": {
          "line": 5,
          "column": 30
        },
        "end": {
          "line": 5,
          "column": null
        }
      },
      "1": {
        "start": {
          "line": 5,
          "column": 36
        },
        "end": {
          "line": 5,
          "column": null
        }
      },
      "2": {
        "start": {
          "line": 6,
          "column": 63
        },
        "end": {
          "line": 6,
          "column": null
        }
      }
    },
    "fnMap": {
      "0": {
        "name": "(anonymous_0)",
        "decl": {
          "start": {
            "line": 5,
            "column": 30
          },
          "end": {
            "line": 5,
            "column": 36
          }
        },
        "loc": {
          "start": {
            "line": 5,
            "column": 36
          },
          "end": {
            "line": 5,
            "column": null
          }
        }
      }
    },
    "branchMap": {},
    "s": {
      "0": 1,
      "1": 6,
      "2": 1
    },
    "f": {
      "0": 6
    },
    "b": {}
  },
  "D:/Work/Projects/DSpot/friends_app/src/pages/Home/hooks/useDetails.tsx": {
    "path": "D:/Work/Projects/DSpot/friends_app/src/pages/Home/hooks/useDetails.tsx",
    "statementMap": {
      "0": {
        "start": {
          "line": 7,
          "column": 26
        },
        "end": {
          "line": 34,
          "column": 2
        }
      },
      "1": {
        "start": {
          "line": 7,
          "column": 32
        },
        "end": {
          "line": 7,
          "column": null
        }
      },
      "2": {
        "start": {
          "line": 8,
          "column": 44
        },
        "end": {
          "line": 8,
          "column": null
        }
      },
      "3": {
        "start": {
          "line": 9,
          "column": 44
        },
        "end": {
          "line": 9,
          "column": null
        }
      },
      "4": {
        "start": {
          "line": 10,
          "column": 19
        },
        "end": {
          "line": 10,
          "column": null
        }
      },
      "5": {
        "start": {
          "line": 12,
          "column": 21
        },
        "end": {
          "line": 19,
          "column": null
        }
      },
      "6": {
        "start": {
          "line": 14,
          "column": 6
        },
        "end": {
          "line": 16,
          "column": null
        }
      },
      "7": {
        "start": {
          "line": 15,
          "column": 8
        },
        "end": {
          "line": 15,
          "column": null
        }
      },
      "8": {
        "start": {
          "line": 17,
          "column": 6
        },
        "end": {
          "line": 17,
          "column": null
        }
      },
      "9": {
        "start": {
          "line": 22,
          "column": 2
        },
        "end": {
          "line": 24,
          "column": null
        }
      },
      "10": {
        "start": {
          "line": 23,
          "column": 4
        },
        "end": {
          "line": 23,
          "column": null
        }
      },
      "11": {
        "start": {
          "line": 26,
          "column": 2
        },
        "end": {
          "line": 31,
          "column": null
        }
      },
      "12": {
        "start": {
          "line": 27,
          "column": 4
        },
        "end": {
          "line": 30,
          "column": null
        }
      },
      "13": {
        "start": {
          "line": 28,
          "column": 6
        },
        "end": {
          "line": 28,
          "column": null
        }
      },
      "14": {
        "start": {
          "line": 29,
          "column": 6
        },
        "end": {
          "line": 29,
          "column": null
        }
      },
      "15": {
        "start": {
          "line": 33,
          "column": 2
        },
        "end": {
          "line": 33,
          "column": null
        }
      },
      "16": {
        "start": {
          "line": 34,
          "column": 2
        },
        "end": {
          "line": 10,
          "column": null
        }
      },
      "17": {
        "start": {
          "line": 7,
          "column": 23
        },
        "end": {
          "line": 10,
          "column": null
        }
      }
    },
    "fnMap": {
      "0": {
        "name": "(anonymous_1)",
        "decl": {
          "start": {
            "line": 7,
            "column": 26
          },
          "end": {
            "line": 7,
            "column": 32
          }
        },
        "loc": {
          "start": {
            "line": 7,
            "column": 32
          },
          "end": {
            "line": 34,
            "column": 2
          }
        }
      },
      "1": {
        "name": "(anonymous_2)",
        "decl": {
          "start": {
            "line": 13,
            "column": 4
          },
          "end": {
            "line": 13,
            "column": 5
          }
        },
        "loc": {
          "start": {
            "line": 13,
            "column": 20
          },
          "end": {
            "line": 18,
            "column": null
          }
        }
      },
      "2": {
        "name": "(anonymous_3)",
        "decl": {
          "start": {
            "line": 22,
            "column": 12
          },
          "end": {
            "line": 22,
            "column": 18
          }
        },
        "loc": {
          "start": {
            "line": 22,
            "column": 18
          },
          "end": {
            "line": 24,
            "column": 5
          }
        }
      },
      "3": {
        "name": "(anonymous_4)",
        "decl": {
          "start": {
            "line": 26,
            "column": 12
          },
          "end": {
            "line": 26,
            "column": 18
          }
        },
        "loc": {
          "start": {
            "line": 26,
            "column": 18
          },
          "end": {
            "line": 31,
            "column": 5
          }
        }
      },
      "4": {
        "name": "(anonymous_5)",
        "decl": {
          "start": {
            "line": 7,
            "column": 23
          },
          "end": {
            "line": 7,
            "column": 26
          }
        },
        "loc": {
          "start": {
            "line": 7,
            "column": 23
          },
          "end": {
            "line": 10,
            "column": null
          }
        }
      }
    },
    "branchMap": {
      "0": {
        "loc": {
          "start": {
            "line": 14,
            "column": 6
          },
          "end": {
            "line": 16,
            "column": null
          }
        },
        "type": "if",
        "locations": [
          {
            "start": {
              "line": 14,
              "column": 6
            },
            "end": {
              "line": 16,
              "column": null
            }
          }
        ]
      },
      "1": {
        "loc": {
          "start": {
            "line": 14,
            "column": 10
          },
          "end": {
            "line": 14,
            "column": 45
          }
        },
        "type": "binary-expr",
        "locations": [
          {
            "start": {
              "line": 14,
              "column": 10
            },
            "end": {
              "line": 14,
              "column": 27
            }
          },
          {
            "start": {
              "line": 14,
              "column": 27
            },
            "end": {
              "line": 14,
              "column": 45
            }
          }
        ]
      },
      "2": {
        "loc": {
          "start": {
            "line": 27,
            "column": 4
          },
          "end": {
            "line": 30,
            "column": null
          }
        },
        "type": "if",
        "locations": [
          {
            "start": {
              "line": 27,
              "column": 4
            },
            "end": {
              "line": 30,
              "column": null
            }
          }
        ]
      },
      "3": {
        "loc": {
          "start": {
            "line": 27,
            "column": 8
          },
          "end": {
            "line": 27,
            "column": 27
          }
        },
        "type": "binary-expr",
        "locations": [
          {
            "start": {
              "line": 27,
              "column": 8
            },
            "end": {
              "line": 27,
              "column": 16
            }
          },
          {
            "start": {
              "line": 27,
              "column": 16
            },
            "end": {
              "line": 27,
              "column": 27
            }
          }
        ]
      }
    },
    "s": {
      "0": 1,
      "1": 6,
      "2": 6,
      "3": 6,
      "4": 6,
      "5": 6,
      "6": 6,
      "7": 6,
      "8": 0,
      "9": 6,
      "10": 1,
      "11": 6,
      "12": 2,
      "13": 1,
      "14": 1,
      "15": 6,
      "16": 1,
      "17": 1
    },
    "f": {
      "0": 6,
      "1": 6,
      "2": 1,
      "3": 2,
      "4": 1
    },
    "b": {
      "0": [
        6
      ],
      "1": [
        6,
        6
      ],
      "2": [
        1
      ],
      "3": [
        2,
        1
      ]
    }
  },
  "D:/Work/Projects/DSpot/friends_app/src/pages/Home/Home.tsx": {
    "path": "D:/Work/Projects/DSpot/friends_app/src/pages/Home/Home.tsx",
    "statementMap": {
      "0": {
        "start": {
          "line": 5,
          "column": 20
        },
        "end": {
          "line": 22,
          "column": 2
        }
      },
      "1": {
        "start": {
          "line": 5,
          "column": 26
        },
        "end": {
          "line": 5,
          "column": null
        }
      },
      "2": {
        "start": {
          "line": 6,
          "column": 42
        },
        "end": {
          "line": 6,
          "column": null
        }
      },
      "3": {
        "start": {
          "line": 7,
          "column": 25
        },
        "end": {
          "line": 7,
          "column": null
        }
      },
      "4": {
        "start": {
          "line": 8,
          "column": 25
        },
        "end": {
          "line": 8,
          "column": null
        }
      },
      "5": {
        "start": {
          "line": 10,
          "column": 2
        },
        "end": {
          "line": 20,
          "column": null
        }
      },
      "6": {
        "start": {
          "line": 18,
          "column": 23
        },
        "end": {
          "line": 18,
          "column": 46
        }
      },
      "7": {
        "start": {
          "line": 22,
          "column": 2
        },
        "end": {
          "line": 8,
          "column": null
        }
      },
      "8": {
        "start": {
          "line": 5,
          "column": 17
        },
        "end": {
          "line": 8,
          "column": null
        }
      },
      "9": {
        "start": {
          "line": 8,
          "column": 41
        },
        "end": {
          "line": 5,
          "column": 17
        }
      },
      "10": {
        "start": {
          "line": 5,
          "column": 17
        },
        "end": {
          "line": 5,
          "column": 20
        }
      }
    },
    "fnMap": {
      "0": {
        "name": "(anonymous_1)",
        "decl": {
          "start": {
            "line": 5,
            "column": 20
          },
          "end": {
            "line": 5,
            "column": 26
          }
        },
        "loc": {
          "start": {
            "line": 5,
            "column": 26
          },
          "end": {
            "line": 22,
            "column": 2
          }
        }
      },
      "1": {
        "name": "(anonymous_2)",
        "decl": {
          "start": {
            "line": 18,
            "column": 17
          },
          "end": {
            "line": 18,
            "column": 23
          }
        },
        "loc": {
          "start": {
            "line": 18,
            "column": 23
          },
          "end": {
            "line": 18,
            "column": 46
          }
        }
      },
      "2": {
        "name": "(anonymous_3)",
        "decl": {
          "start": {
            "line": 5,
            "column": 17
          },
          "end": {
            "line": 5,
            "column": 20
          }
        },
        "loc": {
          "start": {
            "line": 5,
            "column": 17
          },
          "end": {
            "line": 8,
            "column": null
          }
        }
      }
    },
    "branchMap": {},
    "s": {
      "0": 1,
      "1": 6,
      "2": 6,
      "3": 6,
      "4": 6,
      "5": 6,
      "6": 0,
      "7": 1,
      "8": 1,
      "9": 1,
      "10": 1
    },
    "f": {
      "0": 6,
      "1": 0,
      "2": 1
    },
    "b": {}
  }
}