{
  "D:/Work/Projects/DSpot/friends_app/src/Theme/initial-theme.ts": {
    "path": "D:/Work/Projects/DSpot/friends_app/src/Theme/initial-theme.ts",
    "statementMap": {
      "0": {
        "start": {
          "line": 3,
          "column": 41
        },
        "end": {
          "line": 29,
          "column": null
        }
      }
    },
    "fnMap": {
      "0": {
        "name": "(anonymous_0)",
        "decl": {
          "start": {
            "line": 28,
            "column": 15
          },
          "end": {
            "line": 28,
            "column": 21
          }
        },
        "loc": {
          "start": {
            "line": 28,
            "column": 21
          },
          "end": {
            "line": 28,
            "column": null
          }
        }
      }
    },
    "branchMap": {},
    "s": {
      "0": 45
    },
    "f": {
      "0": 0
    },
    "b": {}
  },
  "D:/Work/Projects/DSpot/friends_app/src/Theme/Context.tsx": {
    "path": "D:/Work/Projects/DSpot/friends_app/src/Theme/Context.tsx",
    "statementMap": {
      "0": {
        "start": {
          "line": 6,
          "column": 23
        },
        "end": {
          "line": 8,
          "column": null
        }
      },
      "1": {
        "start": {
          "line": 18,
          "column": 28
        },
        "end": {
          "line": 18,
          "column": null
        }
      },
      "2": {
        "start": {
          "line": 20,
          "column": 23
        },
        "end": {
          "line": 30,
          "column": null
        }
      },
      "3": {
        "start": {
          "line": 21,
          "column": 2
        },
        "end": {
          "line": 28,
          "column": null
        }
      },
      "4": {
        "start": {
          "line": 23,
          "column": 6
        },
        "end": {
          "line": 26,
          "column": null
        }
      },
      "5": {
        "start": {
          "line": 28,
          "column": 6
        },
        "end": {
          "line": 28,
          "column": 19
        }
      },
      "6": {
        "start": {
          "line": 32,
          "column": 31
        },
        "end": {
          "line": 35,
          "column": 2
        }
      },
      "7": {
        "start": {
          "line": 32,
          "column": 37
        },
        "end": {
          "line": 32,
          "column": null
        }
      },
      "8": {
        "start": {
          "line": 33,
          "column": 16
        },
        "end": {
          "line": 33,
          "column": null
        }
      },
      "9": {
        "start": {
          "line": 34,
          "column": 2
        },
        "end": {
          "line": 34,
          "column": null
        }
      },
      "10": {
        "start": {
          "line": 35,
          "column": 2
        },
        "end": {
          "line": 32,
          "column": 31
        }
      }
    },
    "fnMap": {
      "0": {
        "name": "(anonymous_1)",
        "decl": {
          "start": {
            "line": 20,
            "column": 23
          },
          "end": {
            "line": 20,
            "column": 24
          }
        },
        "loc": {
          "start": {
            "line": 20,
            "column": 64
          },
          "end": {
            "line": 30,
            "column": null
          }
        }
      },
      "1": {
        "name": "(anonymous_2)",
        "decl": {
          "start": {
            "line": 32,
            "column": 31
          },
          "end": {
            "line": 32,
            "column": 37
          }
        },
        "loc": {
          "start": {
            "line": 32,
            "column": 37
          },
          "end": {
            "line": 35,
            "column": 2
          }
        }
      }
    },
    "branchMap": {
      "0": {
        "loc": {
          "start": {
            "line": 21,
            "column": 2
          },
          "end": {
            "line": 28,
            "column": null
          }
        },
        "type": "switch",
        "locations": [
          {
            "start": {
              "line": 22,
              "column": 4
            },
            "end": {
              "line": 26,
              "column": null
            }
          },
          {
            "start": {
              "line": 27,
              "column": 4
            },
            "end": {
              "line": 28,
              "column": 19
            }
          }
        ]
      }
    },
    "s": {
      "0": 45,
      "1": 45,
      "2": 45,
      "3": 0,
      "4": 0,
      "5": 0,
      "6": 45,
      "7": 0,
      "8": 0,
      "9": 0,
      "10": 45
    },
    "f": {
      "0": 0,
      "1": 0
    },
    "b": {
      "0": [
        0,
        0
      ]
    }
  },
  "D:/Work/Projects/DSpot/friends_app/src/Theme/GlobalStyles.tsx": {
    "path": "D:/Work/Projects/DSpot/friends_app/src/Theme/GlobalStyles.tsx",
    "statementMap": {
      "0": {
        "start": {
          "line": 3,
          "column": 7
        },
        "end": {
          "line": 10,
          "column": null
        }
      },
      "1": {
        "start": {
          "line": 5,
          "column": 33
        },
        "end": {
          "line": 5,
          "column": 62
        }
      },
      "2": {
        "start": {
          "line": 6,
          "column": 33
        },
        "end": {
          "line": 6,
          "column": 62
        }
      },
      "3": {
        "start": {
          "line": 7,
          "column": 30
        },
        "end": {
          "line": 7,
          "column": 49
        }
      },
      "4": {
        "start": {
          "line": 8,
          "column": 33
        },
        "end": {
          "line": 8,
          "column": 52
        }
      },
      "5": {
        "start": {
          "line": 9,
          "column": 32
        },
        "end": {
          "line": 9,
          "column": 51
        }
      },
      "6": {
        "start": {
          "line": 10,
          "column": 32
        },
        "end": {
          "line": 10,
          "column": 51
        }
      }
    },
    "fnMap": {
      "0": {
        "name": "(anonymous_0)",
        "decl": {
          "start": {
            "line": 3,
            "column": 28
          },
          "end": {
            "line": 3,
            "column": null
          }
        },
        "loc": {
          "start": {
            "line": 5,
            "column": 33
          },
          "end": {
            "line": 5,
            "column": 62
          }
        }
      },
      "1": {
        "name": "(anonymous_1)",
        "decl": {
          "start": {
            "line": 5,
            "column": 62
          },
          "end": {
            "line": 5,
            "column": null
          }
        },
        "loc": {
          "start": {
            "line": 6,
            "column": 33
          },
          "end": {
            "line": 6,
            "column": 62
          }
        }
      },
      "2": {
        "name": "(anonymous_2)",
        "decl": {
          "start": {
            "line": 6,
            "column": 62
          },
          "end": {
            "line": 6,
            "column": null
          }
        },
        "loc": {
          "start": {
            "line": 7,
            "column": 30
          },
          "end": {
            "line": 7,
            "column": 49
          }
        }
      },
      "3": {
        "name": "(anonymous_3)",
        "decl": {
          "start": {
            "line": 7,
            "column": 49
          },
          "end": {
            "line": 7,
            "column": null
          }
        },
        "loc": {
          "start": {
            "line": 8,
            "column": 33
          },
          "end": {
            "line": 8,
            "column": 52
          }
        }
      },
      "4": {
        "name": "(anonymous_4)",
        "decl": {
          "start": {
            "line": 8,
            "column": 52
          },
          "end": {
            "line": 8,
            "column": null
          }
        },
        "loc": {
          "start": {
            "line": 9,
            "column": 32
          },
          "end": {
            "line": 9,
            "column": 51
          }
        }
      },
      "5": {
        "name": "(anonymous_5)",
        "decl": {
          "start": {
            "line": 9,
            "column": 51
          },
          "end": {
            "line": 9,
            "column": null
          }
        },
        "loc": {
          "start": {
            "line": 10,
            "column": 32
          },
          "end": {
            "line": 10,
            "column": 51
          }
        }
      }
    },
    "branchMap": {},
    "s": {
      "0": 45,
      "1": 89,
      "2": 89,
      "3": 89,
      "4": 89,
      "5": 89,
      "6": 89
    },
    "f": {
      "0": 89,
      "1": 89,
      "2": 89,
      "3": 89,
      "4": 89,
      "5": 89
    },
    "b": {}
  },
  "D:/Work/Projects/DSpot/friends_app/src/Theme/Theme.tsx": {
    "path": "D:/Work/Projects/DSpot/friends_app/src/Theme/Theme.tsx",
    "statementMap": {
      "0": {
        "start": {
          "line": 14,
          "column": 7
        },
        "end": {
          "line": 35,
          "column": 2
        }
      },
      "1": {
        "start": {
          "line": 14,
          "column": 69
        },
        "end": {
          "line": 14,
          "column": null
        }
      },
      "2": {
        "start": {
          "line": 15,
          "column": 2
        },
        "end": {
          "line": 15,
          "column": null
        }
      },
      "3": {
        "start": {
          "line": 17,
          "column": 2
        },
        "end": {
          "line": 22,
          "column": null
        }
      },
      "4": {
        "start": {
          "line": 21,
          "column": 8
        },
        "end": {
          "line": 21,
          "column": 63
        }
      },
      "5": {
        "start": {
          "line": 27,
          "column": 2
        },
        "end": {
          "line": 28,
          "column": null
        }
      },
      "6": {
        "start": {
          "line": 35,
          "column": 2
        },
        "end": {
          "line": 35,
          "column": null
        }
      },
      "7": {
        "start": {
          "line": 14,
          "column": 48
        },
        "end": {
          "line": 14,
          "column": 52
        }
      }
    },
    "fnMap": {
      "0": {
        "name": "(anonymous_1)",
        "decl": {
          "start": {
            "line": 14,
            "column": 7
          },
          "end": {
            "line": 14,
            "column": 48
          }
        },
        "loc": {
          "start": {
            "line": 14,
            "column": 63
          },
          "end": {
            "line": 35,
            "column": 2
          }
        }
      },
      "1": {
        "name": "(anonymous_2)",
        "decl": {
          "start": {
            "line": 17,
            "column": 2
          },
          "end": {
            "line": 17,
            "column": null
          }
        },
        "loc": {
          "start": {
            "line": 17,
            "column": 2
          },
          "end": {
            "line": 22,
            "column": null
          }
        }
      },
      "2": {
        "name": "(anonymous_3)",
        "decl": {
          "start": {
            "line": 19,
            "column": 19
          },
          "end": {
            "line": 19,
            "column": null
          }
        },
        "loc": {
          "start": {
            "line": 19,
            "column": 19
          },
          "end": {
            "line": 21,
            "column": null
          }
        }
      }
    },
    "branchMap": {},
    "s": {
      "0": 45,
      "1": 0,
      "2": 0,
      "3": 0,
      "4": 0,
      "5": 0,
      "6": 45,
      "7": 90
    },
    "f": {
      "0": 0,
      "1": 0,
      "2": 0
    },
    "b": {}
  },
  "D:/Work/Projects/DSpot/friends_app/src/store/api/baseQuery.tsx": {
    "path": "D:/Work/Projects/DSpot/friends_app/src/store/api/baseQuery.tsx",
    "statementMap": {
      "0": {
        "start": {
          "line": 3,
          "column": 25
        },
        "end": {
          "line": 5,
          "column": null
        }
      }
    },
    "fnMap": {},
    "branchMap": {},
    "s": {
      "0": 45
    },
    "f": {},
    "b": {}
  },
  "D:/Work/Projects/DSpot/friends_app/src/store/api/apiSlice.tsx": {
    "path": "D:/Work/Projects/DSpot/friends_app/src/store/api/apiSlice.tsx",
    "statementMap": {
      "0": {
        "start": {
          "line": 4,
          "column": 24
        },
        "end": {
          "line": 7,
          "column": null
        }
      },
      "1": {
        "start": {
          "line": 6,
          "column": 27
        },
        "end": {
          "line": 6,
          "column": null
        }
      }
    },
    "fnMap": {
      "0": {
        "name": "(anonymous_0)",
        "decl": {
          "start": {
            "line": 6,
            "column": 14
          },
          "end": {
            "line": 6,
            "column": 27
          }
        },
        "loc": {
          "start": {
            "line": 6,
            "column": 27
          },
          "end": {
            "line": 6,
            "column": null
          }
        }
      }
    },
    "branchMap": {},
    "s": {
      "0": 45,
      "1": 45
    },
    "f": {
      "0": 45
    },
    "b": {}
  },
  "D:/Work/Projects/DSpot/friends_app/src/store/slices/detailSlice.ts": {
    "path": "D:/Work/Projects/DSpot/friends_app/src/store/slices/detailSlice.ts",
    "statementMap": {
      "0": {
        "start": {
          "line": 7,
          "column": 20
        },
        "end": {
          "line": 17,
          "column": null
        }
      },
      "1": {
        "start": {
          "line": 14,
          "column": 6
        },
        "end": {
          "line": 14,
          "column": null
        }
      },
      "2": {
        "start": {
          "line": 19,
          "column": 30
        },
        "end": {
          "line": 19,
          "column": null
        }
      },
      "3": {
        "start": {
          "line": 21,
          "column": 29
        },
        "end": {
          "line": 21,
          "column": null
        }
      },
      "4": {
        "start": {
          "line": 21,
          "column": 51
        },
        "end": {
          "line": 21,
          "column": null
        }
      }
    },
    "fnMap": {
      "0": {
        "name": "(anonymous_0)",
        "decl": {
          "start": {
            "line": 13,
            "column": 16
          },
          "end": {
            "line": 13,
            "column": 17
          }
        },
        "loc": {
          "start": {
            "line": 13,
            "column": 68
          },
          "end": {
            "line": 15,
            "column": null
          }
        }
      },
      "1": {
        "name": "(anonymous_1)",
        "decl": {
          "start": {
            "line": 21,
            "column": 29
          },
          "end": {
            "line": 21,
            "column": 30
          }
        },
        "loc": {
          "start": {
            "line": 21,
            "column": 51
          },
          "end": {
            "line": 21,
            "column": null
          }
        }
      }
    },
    "branchMap": {},
    "s": {
      "0": 45,
      "1": 0,
      "2": 45,
      "3": 45,
      "4": 0
    },
    "f": {
      "0": 0,
      "1": 0
    },
    "b": {}
  },
  "D:/Work/Projects/DSpot/friends_app/src/store/store.tsx": {
    "path": "D:/Work/Projects/DSpot/friends_app/src/store/store.tsx",
    "statementMap": {
      "0": {
        "start": {
          "line": 7,
          "column": 21
        },
        "end": {
          "line": 16,
          "column": null
        }
      },
      "1": {
        "start": {
          "line": 13,
          "column": 4
        },
        "end": {
          "line": 13,
          "column": null
        }
      },
      "2": {
        "start": {
          "line": 18,
          "column": 0
        },
        "end": {
          "line": 18,
          "column": null
        }
      }
    },
    "fnMap": {
      "0": {
        "name": "(anonymous_0)",
        "decl": {
          "start": {
            "line": 12,
            "column": 15
          },
          "end": {
            "line": 12,
            "column": null
          }
        },
        "loc": {
          "start": {
            "line": 13,
            "column": 4
          },
          "end": {
            "line": 13,
            "column": null
          }
        }
      }
    },
    "branchMap": {},
    "s": {
      "0": 45,
      "1": 45,
      "2": 45
    },
    "f": {
      "0": 45
    },
    "b": {}
  },
  "D:/Work/Projects/DSpot/friends_app/src/components/Availability/Availability.tsx": {
    "path": "D:/Work/Projects/DSpot/friends_app/src/components/Availability/Availability.tsx",
    "statementMap": {
      "0": {
        "start": {
          "line": 1,
          "column": 26
        },
        "end": {
          "line": 1,
          "column": null
        }
      },
      "1": {
        "start": {
          "line": 7,
          "column": 7
        },
        "end": {
          "line": 21,
          "column": 2
        }
      },
      "2": {
        "start": {
          "line": 12,
          "column": 2
        },
        "end": {
          "line": 13,
          "column": null
        }
      },
      "3": {
        "start": {
          "line": 21,
          "column": 2
        },
        "end": {
          "line": 21,
          "column": null
        }
      },
      "4": {
        "start": {
          "line": 7,
          "column": 48
        },
        "end": {
          "line": 7,
          "column": 52
        }
      }
    },
    "fnMap": {
      "0": {
        "name": "(anonymous_0)",
        "decl": {
          "start": {
            "line": 1,
            "column": 26
          },
          "end": {
            "line": 1,
            "column": null
          }
        },
        "loc": {
          "start": {
            "line": 1,
            "column": 26
          },
          "end": {
            "line": 1,
            "column": null
          }
        }
      },
      "1": {
        "name": "(anonymous_1)",
        "decl": {
          "start": {
            "line": 7,
            "column": 7
          },
          "end": {
            "line": 7,
            "column": 48
          }
        },
        "loc": {
          "start": {
            "line": 11,
            "column": 0
          },
          "end": {
            "line": 21,
            "column": 2
          }
        }
      }
    },
    "branchMap": {
      "0": {
        "loc": {
          "start": {
            "line": 1,
            "column": 26
          },
          "end": {
            "line": 1,
            "column": null
          }
        },
        "type": "if",
        "locations": [
          {
            "start": {
              "line": 1,
              "column": 26
            },
            "end": {
              "line": 1,
              "column": null
            }
          }
        ]
      },
      "1": {
        "loc": {
          "start": {
            "line": 8,
            "column": 2
          },
          "end": {
            "line": 8,
            "column": null
          }
        },
        "type": "default-arg",
        "locations": [
          {
            "start": {
              "line": 8,
              "column": 2
            },
            "end": {
              "line": 8,
              "column": null
            }
          }
        ]
      },
      "2": {
        "loc": {
          "start": {
            "line": 12,
            "column": 2
          },
          "end": {
            "line": 12,
            "column": null
          }
        },
        "type": "binary-expr",
        "locations": [
          {
            "start": {
              "line": 12,
              "column": 2
            },
            "end": {
              "line": 12,
              "column": null
            }
          },
          {
            "start": {
              "line": 12,
              "column": 2
            },
            "end": {
              "line": 12,
              "column": null
            }
          }
        ]
      }
    },
    "s": {
      "0": 126,
      "1": 18,
      "2": 44,
      "3": 18,
      "4": 18
    },
    "f": {
      "0": 18,
      "1": 44
    },
    "b": {
      "0": [
        18
      ],
      "1": [
        31
      ],
      "2": [
        44,
        3
      ]
    }
  },
  "D:/Work/Projects/DSpot/friends_app/src/components/Img/styles.tsx": {
    "path": "D:/Work/Projects/DSpot/friends_app/src/components/Img/styles.tsx",
    "statementMap": {
      "0": {
        "start": {
          "line": 3,
          "column": 7
        },
        "end": {
          "line": 8,
          "column": null
        }
      },
      "1": {
        "start": {
          "line": 8,
          "column": 31
        },
        "end": {
          "line": 8,
          "column": 60
        }
      },
      "2": {
        "start": {
          "line": 11,
          "column": 7
        },
        "end": {
          "line": 11,
          "column": null
        }
      }
    },
    "fnMap": {
      "0": {
        "name": "(anonymous_0)",
        "decl": {
          "start": {
            "line": 3,
            "column": 33
          },
          "end": {
            "line": 3,
            "column": null
          }
        },
        "loc": {
          "start": {
            "line": 8,
            "column": 31
          },
          "end": {
            "line": 8,
            "column": 60
          }
        }
      }
    },
    "branchMap": {},
    "s": {
      "0": 20,
      "1": 94,
      "2": 20
    },
    "f": {
      "0": 94
    },
    "b": {}
  },
  "D:/Work/Projects/DSpot/friends_app/src/components/Img/Img.tsx": {
    "path": "D:/Work/Projects/DSpot/friends_app/src/components/Img/Img.tsx",
    "statementMap": {
      "0": {
        "start": {
          "line": 1,
          "column": 26
        },
        "end": {
          "line": 1,
          "column": null
        }
      },
      "1": {
        "start": {
          "line": 5,
          "column": 7
        },
        "end": {
          "line": 16,
          "column": 2
        }
      },
      "2": {
        "start": {
          "line": 6,
          "column": 2
        },
        "end": {
          "line": 7,
          "column": null
        }
      },
      "3": {
        "start": {
          "line": 6,
          "column": 2
        },
        "end": {
          "line": 6,
          "column": null
        }
      },
      "4": {
        "start": {
          "line": 16,
          "column": 2
        },
        "end": {
          "line": 16,
          "column": null
        }
      },
      "5": {
        "start": {
          "line": 5,
          "column": 30
        },
        "end": {
          "line": 5,
          "column": 34
        }
      }
    },
    "fnMap": {
      "0": {
        "name": "(anonymous_0)",
        "decl": {
          "start": {
            "line": 1,
            "column": 26
          },
          "end": {
            "line": 1,
            "column": null
          }
        },
        "loc": {
          "start": {
            "line": 1,
            "column": 26
          },
          "end": {
            "line": 1,
            "column": null
          }
        }
      },
      "1": {
        "name": "(anonymous_1)",
        "decl": {
          "start": {
            "line": 5,
            "column": 7
          },
          "end": {
            "line": 5,
            "column": 30
          }
        },
        "loc": {
          "start": {
            "line": 5,
            "column": 56
          },
          "end": {
            "line": 16,
            "column": 2
          }
        }
      },
      "2": {
        "name": "(anonymous_2)",
        "decl": {
          "start": {
            "line": 6,
            "column": 2
          },
          "end": {
            "line": 6,
            "column": null
          }
        },
        "loc": {
          "start": {
            "line": 6,
            "column": 2
          },
          "end": {
            "line": 6,
            "column": null
          }
        }
      }
    },
    "branchMap": {
      "0": {
        "loc": {
          "start": {
            "line": 1,
            "column": 26
          },
          "end": {
            "line": 1,
            "column": null
          }
        },
        "type": "if",
        "locations": [
          {
            "start": {
              "line": 1,
              "column": 26
            },
            "end": {
              "line": 1,
              "column": null
            }
          }
        ]
      },
      "1": {
        "loc": {
          "start": {
            "line": 6,
            "column": 2
          },
          "end": {
            "line": 6,
            "column": null
          }
        },
        "type": "binary-expr",
        "locations": [
          {
            "start": {
              "line": 6,
              "column": 2
            },
            "end": {
              "line": 6,
              "column": null
            }
          },
          {
            "start": {
              "line": 6,
              "column": 2
            },
            "end": {
              "line": 6,
              "column": null
            }
          }
        ]
      }
    },
    "s": {
      "0": 140,
      "1": 20,
      "2": 94,
      "3": 0,
      "4": 20,
      "5": 20
    },
    "f": {
      "0": 20,
      "1": 94,
      "2": 0
    },
    "b": {
      "0": [
        20
      ],
      "1": [
        188,
        140
      ]
    }
  },
  "D:/Work/Projects/DSpot/friends_app/src/components/PhotoGalery/styles.tsx": {
    "path": "D:/Work/Projects/DSpot/friends_app/src/components/PhotoGalery/styles.tsx",
    "statementMap": {
      "0": {
        "start": {
          "line": 3,
          "column": 7
        },
        "end": {
          "line": 3,
          "column": null
        }
      },
      "1": {
        "start": {
          "line": 17,
          "column": 7
        },
        "end": {
          "line": 17,
          "column": null
        }
      }
    },
    "fnMap": {},
    "branchMap": {},
    "s": {
      "0": 10,
      "1": 10
    },
    "f": {},
    "b": {}
  },
  "D:/Work/Projects/DSpot/friends_app/src/components/PhotoGalery/PhotoGalery.tsx": {
    "path": "D:/Work/Projects/DSpot/friends_app/src/components/PhotoGalery/PhotoGalery.tsx",
    "statementMap": {
      "0": {
        "start": {
          "line": 1,
          "column": 0
        },
        "end": {
          "line": 1,
          "column": null
        }
      },
      "1": {
        "start": {
          "line": 7,
          "column": 7
        },
        "end": {
          "line": 20,
          "column": 2
        }
      },
      "2": {
        "start": {
          "line": 8,
          "column": 2
        },
        "end": {
          "line": 9,
          "column": null
        }
      },
      "3": {
        "start": {
          "line": 8,
          "column": 2
        },
        "end": {
          "line": 11,
          "column": null
        }
      },
      "4": {
        "start": {
          "line": 8,
          "column": 2
        },
        "end": {
          "line": 8,
          "column": null
        }
      },
      "5": {
        "start": {
          "line": 20,
          "column": 2
        },
        "end": {
          "line": 20,
          "column": null
        }
      },
      "6": {
        "start": {
          "line": 7,
          "column": 46
        },
        "end": {
          "line": 7,
          "column": 50
        }
      }
    },
    "fnMap": {
      "0": {
        "name": "(anonymous_0)",
        "decl": {
          "start": {
            "line": 1,
            "column": 0
          },
          "end": {
            "line": 1,
            "column": null
          }
        },
        "loc": {
          "start": {
            "line": 1,
            "column": 0
          },
          "end": {
            "line": 1,
            "column": null
          }
        }
      },
      "1": {
        "name": "(anonymous_1)",
        "decl": {
          "start": {
            "line": 7,
            "column": 7
          },
          "end": {
            "line": 7,
            "column": 46
          }
        },
        "loc": {
          "start": {
            "line": 7,
            "column": 68
          },
          "end": {
            "line": 20,
            "column": 2
          }
        }
      },
      "2": {
        "name": "(anonymous_2)",
        "decl": {
          "start": {
            "line": 8,
            "column": 2
          },
          "end": {
            "line": 8,
            "column": null
          }
        },
        "loc": {
          "start": {
            "line": 8,
            "column": 2
          },
          "end": {
            "line": 11,
            "column": null
          }
        }
      }
    },
    "branchMap": {
      "0": {
        "loc": {
          "start": {
            "line": 1,
            "column": 0
          },
          "end": {
            "line": 1,
            "column": null
          }
        },
        "type": "if",
        "locations": [
          {
            "start": {
              "line": 1,
              "column": 0
            },
            "end": {
              "line": 1,
              "column": null
            }
          }
        ]
      }
    },
    "s": {
      "0": 70,
      "1": 10,
      "2": 6,
      "3": 48,
      "4": 1,
      "5": 10,
      "6": 10
    },
    "f": {
      "0": 10,
      "1": 6,
      "2": 49
    },
    "b": {
      "0": [
        10
      ]
    }
  },
  "D:/Work/Projects/DSpot/friends_app/src/shared/const/friendListMock.ts": {
    "path": "D:/Work/Projects/DSpot/friends_app/src/shared/const/friendListMock.ts",
    "statementMap": {
      "0": {
        "start": {
          "line": 8,
          "column": 30
        },
        "end": {
          "line": 57,
          "column": null
        }
      }
    },
    "fnMap": {},
    "branchMap": {},
    "s": {
      "0": 18
    },
    "f": {},
    "b": {}
  },
  "D:/Work/Projects/DSpot/friends_app/src/shared/const/detailsDataMock.ts": {
    "path": "D:/Work/Projects/DSpot/friends_app/src/shared/const/detailsDataMock.ts",
    "statementMap": {
      "0": {
        "start": {
          "line": 1,
          "column": 31
        },
        "end": {
          "line": 14,
          "column": null
        }
      }
    },
    "fnMap": {},
    "branchMap": {},
    "s": {
      "0": 18
    },
    "f": {},
    "b": {}
  },
  "D:/Work/Projects/DSpot/friends_app/src/shared/const/tabsDataMock.ts": {
    "path": "D:/Work/Projects/DSpot/friends_app/src/shared/const/tabsDataMock.ts",
    "statementMap": {
      "0": {
        "start": {
          "line": 1,
          "column": 28
        },
        "end": {
          "line": 10,
          "column": null
        }
      }
    },
    "fnMap": {},
    "branchMap": {},
    "s": {
      "0": 18
    },
    "f": {},
    "b": {}
  },
  "D:/Work/Projects/DSpot/friends_app/src/shared/const/photoGaleryMock.ts": {
    "path": "D:/Work/Projects/DSpot/friends_app/src/shared/const/photoGaleryMock.ts",
    "statementMap": {
      "0": {
        "start": {
          "line": 9,
          "column": 31
        },
        "end": {
          "line": 18,
          "column": null
        }
      }
    },
    "fnMap": {},
    "branchMap": {},
    "s": {
      "0": 18
    },
    "f": {},
    "b": {}
  },
  "D:/Work/Projects/DSpot/friends_app/src/shared/const/detailsMock.ts": {
    "path": "D:/Work/Projects/DSpot/friends_app/src/shared/const/detailsMock.ts",
    "statementMap": {
      "0": {
        "start": {
          "line": 4,
          "column": 40
        },
        "end": {
          "line": 18,
          "column": null
        }
      }
    },
    "fnMap": {},
    "branchMap": {},
    "s": {
      "0": 18
    },
    "f": {},
    "b": {}
  },
  "D:/Work/Projects/DSpot/friends_app/src/components/Button/styles.tsx": {
    "path": "D:/Work/Projects/DSpot/friends_app/src/components/Button/styles.tsx",
    "statementMap": {
      "0": {
        "start": {
          "line": 5,
          "column": 0
        },
        "end": {
          "line": 5,
          "column": null
        }
      },
      "1": {
        "start": {
          "line": 11,
          "column": 0
        },
        "end": {
          "line": 14,
          "column": null
        }
      },
      "2": {
        "start": {
          "line": 12,
          "column": 31
        },
        "end": {
          "line": 12,
          "column": 58
        }
      },
      "3": {
        "start": {
          "line": 13,
          "column": 27
        },
        "end": {
          "line": 13,
          "column": 54
        }
      },
      "4": {
        "start": {
          "line": 14,
          "column": 20
        },
        "end": {
          "line": 14,
          "column": 39
        }
      },
      "5": {
        "start": {
          "line": 17,
          "column": 0
        },
        "end": {
          "line": 20,
          "column": null
        }
      },
      "6": {
        "start": {
          "line": 18,
          "column": 31
        },
        "end": {
          "line": 18,
          "column": 60
        }
      },
      "7": {
        "start": {
          "line": 19,
          "column": 27
        },
        "end": {
          "line": 19,
          "column": 56
        }
      },
      "8": {
        "start": {
          "line": 20,
          "column": 20
        },
        "end": {
          "line": 20,
          "column": 49
        }
      },
      "9": {
        "start": {
          "line": 23,
          "column": 0
        },
        "end": {
          "line": 26,
          "column": null
        }
      },
      "10": {
        "start": {
          "line": 24,
          "column": 31
        },
        "end": {
          "line": 24,
          "column": 50
        }
      },
      "11": {
        "start": {
          "line": 26,
          "column": 20
        },
        "end": {
          "line": 26,
          "column": 47
        }
      },
      "12": {
        "start": {
          "line": 29,
          "column": 7
        },
        "end": {
          "line": 71,
          "column": null
        }
      },
      "13": {
        "start": {
          "line": 40,
          "column": 35
        },
        "end": {
          "line": 40,
          "column": 62
        }
      },
      "14": {
        "start": {
          "line": 44,
          "column": 24
        },
        "end": {
          "line": 44,
          "column": 43
        }
      },
      "15": {
        "start": {
          "line": 45,
          "column": 35
        },
        "end": {
          "line": 45,
          "column": 62
        }
      },
      "16": {
        "start": {
          "line": 46,
          "column": 31
        },
        "end": {
          "line": 46,
          "column": 58
        }
      },
      "17": {
        "start": {
          "line": 55,
          "column": 35
        },
        "end": {
          "line": 55,
          "column": 64
        }
      },
      "18": {
        "start": {
          "line": 56,
          "column": 35
        },
        "end": {
          "line": 56,
          "column": 64
        }
      },
      "19": {
        "start": {
          "line": 61,
          "column": 33
        },
        "end": {
          "line": 61,
          "column": 52
        }
      },
      "20": {
        "start": {
          "line": 62,
          "column": 22
        },
        "end": {
          "line": 62,
          "column": 41
        }
      }
    },
    "fnMap": {
      "0": {
        "name": "(anonymous_0)",
        "decl": {
          "start": {
            "line": 11,
            "column": 18
          },
          "end": {
            "line": 11,
            "column": null
          }
        },
        "loc": {
          "start": {
            "line": 12,
            "column": 31
          },
          "end": {
            "line": 12,
            "column": 58
          }
        }
      },
      "1": {
        "name": "(anonymous_1)",
        "decl": {
          "start": {
            "line": 12,
            "column": 58
          },
          "end": {
            "line": 12,
            "column": null
          }
        },
        "loc": {
          "start": {
            "line": 13,
            "column": 27
          },
          "end": {
            "line": 13,
            "column": 54
          }
        }
      },
      "2": {
        "name": "(anonymous_2)",
        "decl": {
          "start": {
            "line": 13,
            "column": 54
          },
          "end": {
            "line": 13,
            "column": null
          }
        },
        "loc": {
          "start": {
            "line": 14,
            "column": 20
          },
          "end": {
            "line": 14,
            "column": 39
          }
        }
      },
      "3": {
        "name": "(anonymous_3)",
        "decl": {
          "start": {
            "line": 17,
            "column": 21
          },
          "end": {
            "line": 17,
            "column": null
          }
        },
        "loc": {
          "start": {
            "line": 18,
            "column": 31
          },
          "end": {
            "line": 18,
            "column": 60
          }
        }
      },
      "4": {
        "name": "(anonymous_4)",
        "decl": {
          "start": {
            "line": 18,
            "column": 60
          },
          "end": {
            "line": 18,
            "column": null
          }
        },
        "loc": {
          "start": {
            "line": 19,
            "column": 27
          },
          "end": {
            "line": 19,
            "column": 56
          }
        }
      },
      "5": {
        "name": "(anonymous_5)",
        "decl": {
          "start": {
            "line": 19,
            "column": 56
          },
          "end": {
            "line": 19,
            "column": null
          }
        },
        "loc": {
          "start": {
            "line": 20,
            "column": 20
          },
          "end": {
            "line": 20,
            "column": 49
          }
        }
      },
      "6": {
        "name": "(anonymous_6)",
        "decl": {
          "start": {
            "line": 23,
            "column": 23
          },
          "end": {
            "line": 23,
            "column": null
          }
        },
        "loc": {
          "start": {
            "line": 24,
            "column": 31
          },
          "end": {
            "line": 24,
            "column": 50
          }
        }
      },
      "7": {
        "name": "(anonymous_7)",
        "decl": {
          "start": {
            "line": 24,
            "column": 50
          },
          "end": {
            "line": 24,
            "column": null
          }
        },
        "loc": {
          "start": {
            "line": 26,
            "column": 20
          },
          "end": {
            "line": 26,
            "column": 47
          }
        }
      },
      "8": {
        "name": "(anonymous_8)",
        "decl": {
          "start": {
            "line": 36,
            "column": 6
          },
          "end": {
            "line": 36,
            "column": null
          }
        },
        "loc": {
          "start": {
            "line": 40,
            "column": 35
          },
          "end": {
            "line": 40,
            "column": 62
          }
        }
      },
      "9": {
        "name": "(anonymous_9)",
        "decl": {
          "start": {
            "line": 40,
            "column": 62
          },
          "end": {
            "line": 40,
            "column": null
          }
        },
        "loc": {
          "start": {
            "line": 44,
            "column": 24
          },
          "end": {
            "line": 44,
            "column": 43
          }
        }
      },
      "10": {
        "name": "(anonymous_10)",
        "decl": {
          "start": {
            "line": 44,
            "column": 43
          },
          "end": {
            "line": 44,
            "column": null
          }
        },
        "loc": {
          "start": {
            "line": 45,
            "column": 35
          },
          "end": {
            "line": 45,
            "column": 62
          }
        }
      },
      "11": {
        "name": "(anonymous_11)",
        "decl": {
          "start": {
            "line": 45,
            "column": 62
          },
          "end": {
            "line": 45,
            "column": null
          }
        },
        "loc": {
          "start": {
            "line": 46,
            "column": 31
          },
          "end": {
            "line": 46,
            "column": 58
          }
        }
      },
      "12": {
        "name": "(anonymous_12)",
        "decl": {
          "start": {
            "line": 51,
            "column": 6
          },
          "end": {
            "line": 51,
            "column": null
          }
        },
        "loc": {
          "start": {
            "line": 55,
            "column": 35
          },
          "end": {
            "line": 55,
            "column": 64
          }
        }
      },
      "13": {
        "name": "(anonymous_13)",
        "decl": {
          "start": {
            "line": 55,
            "column": 64
          },
          "end": {
            "line": 55,
            "column": null
          }
        },
        "loc": {
          "start": {
            "line": 56,
            "column": 35
          },
          "end": {
            "line": 56,
            "column": 64
          }
        }
      },
      "14": {
        "name": "(anonymous_14)",
        "decl": {
          "start": {
            "line": 56,
            "column": 64
          },
          "end": {
            "line": 56,
            "column": null
          }
        },
        "loc": {
          "start": {
            "line": 61,
            "column": 33
          },
          "end": {
            "line": 61,
            "column": 52
          }
        }
      },
      "15": {
        "name": "(anonymous_15)",
        "decl": {
          "start": {
            "line": 61,
            "column": 52
          },
          "end": {
            "line": 61,
            "column": null
          }
        },
        "loc": {
          "start": {
            "line": 62,
            "column": 22
          },
          "end": {
            "line": 62,
            "column": 41
          }
        }
      }
    },
    "branchMap": {},
    "s": {
      "0": 22,
      "1": 22,
      "2": 61,
      "3": 61,
      "4": 61,
      "5": 22,
      "6": 61,
      "7": 61,
      "8": 61,
      "9": 22,
      "10": 61,
      "11": 61,
      "12": 22,
      "13": 61,
      "14": 61,
      "15": 61,
      "16": 61,
      "17": 61,
      "18": 61,
      "19": 61,
      "20": 61
    },
    "f": {
      "0": 61,
      "1": 61,
      "2": 61,
      "3": 61,
      "4": 61,
      "5": 61,
      "6": 61,
      "7": 61,
      "8": 61,
      "9": 61,
      "10": 61,
      "11": 61,
      "12": 61,
      "13": 61,
      "14": 61,
      "15": 61
    },
    "b": {}
  },
  "D:/Work/Projects/DSpot/friends_app/src/components/Button/Button.tsx": {
    "path": "D:/Work/Projects/DSpot/friends_app/src/components/Button/Button.tsx",
    "statementMap": {
      "0": {
        "start": {
          "line": 1,
          "column": 0
        },
        "end": {
          "line": 1,
          "column": null
        }
      },
      "1": {
        "start": {
          "line": 6,
          "column": 7
        },
        "end": {
          "line": 9,
          "column": 5
        }
      },
      "2": {
        "start": {
          "line": 8,
          "column": 4
        },
        "end": {
          "line": 8,
          "column": null
        }
      },
      "3": {
        "start": {
          "line": 9,
          "column": 5
        },
        "end": {
          "line": 9,
          "column": null
        }
      },
      "4": {
        "start": {
          "line": 11,
          "column": 0
        },
        "end": {
          "line": 11,
          "column": 30
        }
      },
      "5": {
        "start": {
          "line": 11,
          "column": 30
        },
        "end": {
          "line": 11,
          "column": null
        }
      }
    },
    "fnMap": {
      "0": {
        "name": "(anonymous_0)",
        "decl": {
          "start": {
            "line": 1,
            "column": 0
          },
          "end": {
            "line": 1,
            "column": null
          }
        },
        "loc": {
          "start": {
            "line": 1,
            "column": 0
          },
          "end": {
            "line": 1,
            "column": null
          }
        }
      },
      "1": {
        "name": "(anonymous_1)",
        "decl": {
          "start": {
            "line": 6,
            "column": 7
          },
          "end": {
            "line": 6,
            "column": null
          }
        },
        "loc": {
          "start": {
            "line": 6,
            "column": 7
          },
          "end": {
            "line": 9,
            "column": 5
          }
        }
      }
    },
    "branchMap": {
      "0": {
        "loc": {
          "start": {
            "line": 1,
            "column": 0
          },
          "end": {
            "line": 1,
            "column": null
          }
        },
        "type": "if",
        "locations": [
          {
            "start": {
              "line": 1,
              "column": 0
            },
            "end": {
              "line": 1,
              "column": null
            }
          }
        ]
      }
    },
    "s": {
      "0": 176,
      "1": 22,
      "2": 61,
      "3": 22,
      "4": 22,
      "5": 44
    },
    "f": {
      "0": 44,
      "1": 61
    },
    "b": {
      "0": [
        22
      ]
    }
  },
  "D:/Work/Projects/DSpot/friends_app/src/components/Status/styles.tsx": {
    "path": "D:/Work/Projects/DSpot/friends_app/src/components/Status/styles.tsx",
    "statementMap": {
      "0": {
        "start": {
          "line": 3,
          "column": 7
        },
        "end": {
          "line": 15,
          "column": null
        }
      },
      "1": {
        "start": {
          "line": 6,
          "column": 31
        },
        "end": {
          "line": 6,
          "column": 60
        }
      },
      "2": {
        "start": {
          "line": 15,
          "column": 20
        },
        "end": {
          "line": 15,
          "column": 49
        }
      }
    },
    "fnMap": {
      "0": {
        "name": "(anonymous_0)",
        "decl": {
          "start": {
            "line": 3,
            "column": 38
          },
          "end": {
            "line": 3,
            "column": null
          }
        },
        "loc": {
          "start": {
            "line": 6,
            "column": 31
          },
          "end": {
            "line": 6,
            "column": 60
          }
        }
      },
      "1": {
        "name": "(anonymous_1)",
        "decl": {
          "start": {
            "line": 6,
            "column": 60
          },
          "end": {
            "line": 6,
            "column": null
          }
        },
        "loc": {
          "start": {
            "line": 15,
            "column": 20
          },
          "end": {
            "line": 15,
            "column": 49
          }
        }
      }
    },
    "branchMap": {},
    "s": {
      "0": 17,
      "1": 44,
      "2": 44
    },
    "f": {
      "0": 44,
      "1": 44
    },
    "b": {}
  },
  "D:/Work/Projects/DSpot/friends_app/src/components/Status/Status.tsx": {
    "path": "D:/Work/Projects/DSpot/friends_app/src/components/Status/Status.tsx",
    "statementMap": {
      "0": {
        "start": {
          "line": 1,
          "column": 26
        },
        "end": {
          "line": 1,
          "column": null
        }
      },
      "1": {
        "start": {
          "line": 5,
          "column": 7
        },
        "end": {
          "line": 12,
          "column": 2
        }
      },
      "2": {
        "start": {
          "line": 6,
          "column": 2
        },
        "end": {
          "line": 7,
          "column": null
        }
      },
      "3": {
        "start": {
          "line": 12,
          "column": 2
        },
        "end": {
          "line": 12,
          "column": null
        }
      },
      "4": {
        "start": {
          "line": 5,
          "column": 36
        },
        "end": {
          "line": 5,
          "column": 40
        }
      }
    },
    "fnMap": {
      "0": {
        "name": "(anonymous_0)",
        "decl": {
          "start": {
            "line": 1,
            "column": 26
          },
          "end": {
            "line": 1,
            "column": null
          }
        },
        "loc": {
          "start": {
            "line": 1,
            "column": 26
          },
          "end": {
            "line": 1,
            "column": null
          }
        }
      },
      "1": {
        "name": "(anonymous_1)",
        "decl": {
          "start": {
            "line": 5,
            "column": 7
          },
          "end": {
            "line": 5,
            "column": 36
          }
        },
        "loc": {
          "start": {
            "line": 5,
            "column": 68
          },
          "end": {
            "line": 12,
            "column": 2
          }
        }
      }
    },
    "branchMap": {
      "0": {
        "loc": {
          "start": {
            "line": 1,
            "column": 26
          },
          "end": {
            "line": 1,
            "column": null
          }
        },
        "type": "if",
        "locations": [
          {
            "start": {
              "line": 1,
              "column": 26
            },
            "end": {
              "line": 1,
              "column": null
            }
          }
        ]
      },
      "1": {
        "loc": {
          "start": {
            "line": 6,
            "column": 2
          },
          "end": {
            "line": 6,
            "column": null
          }
        },
        "type": "binary-expr",
        "locations": [
          {
            "start": {
              "line": 6,
              "column": 2
            },
            "end": {
              "line": 6,
              "column": null
            }
          },
          {
            "start": {
              "line": 6,
              "column": 2
            },
            "end": {
              "line": 6,
              "column": null
            }
          }
        ]
      }
    },
    "s": {
      "0": 119,
      "1": 17,
      "2": 44,
      "3": 17,
      "4": 17
    },
    "f": {
      "0": 17,
      "1": 44
    },
    "b": {
      "0": [
        17
      ],
      "1": [
        44,
        44
      ]
    }
  },
  "D:/Work/Projects/DSpot/friends_app/src/components/Text/Text.tsx": {
    "path": "D:/Work/Projects/DSpot/friends_app/src/components/Text/Text.tsx",
    "statementMap": {
      "0": {
        "start": {
          "line": 1,
          "column": 26
        },
        "end": {
          "line": 1,
          "column": null
        }
      },
      "1": {
        "start": {
          "line": 7,
          "column": 7
        },
        "end": {
          "line": 33,
          "column": 2
        }
      },
      "2": {
        "start": {
          "line": 14,
          "column": 2
        },
        "end": {
          "line": 24,
          "column": null
        }
      },
      "3": {
        "start": {
          "line": 33,
          "column": 2
        },
        "end": {
          "line": 33,
          "column": null
        }
      },
      "4": {
        "start": {
          "line": 7,
          "column": 32
        },
        "end": {
          "line": 7,
          "column": 36
        }
      }
    },
    "fnMap": {
      "0": {
        "name": "(anonymous_0)",
        "decl": {
          "start": {
            "line": 1,
            "column": 26
          },
          "end": {
            "line": 1,
            "column": null
          }
        },
        "loc": {
          "start": {
            "line": 1,
            "column": 26
          },
          "end": {
            "line": 1,
            "column": null
          }
        }
      },
      "1": {
        "name": "(anonymous_1)",
        "decl": {
          "start": {
            "line": 7,
            "column": 7
          },
          "end": {
            "line": 7,
            "column": 32
          }
        },
        "loc": {
          "start": {
            "line": 13,
            "column": 0
          },
          "end": {
            "line": 33,
            "column": 2
          }
        }
      }
    },
    "branchMap": {
      "0": {
        "loc": {
          "start": {
            "line": 1,
            "column": 26
          },
          "end": {
            "line": 1,
            "column": null
          }
        },
        "type": "if",
        "locations": [
          {
            "start": {
              "line": 1,
              "column": 26
            },
            "end": {
              "line": 1,
              "column": null
            }
          }
        ]
      },
      "1": {
        "loc": {
          "start": {
            "line": 14,
            "column": 2
          },
          "end": {
            "line": 24,
            "column": null
          }
        },
        "type": "cond-expr",
        "locations": [
          {
            "start": {
              "line": 14,
              "column": 2
            },
            "end": {
              "line": 15,
              "column": null
            }
          },
          {
            "start": {
              "line": 15,
              "column": 4
            },
            "end": {
              "line": 24,
              "column": null
            }
          }
        ]
      },
      "2": {
        "loc": {
          "start": {
            "line": 14,
            "column": 2
          },
          "end": {
            "line": 14,
            "column": null
          }
        },
        "type": "binary-expr",
        "locations": [
          {
            "start": {
              "line": 14,
              "column": 2
            },
            "end": {
              "line": 14,
              "column": null
            }
          },
          {
            "start": {
              "line": 14,
              "column": 2
            },
            "end": {
              "line": 14,
              "column": null
            }
          }
        ]
      },
      "3": {
        "loc": {
          "start": {
            "line": 15,
            "column": 4
          },
          "end": {
            "line": 15,
            "column": null
          }
        },
        "type": "binary-expr",
        "locations": [
          {
            "start": {
              "line": 15,
              "column": 4
            },
            "end": {
              "line": 15,
              "column": null
            }
          },
          {
            "start": {
              "line": 15,
              "column": 4
            },
            "end": {
              "line": 15,
              "column": null
            }
          }
        ]
      }
    },
    "s": {
      "0": 147,
      "1": 21,
      "2": 230,
      "3": 21,
      "4": 21
    },
    "f": {
      "0": 21,
      "1": 230
    },
    "b": {
      "0": [
        21
      ],
      "1": [
        14,
        216
      ],
      "2": [
        14,
        3
      ],
      "3": [
        216,
        186
      ]
    }
  },
  "D:/Work/Projects/DSpot/friends_app/src/components/CardContainer/styles.tsx": {
    "path": "D:/Work/Projects/DSpot/friends_app/src/components/CardContainer/styles.tsx",
    "statementMap": {
      "0": {
        "start": {
          "line": 3,
          "column": 7
        },
        "end": {
          "line": 5,
          "column": null
        }
      },
      "1": {
        "start": {
          "line": 5,
          "column": 25
        },
        "end": {
          "line": 5,
          "column": 44
        }
      }
    },
    "fnMap": {
      "0": {
        "name": "(anonymous_0)",
        "decl": {
          "start": {
            "line": 3,
            "column": 35
          },
          "end": {
            "line": 3,
            "column": null
          }
        },
        "loc": {
          "start": {
            "line": 5,
            "column": 25
          },
          "end": {
            "line": 5,
            "column": 44
          }
        }
      }
    },
    "branchMap": {},
    "s": {
      "0": 17,
      "1": 67
    },
    "f": {
      "0": 67
    },
    "b": {}
  },
  "D:/Work/Projects/DSpot/friends_app/src/components/CardContainer/CardContainer.tsx": {
    "path": "D:/Work/Projects/DSpot/friends_app/src/components/CardContainer/CardContainer.tsx",
    "statementMap": {
      "0": {
        "start": {
          "line": 1,
          "column": 26
        },
        "end": {
          "line": 1,
          "column": null
        }
      },
      "1": {
        "start": {
          "line": 5,
          "column": 7
        },
        "end": {
          "line": 10,
          "column": 2
        }
      },
      "2": {
        "start": {
          "line": 9,
          "column": 2
        },
        "end": {
          "line": 9,
          "column": null
        }
      },
      "3": {
        "start": {
          "line": 10,
          "column": 2
        },
        "end": {
          "line": 10,
          "column": null
        }
      },
      "4": {
        "start": {
          "line": 5,
          "column": 50
        },
        "end": {
          "line": 5,
          "column": 54
        }
      }
    },
    "fnMap": {
      "0": {
        "name": "(anonymous_0)",
        "decl": {
          "start": {
            "line": 1,
            "column": 26
          },
          "end": {
            "line": 1,
            "column": null
          }
        },
        "loc": {
          "start": {
            "line": 1,
            "column": 26
          },
          "end": {
            "line": 1,
            "column": null
          }
        }
      },
      "1": {
        "name": "(anonymous_1)",
        "decl": {
          "start": {
            "line": 5,
            "column": 7
          },
          "end": {
            "line": 5,
            "column": 50
          }
        },
        "loc": {
          "start": {
            "line": 8,
            "column": 0
          },
          "end": {
            "line": 10,
            "column": 2
          }
        }
      }
    },
    "branchMap": {
      "0": {
        "loc": {
          "start": {
            "line": 1,
            "column": 26
          },
          "end": {
            "line": 1,
            "column": null
          }
        },
        "type": "if",
        "locations": [
          {
            "start": {
              "line": 1,
              "column": 26
            },
            "end": {
              "line": 1,
              "column": null
            }
          }
        ]
      },
      "1": {
        "loc": {
          "start": {
            "line": 9,
            "column": 2
          },
          "end": {
            "line": 9,
            "column": 9
          }
        },
        "type": "binary-expr",
        "locations": [
          {
            "start": {
              "line": 9,
              "column": 2
            },
            "end": {
              "line": 9,
              "column": 9
            }
          },
          {
            "start": {
              "line": 9,
              "column": 2
            },
            "end": {
              "line": 9,
              "column": 9
            }
          }
        ]
      }
    },
    "s": {
      "0": 119,
      "1": 17,
      "2": 67,
      "3": 17,
      "4": 17
    },
    "f": {
      "0": 17,
      "1": 67
    },
    "b": {
      "0": [
        17
      ],
      "1": [
        67,
        24
      ]
    }
  },
  "D:/Work/Projects/DSpot/friends_app/src/shared/animations/skeleton.ts": {
    "path": "D:/Work/Projects/DSpot/friends_app/src/shared/animations/skeleton.ts",
    "statementMap": {
      "0": {
        "start": {
          "line": 3,
          "column": 26
        },
        "end": {
          "line": 3,
          "column": null
        }
      },
      "1": {
        "start": {
          "line": 12,
          "column": 31
        },
        "end": {
          "line": 13,
          "column": null
        }
      },
      "2": {
        "start": {
          "line": 12,
          "column": 71
        },
        "end": {
          "line": 13,
          "column": null
        }
      }
    },
    "fnMap": {
      "0": {
        "name": "(anonymous_0)",
        "decl": {
          "start": {
            "line": 12,
            "column": 31
          },
          "end": {
            "line": 12,
            "column": 32
          }
        },
        "loc": {
          "start": {
            "line": 12,
            "column": 71
          },
          "end": {
            "line": 13,
            "column": null
          }
        }
      }
    },
    "branchMap": {
      "0": {
        "loc": {
          "start": {
            "line": 12,
            "column": 34
          },
          "end": {
            "line": 12,
            "column": 46
          }
        },
        "type": "default-arg",
        "locations": [
          {
            "start": {
              "line": 12,
              "column": 41
            },
            "end": {
              "line": 12,
              "column": 46
            }
          }
        ]
      }
    },
    "s": {
      "0": 17,
      "1": 17,
      "2": 39
    },
    "f": {
      "0": 39
    },
    "b": {
      "0": [
        39
      ]
    }
  },
  "D:/Work/Projects/DSpot/friends_app/src/shared/animations/fadeIn.ts": {
    "path": "D:/Work/Projects/DSpot/friends_app/src/shared/animations/fadeIn.ts",
    "statementMap": {
      "0": {
        "start": {
          "line": 3,
          "column": 24
        },
        "end": {
          "line": 3,
          "column": null
        }
      },
      "1": {
        "start": {
          "line": 14,
          "column": 22
        },
        "end": {
          "line": 21,
          "column": null
        }
      },
      "2": {
        "start": {
          "line": 20,
          "column": 6
        },
        "end": {
          "line": 21,
          "column": null
        }
      }
    },
    "fnMap": {
      "0": {
        "name": "(anonymous_0)",
        "decl": {
          "start": {
            "line": 14,
            "column": 22
          },
          "end": {
            "line": 14,
            "column": 23
          }
        },
        "loc": {
          "start": {
            "line": 20,
            "column": 6
          },
          "end": {
            "line": 21,
            "column": null
          }
        }
      }
    },
    "branchMap": {
      "0": {
        "loc": {
          "start": {
            "line": 15,
            "column": 2
          },
          "end": {
            "line": 15,
            "column": null
          }
        },
        "type": "default-arg",
        "locations": [
          {
            "start": {
              "line": 15,
              "column": 9
            },
            "end": {
              "line": 15,
              "column": null
            }
          }
        ]
      },
      "1": {
        "loc": {
          "start": {
            "line": 16,
            "column": 2
          },
          "end": {
            "line": 16,
            "column": null
          }
        },
        "type": "default-arg",
        "locations": [
          {
            "start": {
              "line": 16,
              "column": 9
            },
            "end": {
              "line": 16,
              "column": null
            }
          }
        ]
      }
    },
    "s": {
      "0": 17,
      "1": 17,
      "2": 16
    },
    "f": {
      "0": 16
    },
    "b": {
      "0": [
        16
      ],
      "1": [
        16
      ]
    }
  },
  "D:/Work/Projects/DSpot/friends_app/src/shared/animations/scaleOut.ts": {
    "path": "D:/Work/Projects/DSpot/friends_app/src/shared/animations/scaleOut.ts",
    "statementMap": {
      "0": {
        "start": {
          "line": 3,
          "column": 23
        },
        "end": {
          "line": 3,
          "column": null
        }
      },
      "1": {
        "start": {
          "line": 14,
          "column": 24
        },
        "end": {
          "line": 15,
          "column": null
        }
      },
      "2": {
        "start": {
          "line": 14,
          "column": 66
        },
        "end": {
          "line": 15,
          "column": null
        }
      }
    },
    "fnMap": {
      "0": {
        "name": "(anonymous_0)",
        "decl": {
          "start": {
            "line": 14,
            "column": 24
          },
          "end": {
            "line": 14,
            "column": 25
          }
        },
        "loc": {
          "start": {
            "line": 14,
            "column": 66
          },
          "end": {
            "line": 15,
            "column": null
          }
        }
      }
    },
    "branchMap": {
      "0": {
        "loc": {
          "start": {
            "line": 14,
            "column": 27
          },
          "end": {
            "line": 14,
            "column": 41
          }
        },
        "type": "default-arg",
        "locations": [
          {
            "start": {
              "line": 14,
              "column": 34
            },
            "end": {
              "line": 14,
              "column": 41
            }
          }
        ]
      }
    },
    "s": {
      "0": 17,
      "1": 17,
      "2": 9
    },
    "f": {
      "0": 9
    },
    "b": {
      "0": [
        9
      ]
    }
  },
  "D:/Work/Projects/DSpot/friends_app/src/components/FriendCard/styles.tsx": {
    "path": "D:/Work/Projects/DSpot/friends_app/src/components/FriendCard/styles.tsx",
    "statementMap": {
      "0": {
        "start": {
          "line": 7,
          "column": 7
        },
        "end": {
          "line": 7,
          "column": null
        }
      },
      "1": {
        "start": {
          "line": 18,
          "column": 7
        },
        "end": {
          "line": 18,
          "column": null
        }
      },
      "2": {
        "start": {
          "line": 29,
          "column": 7
        },
        "end": {
          "line": 30,
          "column": null
        }
      },
      "3": {
        "start": {
          "line": 33,
          "column": 7
        },
        "end": {
          "line": 35,
          "column": null
        }
      },
      "4": {
        "start": {
          "line": 38,
          "column": 7
        },
        "end": {
          "line": 38,
          "column": null
        }
      },
      "5": {
        "start": {
          "line": 45,
          "column": 7
        },
        "end": {
          "line": 45,
          "column": null
        }
      },
      "6": {
        "start": {
          "line": 57,
          "column": 7
        },
        "end": {
          "line": 57,
          "column": null
        }
      }
    },
    "fnMap": {},
    "branchMap": {},
    "s": {
      "0": 16,
      "1": 16,
      "2": 16,
      "3": 16,
      "4": 16,
      "5": 16,
      "6": 16
    },
    "f": {},
    "b": {}
  },
  "D:/Work/Projects/DSpot/friends_app/src/components/FriendCard/FriendCard.tsx": {
    "path": "D:/Work/Projects/DSpot/friends_app/src/components/FriendCard/FriendCard.tsx",
    "statementMap": {
      "0": {
        "start": {
          "line": 1,
          "column": 26
        },
        "end": {
          "line": 1,
          "column": null
        }
      },
      "1": {
        "start": {
          "line": 16,
          "column": 7
        },
        "end": {
          "line": 51,
          "column": 2
        }
      },
      "2": {
        "start": {
          "line": 26,
          "column": 2
        },
        "end": {
          "line": 27,
          "column": null
        }
      },
      "3": {
        "start": {
          "line": 39,
          "column": 6
        },
        "end": {
          "line": 39,
          "column": null
        }
      },
      "4": {
        "start": {
          "line": 51,
          "column": 2
        },
        "end": {
          "line": 51,
          "column": null
        }
      },
      "5": {
        "start": {
          "line": 16,
          "column": 44
        },
        "end": {
          "line": 16,
          "column": 48
        }
      }
    },
    "fnMap": {
      "0": {
        "name": "(anonymous_0)",
        "decl": {
          "start": {
            "line": 1,
            "column": 26
          },
          "end": {
            "line": 1,
            "column": null
          }
        },
        "loc": {
          "start": {
            "line": 1,
            "column": 26
          },
          "end": {
            "line": 1,
            "column": null
          }
        }
      },
      "1": {
        "name": "(anonymous_1)",
        "decl": {
          "start": {
            "line": 16,
            "column": 7
          },
          "end": {
            "line": 16,
            "column": 44
          }
        },
        "loc": {
          "start": {
            "line": 25,
            "column": 0
          },
          "end": {
            "line": 51,
            "column": 2
          }
        }
      },
      "2": {
        "name": "(anonymous_2)",
        "decl": {
          "start": {
            "line": 39,
            "column": 6
          },
          "end": {
            "line": 39,
            "column": null
          }
        },
        "loc": {
          "start": {
            "line": 39,
            "column": 6
          },
          "end": {
            "line": 39,
            "column": null
          }
        }
      }
    },
    "branchMap": {
      "0": {
        "loc": {
          "start": {
            "line": 1,
            "column": 26
          },
          "end": {
            "line": 1,
            "column": null
          }
        },
        "type": "if",
        "locations": [
          {
            "start": {
              "line": 1,
              "column": 26
            },
            "end": {
              "line": 1,
              "column": null
            }
          }
        ]
      },
      "1": {
        "loc": {
          "start": {
            "line": 30,
            "column": 43
          },
          "end": {
            "line": 31,
            "column": 59
          }
        },
        "type": "binary-expr",
        "locations": [
          {
            "start": {
              "line": 30,
              "column": 43
            },
            "end": {
              "line": 30,
              "column": null
            }
          },
          {
            "start": {
              "line": 30,
              "column": 43
            },
            "end": {
              "line": 31,
              "column": 59
            }
          }
        ]
      },
      "2": {
        "loc": {
          "start": {
            "line": 35,
            "column": 8
          },
          "end": {
            "line": 35,
            "column": null
          }
        },
        "type": "binary-expr",
        "locations": [
          {
            "start": {
              "line": 35,
              "column": 8
            },
            "end": {
              "line": 35,
              "column": null
            }
          },
          {
            "start": {
              "line": 35,
              "column": 8
            },
            "end": {
              "line": 35,
              "column": null
            }
          }
        ]
      },
      "3": {
        "loc": {
          "start": {
            "line": 39,
            "column": 6
          },
          "end": {
            "line": 39,
            "column": null
          }
        },
        "type": "binary-expr",
        "locations": [
          {
            "start": {
              "line": 39,
              "column": 6
            },
            "end": {
              "line": 39,
              "column": null
            }
          },
          {
            "start": {
              "line": 39,
              "column": 6
            },
            "end": {
              "line": 39,
              "column": null
            }
          }
        ]
      }
    },
    "s": {
      "0": 105,
      "1": 15,
      "2": 30,
      "3": 1,
      "4": 15,
      "5": 15
    },
    "f": {
      "0": 15,
      "1": 30,
      "2": 1
    },
    "b": {
      "0": [
        15
      ],
      "1": [
        30,
        30
      ],
      "2": [
        60,
        0
      ],
      "3": [
        1,
        1
      ]
    }
  },
  "D:/Work/Projects/DSpot/friends_app/src/components/FriendCard/SkeletonFriendCard/styles.tsx": {
    "path": "D:/Work/Projects/DSpot/friends_app/src/components/FriendCard/SkeletonFriendCard/styles.tsx",
    "statementMap": {
      "0": {
        "start": {
          "line": 5,
          "column": 7
        },
        "end": {
          "line": 6,
          "column": null
        }
      },
      "1": {
        "start": {
          "line": 9,
          "column": 0
        },
        "end": {
          "line": 12,
          "column": null
        }
      },
      "2": {
        "start": {
          "line": 15,
          "column": 7
        },
        "end": {
          "line": 18,
          "column": null
        }
      },
      "3": {
        "start": {
          "line": 21,
          "column": 7
        },
        "end": {
          "line": 23,
          "column": null
        }
      },
      "4": {
        "start": {
          "line": 26,
          "column": 7
        },
        "end": {
          "line": 30,
          "column": null
        }
      }
    },
    "fnMap": {},
    "branchMap": {},
    "s": {
      "0": 13,
      "1": 13,
      "2": 13,
      "3": 13,
      "4": 13
    },
    "f": {},
    "b": {}
  },
  "D:/Work/Projects/DSpot/friends_app/src/components/FriendCard/SkeletonFriendCard/SkeletonFriendCard.tsx": {
    "path": "D:/Work/Projects/DSpot/friends_app/src/components/FriendCard/SkeletonFriendCard/SkeletonFriendCard.tsx",
    "statementMap": {
      "0": {
        "start": {
          "line": 1,
          "column": 26
        },
        "end": {
          "line": 1,
          "column": null
        }
      },
      "1": {
        "start": {
          "line": 12,
          "column": 7
        },
        "end": {
          "line": 25,
          "column": 2
        }
      },
      "2": {
        "start": {
          "line": 13,
          "column": 2
        },
        "end": {
          "line": 14,
          "column": null
        }
      },
      "3": {
        "start": {
          "line": 25,
          "column": 2
        },
        "end": {
          "line": 25,
          "column": null
        }
      },
      "4": {
        "start": {
          "line": 12,
          "column": 35
        },
        "end": {
          "line": 12,
          "column": null
        }
      }
    },
    "fnMap": {
      "0": {
        "name": "(anonymous_0)",
        "decl": {
          "start": {
            "line": 1,
            "column": 26
          },
          "end": {
            "line": 1,
            "column": null
          }
        },
        "loc": {
          "start": {
            "line": 1,
            "column": 26
          },
          "end": {
            "line": 1,
            "column": null
          }
        }
      },
      "1": {
        "name": "(anonymous_1)",
        "decl": {
          "start": {
            "line": 12,
            "column": 7
          },
          "end": {
            "line": 12,
            "column": 35
          }
        },
        "loc": {
          "start": {
            "line": 12,
            "column": 7
          },
          "end": {
            "line": 25,
            "column": 2
          }
        }
      }
    },
    "branchMap": {
      "0": {
        "loc": {
          "start": {
            "line": 1,
            "column": 26
          },
          "end": {
            "line": 1,
            "column": null
          }
        },
        "type": "if",
        "locations": [
          {
            "start": {
              "line": 1,
              "column": 26
            },
            "end": {
              "line": 1,
              "column": null
            }
          }
        ]
      }
    },
    "s": {
      "0": 91,
      "1": 13,
      "2": 13,
      "3": 13,
      "4": 13
    },
    "f": {
      "0": 13,
      "1": 13
    },
    "b": {
      "0": [
        13
      ]
    }
  },
  "D:/Work/Projects/DSpot/friends_app/src/components/FriendList/styles.tsx": {
    "path": "D:/Work/Projects/DSpot/friends_app/src/components/FriendList/styles.tsx",
    "statementMap": {
      "0": {
        "start": {
          "line": 4,
          "column": 7
        },
        "end": {
          "line": 4,
          "column": null
        }
      },
      "1": {
        "start": {
          "line": 13,
          "column": 7
        },
        "end": {
          "line": 14,
          "column": null
        }
      },
      "2": {
        "start": {
          "line": 14,
          "column": 20
        },
        "end": {
          "line": 14,
          "column": 39
        }
      },
      "3": {
        "start": {
          "line": 18,
          "column": 7
        },
        "end": {
          "line": 18,
          "column": null
        }
      }
    },
    "fnMap": {
      "0": {
        "name": "(anonymous_0)",
        "decl": {
          "start": {
            "line": 13,
            "column": 48
          },
          "end": {
            "line": 13,
            "column": null
          }
        },
        "loc": {
          "start": {
            "line": 14,
            "column": 20
          },
          "end": {
            "line": 14,
            "column": 39
          }
        }
      }
    },
    "branchMap": {},
    "s": {
      "0": 12,
      "1": 12,
      "2": 2,
      "3": 12
    },
    "f": {
      "0": 2
    },
    "b": {}
  },
  "D:/Work/Projects/DSpot/friends_app/src/components/FriendList/FriendList.tsx": {
    "path": "D:/Work/Projects/DSpot/friends_app/src/components/FriendList/FriendList.tsx",
    "statementMap": {
      "0": {
        "start": {
          "line": 1,
          "column": 26
        },
        "end": {
          "line": 1,
          "column": null
        }
      },
      "1": {
        "start": {
          "line": 7,
          "column": 7
        },
        "end": {
          "line": 65,
          "column": 2
        }
      },
[...]
        },
        "loc": {
          "start": {
            "line": 1,
            "column": 41
          },
          "end": {
            "line": 1,
            "column": null
          }
        }
      },
      "1": {
        "name": "(anonymous_1)",
        "decl": {
          "start": {
            "line": 8,
            "column": 7
          },
          "end": {
            "line": 8,
            "column": 48
          }
        },
        "loc": {
          "start": {
            "line": 8,
            "column": 72
          },
          "end": {
            "line": 24,
            "column": 2
          }
        }
      },
      "2": {
        "name": "(anonymous_2)",
        "decl": {
          "start": {
            "line": 11,
            "column": 6
          },
          "end": {
            "line": 11,
            "column": null
          }
        },
        "loc": {
          "start": {
            "line": 11,
            "column": 6
          },
          "end": {
            "line": 11,
            "column": null
          }
        }
      }
    },
    "branchMap": {
      "0": {
        "loc": {
          "start": {
            "line": 1,
            "column": 41
          },
          "end": {
            "line": 1,
            "column": null
          }
        },
        "type": "if",
        "locations": [
          {
            "start": {
              "line": 1,
              "column": 41
            },
            "end": {
              "line": 1,
              "column": null
            }
          }
        ]
      }
    },
    "s": {
      "0": 63,
      "1": 9,
      "2": 2,
      "3": 1,
      "4": 9,
      "5": 9
    },
    "f": {
      "0": 9,
      "1": 2,
      "2": 1
    },
    "b": {
      "0": [
        9
      ]
    }
  },
  "D:/Work/Projects/DSpot/friends_app/src/components/FallBack/styles.tsx": {
    "path": "D:/Work/Projects/DSpot/friends_app/src/components/FallBack/styles.tsx",
    "statementMap": {
      "0": {
        "start": {
          "line": 4,
          "column": 7
        },
        "end": {
          "line": 4,
          "column": null
        }
      }
    },
    "fnMap": {},
    "branchMap": {},
    "s": {
      "0": 9
    },
    "f": {},
    "b": {}
  },
  "D:/Work/Projects/DSpot/friends_app/src/components/FallBack/FallBack.tsx": {
    "path": "D:/Work/Projects/DSpot/friends_app/src/components/FallBack/FallBack.tsx",
    "statementMap": {
      "0": {
        "start": {
          "line": 1,
          "column": 40
        },
        "end": {
          "line": 1,
          "column": null
        }
      },
      "1": {
        "start": {
          "line": 3,
          "column": 24
        },
        "end": {
          "line": 5,
          "column": 2
        }
      },
      "2": {
        "start": {
          "line": 4,
          "column": 2
        },
        "end": {
          "line": 4,
          "column": null
        }
      },
      "3": {
        "start": {
          "line": 5,
          "column": 2
        },
        "end": {
          "line": 3,
          "column": 21
        }
      },
      "4": {
        "start": {
          "line": 3,
          "column": 21
        },
        "end": {
          "line": 3,
          "column": 24
        }
      }
    },
    "fnMap": {
      "0": {
        "name": "(anonymous_0)",
        "decl": {
          "start": {
            "line": 1,
            "column": 40
          },
          "end": {
            "line": 1,
            "column": null
          }
        },
        "loc": {
          "start": {
            "line": 1,
            "column": 40
          },
          "end": {
            "line": 1,
            "column": null
          }
        }
      },
      "1": {
        "name": "(anonymous_1)",
        "decl": {
          "start": {
            "line": 3,
            "column": 24
          },
          "end": {
            "line": 3,
            "column": 30
          }
        },
        "loc": {
          "start": {
            "line": 3,
            "column": 30
          },
          "end": {
            "line": 5,
            "column": 2
          }
        }
      }
    },
    "branchMap": {
      "0": {
        "loc": {
          "start": {
            "line": 1,
            "column": 40
          },
          "end": {
            "line": 1,
            "column": null
          }
        },
        "type": "if",
        "locations": [
          {
            "start": {
              "line": 1,
              "column": 40
            },
            "end": {
              "line": 1,
              "column": null
            }
          }
        ]
      }
    },
    "s": {
      "0": 63,
      "1": 9,
      "2": 1,
      "3": 9,
      "4": 9
    },
    "f": {
      "0": 9,
      "1": 1
    },
    "b": {
      "0": [
        9
      ]
    }
  },
  "D:/Work/Projects/DSpot/friends_app/src/shared/hooks/useGalleyModal.tsx": {
    "path": "D:/Work/Projects/DSpot/friends_app/src/shared/hooks/useGalleyModal.tsx",
    "statementMap": {
      "0": {
        "start": {
          "line": 5,
          "column": 31
        },
        "end": {
          "line": 31,
          "column": 2
        }
      },
      "1": {
        "start": {
          "line": 5,
          "column": 37
        },
        "end": {
          "line": 5,
          "column": null
        }
      },
      "2": {
        "start": {
          "line": 6,
          "column": 24
        },
        "end": {
          "line": 6,
          "column": null
        }
      },
      "3": {
        "start": {
          "line": 7,
          "column": 24
        },
        "end": {
          "line": 7,
          "column": null
        }
      },
      "4": {
        "start": {
          "line": 9,
          "column": 19
        },
        "end": {
          "line": 12,
          "column": null
        }
      },
      "5": {
        "start": {
          "line": 10,
          "column": 4
        },
        "end": {
          "line": 10,
          "column": null
        }
      },
      "6": {
        "start": {
          "line": 11,
          "column": 4
        },
        "end": {
          "line": 11,
          "column": null
        }
      },
      "7": {
        "start": {
          "line": 14,
          "column": 18
        },
        "end": {
          "line": 17,
          "column": null
        }
      },
      "8": {
        "start": {
          "line": 15,
          "column": 4
        },
        "end": {
          "line": 15,
          "column": null
        }
      },
      "9": {
        "start": {
          "line": 16,
          "column": 4
        },
        "end": {
          "line": 16,
          "column": null
        }
      },
      "10": {
        "start": {
          "line": 19,
          "column": 22
        },
        "end": {
          "line": 25,
          "column": null
        }
      },
      "11": {
        "start": {
          "line": 21,
          "column": 6
        },
        "end": {
          "line": 23,
          "column": null
        }
      },
      "12": {
        "start": {
          "line": 28,
          "column": 20
        },
        "end": {
          "line": 28,
          "column": null
        }
      },
      "13": {
        "start": {
          "line": 30,
          "column": 2
        },
        "end": {
          "line": 30,
          "column": null
        }
      },
      "14": {
        "start": {
          "line": 31,
          "column": 2
        },
        "end": {
          "line": 5,
          "column": 31
        }
      }
    },
    "fnMap": {
      "0": {
        "name": "(anonymous_1)",
        "decl": {
          "start": {
            "line": 5,
            "column": 31
          },
          "end": {
            "line": 5,
            "column": 37
          }
        },
        "loc": {
          "start": {
            "line": 5,
            "column": 37
          },
          "end": {
            "line": 31,
            "column": 2
          }
        }
      },
      "1": {
        "name": "(anonymous_2)",
        "decl": {
          "start": {
            "line": 9,
            "column": 19
          },
          "end": {
            "line": 9,
            "column": 20
          }
        },
        "loc": {
          "start": {
            "line": 9,
            "column": 60
          },
          "end": {
            "line": 12,
            "column": null
          }
        }
      },
      "2": {
        "name": "(anonymous_3)",
        "decl": {
          "start": {
            "line": 14,
            "column": 18
          },
          "end": {
            "line": 14,
            "column": 24
          }
        },
        "loc": {
          "start": {
            "line": 14,
            "column": 24
          },
          "end": {
            "line": 17,
            "column": null
          }
        }
      },
      "3": {
        "name": "(anonymous_4)",
        "decl": {
          "start": {
            "line": 20,
            "column": 4
          },
          "end": {
            "line": 20,
            "column": null
          }
        },
        "loc": {
          "start": {
            "line": 21,
            "column": 6
          },
          "end": {
            "line": 23,
            "column": null
          }
        }
      }
    },
    "branchMap": {
      "0": {
        "loc": {
          "start": {
            "line": 28,
            "column": 20
          },
          "end": {
            "line": 28,
            "column": null
          }
        },
        "type": "binary-expr",
        "locations": [
          {
            "start": {
              "line": 28,
              "column": 20
            },
            "end": {
              "line": 28,
              "column": 29
            }
          },
          {
            "start": {
              "line": 28,
              "column": 29
            },
            "end": {
              "line": 28,
              "column": null
            }
          }
        ]
      }
    },
    "s": {
      "0": 8,
      "1": 8,
      "2": 8,
      "3": 8,
      "4": 8,
      "5": 1,
      "6": 1,
      "7": 8,
      "8": 1,
      "9": 1,
      "10": 8,
      "11": 1,
      "12": 8,
      "13": 8,
      "14": 8
    },
    "f": {
      "0": 8,
      "1": 1,
      "2": 1,
      "3": 1
    },
    "b": {
      "0": [
        8,
        1
      ]
    }
  },
  "D:/Work/Projects/DSpot/friends_app/src/shared/utils/getInfoDetails.ts": {
    "path": "D:/Work/Projects/DSpot/friends_app/src/shared/utils/getInfoDetails.ts",
    "statementMap": {
      "0": {
        "start": {
          "line": 5,
          "column": 30
        },
        "end": {
          "line": 24,
          "column": null
        }
      },
      "1": {
        "start": {
          "line": 6,
          "column": 14
        },
        "end": {
          "line": 6,
          "column": null
        }
      },
      "2": {
        "start": {
          "line": 7,
          "column": 2
        },
        "end": {
          "line": 22,
          "column": null
        }
      },
      "3": {
        "start": {
          "line": 8,
          "column": 4
        },
        "end": {
          "line": 21,
          "column": null
        }
      },
      "4": {
        "start": {
          "line": 23,
          "column": 2
        },
        "end": {
          "line": 23,
          "column": null
        }
      }
    },
    "fnMap": {
      "0": {
        "name": "(anonymous_0)",
        "decl": {
          "start": {
            "line": 5,
            "column": 30
          },
          "end": {
            "line": 5,
            "column": 31
          }
        },
        "loc": {
          "start": {
            "line": 5,
            "column": 49
          },
          "end": {
            "line": 24,
            "column": null
          }
        }
      }
    },
    "branchMap": {
      "0": {
        "loc": {
          "start": {
            "line": 7,
            "column": 2
          },
          "end": {
            "line": 22,
            "column": null
          }
        },
        "type": "if",
        "locations": [
          {
            "start": {
              "line": 7,
              "column": 2
            },
            "end": {
              "line": 22,
              "column": null
            }
          }
        ]
      }
    },
    "s": {
      "0": 2,
      "1": 3,
      "2": 3,
      "3": 3,
      "4": 3
    },
    "f": {
      "0": 3
    },
    "b": {
      "0": [
        3
      ]
    }
  },
  "D:/Work/Projects/DSpot/friends_app/src/pages/Details/hooks/useGetInfo.ts": {
    "path": "D:/Work/Projects/DSpot/friends_app/src/pages/Details/hooks/useGetInfo.ts",
    "statementMap": {
      "0": {
        "start": {
          "line": 6,
          "column": 26
        },
        "end": {
          "line": 10,
          "column": null
        }
      },
      "1": {
        "start": {
          "line": 7,
          "column": 21
        },
        "end": {
          "line": 7,
          "column": null
        }
      },
      "2": {
        "start": {
          "line": 7,
          "column": 35
        },
        "end": {
          "line": 7,
          "column": 57
        }
      },
      "3": {
        "start": {
          "line": 9,
          "column": 2
        },
        "end": {
          "line": 9,
          "column": null
        }
      }
    },
    "fnMap": {
      "0": {
        "name": "(anonymous_0)",
        "decl": {
          "start": {
            "line": 6,
            "column": 26
          },
          "end": {
            "line": 6,
            "column": 27
          }
        },
        "loc": {
          "start": {
            "line": 6,
            "column": 73
          },
          "end": {
            "line": 10,
            "column": null
          }
        }
      },
      "1": {
        "name": "(anonymous_1)",
        "decl": {
          "start": {
            "line": 7,
            "column": 29
          },
          "end": {
            "line": 7,
            "column": 35
          }
        },
        "loc": {
          "start": {
            "line": 7,
            "column": 35
          },
          "end": {
            "line": 7,
            "column": 57
          }
        }
      }
    },
    "branchMap": {},
    "s": {
      "0": 2,
      "1": 8,
      "2": 3,
      "3": 8
    },
    "f": {
      "0": 8,
      "1": 3
    },
    "b": {}
  },
  "D:/Work/Projects/DSpot/friends_app/src/pages/Details/styles.tsx": {
    "path": "D:/Work/Projects/DSpot/friends_app/src/pages/Details/styles.tsx",
    "statementMap": {
      "0": {
        "start": {
          "line": 4,
          "column": 7
        },
        "end": {
          "line": 4,
          "column": null
        }
      },
      "1": {
        "start": {
          "line": 8,
          "column": 7
        },
        "end": {
          "line": 8,
          "column": null
        }
      }
    },
    "fnMap": {},
    "branchMap": {},
    "s": {
      "0": 2,
      "1": 2
    },
    "f": {},
    "b": {}
  },
  "D:/Work/Projects/DSpot/friends_app/src/pages/Details/Details.tsx": {
    "path": "D:/Work/Projects/DSpot/friends_app/src/pages/Details/Details.tsx",
    "statementMap": {
      "0": {
        "start": {
          "line": 17,
          "column": 7
        },
        "end": {
          "line": 52,
          "column": 2
        }
      },
      "1": {
        "start": {
          "line": 17,
          "column": 55
        },
        "end": {
          "line": 17,
          "column": null
        }
      },
      "2": {
        "start": {
          "line": 18,
          "column": 31
        },
        "end": {
          "line": 18,
          "column": null
        }
      },
      "3": {
        "start": {
          "line": 19,
          "column": 10
        },
        "end": {
          "line": 19,
          "column": null
        }
      },
      "4": {
        "start": {
          "line": 20,
          "column": 2
        },
        "end": {
          "line": 20,
          "column": 30
        }
      },
      "5": {
        "start": {
          "line": 21,
          "column": 2
        },
        "end": {
          "line": 22,
          "column": null
        }
      },
      "6": {
        "start": {
          "line": 24,
          "column": 8
        },
        "end": {
          "line": 24,
          "column": null
        }
      },
      "7": {
        "start": {
          "line": 40,
          "column": 12
        },
        "end": {
          "line": 40,
          "column": null
        }
      },
      "8": {
        "start": {
          "line": 52,
          "column": 2
        },
        "end": {
          "line": 20,
          "column": null
        }
      },
      "9": {
        "start": {
          "line": 17,
          "column": 38
        },
        "end": {
          "line": 17,
          "column": 42
        }
      },
      "10": {
        "start": {
          "line": 20,
          "column": 30
        },
        "end": {
          "line": 20,
          "column": null
        }
      }
    },
    "fnMap": {
      "0": {
        "name": "(anonymous_1)",
        "decl": {
          "start": {
            "line": 17,
            "column": 7
          },
          "end": {
            "line": 17,
            "column": 38
          }
        },
        "loc": {
          "start": {
            "line": 17,
            "column": 49
          },
          "end": {
            "line": 52,
            "column": 2
          }
        }
      },
      "1": {
        "name": "(anonymous_2)",
        "decl": {
          "start": {
            "line": 24,
            "column": 8
          },
          "end": {
            "line": 24,
            "column": null
          }
        },
        "loc": {
          "start": {
            "line": 24,
            "column": 8
          },
          "end": {
            "line": 24,
            "column": null
          }
        }
      },
      "2": {
        "name": "(anonymous_3)",
        "decl": {
          "start": {
            "line": 40,
            "column": 12
          },
          "end": {
            "line": 40,
            "column": null
          }
        },
        "loc": {
          "start": {
            "line": 40,
            "column": 12
          },
          "end": {
            "line": 40,
            "column": null
          }
        }
      },
      "3": {
        "name": "(anonymous_4)",
        "decl": {
          "start": {
            "line": 52,
            "column": 2
          },
          "end": {
            "line": 52,
            "column": null
          }
        },
        "loc": {
          "start": {
            "line": 52,
            "column": 2
          },
          "end": {
            "line": 20,
            "column": null
          }
        }
      }
    },
    "branchMap": {
      "0": {
        "loc": {
          "start": {
            "line": 48,
            "column": 6
          },
          "end": {
            "line": 48,
            "column": null
          }
        },
        "type": "binary-expr",
        "locations": [
          {
            "start": {
              "line": 48,
              "column": 6
            },
            "end": {
              "line": 48,
              "column": null
            }
          },
          {
            "start": {
              "line": 48,
              "column": 6
            },
            "end": {
              "line": 48,
              "column": null
            }
          }
        ]
      }
    },
    "s": {
      "0": 2,
      "1": 8,
      "2": 8,
      "3": 8,
      "4": 8,
      "5": 8,
      "6": 0,
      "7": 1,
      "8": 2,
      "9": 4,
      "10": 2
    },
    "f": {
      "0": 8,
      "1": 0,
      "2": 1,
      "3": 2
    },
    "b": {
      "0": [
        8,
        1
      ]
    }
  }
}