TN:
SF:src\Theme\Context.tsx
FN:21,(anonymous_1)
FN:33,(anonymous_2)
FNF:2
FNH:0
FNDA:0,(anonymous_1)
FNDA:0,(anonymous_2)
DA:7,49
DA:19,49
DA:21,49
DA:22,0
DA:24,0
DA:29,0
DA:33,49
DA:34,0
DA:35,0
DA:36,49
LF:10
LH:5
BRDA:22,0,0,0
BRDA:22,0,1,0
BRF:2
BRH:0
end_of_record
TN:
SF:src\Theme\GlobalStyles.tsx
FN:3,(anonymous_0)
FN:5,(anonymous_1)
FN:6,(anonymous_2)
FN:7,(anonymous_3)
FN:8,(anonymous_4)
FN:9,(anonymous_5)
FNF:6
FNH:6
FNDA:96,(anonymous_0)
FNDA:96,(anonymous_1)
FNDA:96,(anonymous_2)
FNDA:96,(anonymous_3)
FNDA:96,(anonymous_4)
FNDA:96,(anonymous_5)
DA:3,49
DA:5,96
DA:6,96
DA:7,96
DA:8,96
DA:9,96
DA:10,96
LF:7
LH:7
BRF:0
BRH:0
end_of_record
TN:
SF:src\Theme\Theme.tsx
FN:14,(anonymous_1)
FN:17,(anonymous_2)
FN:19,(anonymous_3)
FNF:3
FNH:0
FNDA:0,(anonymous_1)
FNDA:0,(anonymous_2)
FNDA:0,(anonymous_3)
DA:14,98
DA:15,0
DA:17,0
DA:21,0
DA:27,0
DA:35,49
LF:6
LH:2
BRF:0
BRH:0
end_of_record
TN:
SF:src\Theme\initial-theme.ts
FN:28,(anonymous_0)
FNF:1
FNH:0
FNDA:0,(anonymous_0)
DA:3,49
LF:1
LH:1
BRF:0
BRH:0
end_of_record
TN:
SF:src\components\Availability\Availability.tsx
FN:1,(anonymous_0)
FN:7,(anonymous_1)
FNF:2
FNH:2
FNDA:21,(anonymous_0)
FNDA:65,(anonymous_1)
DA:1,147
DA:7,21
DA:12,65
DA:21,21
LF:4
LH:4
BRDA:1,0,0,21
BRDA:8,1,0,49
BRDA:12,2,0,65
BRDA:12,2,1,3
BRF:4
BRH:4
end_of_record
TN:
SF:src\components\Button\Button.tsx
FN:1,(anonymous_0)
FN:6,(anonymous_1)
FNF:2
FNH:2
FNDA:50,(anonymous_0)
FNDA:79,(anonymous_1)
DA:1,200
DA:6,25
DA:8,79
DA:9,25
DA:11,50
LF:5
LH:5
BRDA:1,0,0,25
BRF:1
BRH:1
end_of_record
TN:
SF:src\components\Button\styles.tsx
FN:11,(anonymous_0)
FN:12,(anonymous_1)
FN:13,(anonymous_2)
FN:17,(anonymous_3)
FN:18,(anonymous_4)
FN:19,(anonymous_5)
FN:23,(anonymous_6)
FN:24,(anonymous_7)
FN:36,(anonymous_8)
FN:40,(anonymous_9)
FN:44,(anonymous_10)
FN:45,(anonymous_11)
FN:51,(anonymous_12)
FN:55,(anonymous_13)
FN:56,(anonymous_14)
FN:61,(anonymous_15)
FNF:16
FNH:16
FNDA:79,(anonymous_0)
FNDA:79,(anonymous_1)
FNDA:79,(anonymous_2)
FNDA:79,(anonymous_3)
FNDA:79,(anonymous_4)
FNDA:79,(anonymous_5)
FNDA:79,(anonymous_6)
FNDA:79,(anonymous_7)
FNDA:79,(anonymous_8)
FNDA:79,(anonymous_9)
FNDA:79,(anonymous_10)
FNDA:79,(anonymous_11)
FNDA:79,(anonymous_12)
FNDA:79,(anonymous_13)
FNDA:79,(anonymous_14)
FNDA:79,(anonymous_15)
DA:5,25
DA:11,25
DA:12,79
DA:13,79
DA:14,79
DA:17,25
DA:18,79
DA:19,79
DA:20,79
DA:23,25
DA:24,79
DA:26,79
DA:29,25
DA:40,79
DA:44,79
DA:45,79
DA:46,79
DA:55,79
DA:56,79
DA:61,79
DA:62,79
LF:21
LH:21
BRF:0
BRH:0
end_of_record
TN:
SF:src\components\CardContainer\CardContainer.tsx
FN:1,(anonymous_0)
FN:5,(anonymous_1)
FNF:2
FNH:2
FNDA:20,(anonymous_0)
FNDA:92,(anonymous_1)
DA:1,140
DA:5,20
DA:9,92
DA:10,20
LF:4
LH:4
BRDA:1,0,0,20
BRDA:9,1,0,92
BRDA:9,1,1,27
BRF:3
BRH:3
end_of_record
TN:
SF:src\components\CardContainer\styles.tsx
FN:3,(anonymous_0)
FNF:1
FNH:1
FNDA:92,(anonymous_0)
DA:3,20
DA:5,92
LF:2
LH:2
BRF:0
BRH:0
end_of_record
TN:
SF:src\components\DetailInfo\DetailInfo.tsx
FN:1,(anonymous_0)
FN:8,(anonymous_1)
FN:16,(anonymous_2)
FN:17,(anonymous_3)
FNF:4
FNH:4
FNDA:13,(anonymous_0)
FNDA:12,(anonymous_1)
FNDA:33,(anonymous_2)
FNDA:62,(anonymous_3)
DA:1,91
DA:8,13
DA:14,12
DA:17,33
DA:20,62
DA:41,13
LF:6
LH:6
BRDA:1,0,0,13
BRDA:14,1,0,12
BRDA:14,1,1,12
BRDA:20,2,0,62
BRDA:20,2,1,62
BRDA:25,3,0,62
BRDA:25,3,1,33
BRF:7
BRH:7
end_of_record
TN:
SF:src\components\DetailInfo\styles.tsx
FN:12,(anonymous_0)
FNF:1
FNH:1
FNDA:62,(anonymous_0)
DA:3,13
DA:12,13
DA:28,62
DA:39,13
LF:4
LH:4
BRF:0
BRH:0
end_of_record
TN:
SF:src\components\DetailsContainer\DetailsContainer.tsx
FN:1,(anonymous_0)
FN:7,(anonymous_1)
FNF:2
FNH:2
FNDA:10,(anonymous_0)
FNDA:8,(anonymous_1)
DA:1,70
DA:7,10
DA:17,8
DA:38,10
LF:4
LH:4
BRDA:1,0,0,10
BRF:1
BRH:1
end_of_record
TN:
SF:src\components\DetailsContainer\styles.tsx
FNF:0
FNH:0
DA:4,10
DA:8,10
LF:2
LH:2
BRF:0
BRH:0
end_of_record
TN:
SF:src\components\FallBack\FallBack.tsx
FN:1,(anonymous_0)
FN:3,(anonymous_1)
FNF:2
FNH:2
FNDA:11,(anonymous_0)
FNDA:1,(anonymous_1)
DA:1,77
DA:3,11
DA:4,1
DA:5,11
LF:4
LH:4
BRDA:1,0,0,11
BRF:1
BRH:1
end_of_record
TN:
SF:src\components\FallBack\styles.tsx
FNF:0
FNH:0
DA:4,11
LF:1
LH:1
BRF:0
BRH:0
end_of_record
TN:
SF:src\components\FriendCard\FriendCard.tsx
FN:1,(anonymous_0)
FN:16,(anonymous_1)
FN:39,(anonymous_2)
FNF:3
FNH:3
FNDA:18,(anonymous_0)
FNDA:48,(anonymous_1)
FNDA:25,(anonymous_2)
DA:1,126
DA:16,18
DA:26,48
DA:39,25
DA:51,18
LF:5
LH:5
BRDA:1,0,0,18
BRDA:30,1,0,48
BRDA:30,1,1,48
BRDA:35,2,0,96
BRDA:35,2,1,0
BRDA:39,3,0,25
BRDA:39,3,1,25
BRF:7
BRH:6
end_of_record
TN:
SF:src\components\FriendCard\styles.tsx
FNF:0
FNH:0
DA:7,19
DA:18,19
DA:29,19
DA:33,19
DA:38,19
DA:45,19
DA:60,19
LF:7
LH:7
BRF:0
BRH:0
end_of_record
TN:
SF:src\components\FriendCard\SkeletonFriendCard\SkeletonFriendCard.tsx
FN:1,(anonymous_0)
FN:12,(anonymous_1)
FNF:2
FNH:2
FNDA:16,(anonymous_0)
FNDA:17,(anonymous_1)
DA:1,112
DA:12,16
DA:13,17
DA:25,16
LF:4
LH:4
BRDA:1,0,0,16
BRF:1
BRH:1
end_of_record
TN:
SF:src\components\FriendCard\SkeletonFriendCard\styles.tsx
FNF:0
FNH:0
DA:5,16
DA:9,16
DA:15,16
DA:21,16
DA:26,16
LF:5
LH:5
BRF:0
BRH:0
end_of_record
TN:
SF:src\components\FriendDetail\FriendDetail.tsx
FN:1,(anonymous_0)
FN:17,(anonymous_1)
FNF:2
FNH:2
FNDA:10,(anonymous_0)
FNDA:14,(anonymous_1)
DA:1,70
DA:17,10
DA:26,14
DA:50,10
LF:4
LH:4
BRDA:1,0,0,10
BRDA:32,1,0,28
BRDA:32,1,1,0
BRDA:39,2,0,28
BRDA:39,2,1,0
BRF:5
BRH:3
end_of_record
TN:
SF:src\components\FriendDetail\styles.tsx
FNF:0
FNH:0
DA:7,10
DA:20,10
DA:31,10
DA:37,10
DA:43,10
DA:48,10
LF:6
LH:6
BRF:0
BRH:0
end_of_record
TN:
SF:src\components\FriendList\FriendList.tsx
FN:1,(anonymous_0)
FN:7,(anonymous_1)
FN:12,(anonymous_2)
FN:15,(anonymous_3)
FNF:4
FNH:4
FNDA:15,(anonymous_0)
FNDA:7,(anonymous_1)
FNDA:42,(anonymous_2)
FNDA:24,(anonymous_3)
DA:1,105
DA:7,15
DA:12,7
DA:15,42
DA:32,15
LF:5
LH:5
BRDA:1,0,0,15
BRDA:15,1,0,24
BRDA:15,1,1,24
BRF:3
BRH:3
end_of_record
TN:
SF:src\components\FriendList\styles.tsx
FNF:0
FNH:0
DA:3,15
LF:1
LH:1
BRF:0
BRH:0
end_of_record
TN:
SF:src\components\GalleryModal\GalleryModal.tsx
FN:1,(anonymous_0)
FN:8,(anonymous_1)
FN:11,(anonymous_2)
FNF:3
FNH:3
FNDA:11,(anonymous_0)
FNDA:2,(anonymous_1)
FNDA:1,(anonymous_2)
DA:1,77
DA:8,11
DA:9,2
DA:11,1
DA:24,11
LF:5
LH:5
BRDA:1,0,0,11
BRF:1
BRH:1
end_of_record
TN:
SF:src\components\GalleryModal\styles.tsx
FNF:0
FNH:0
DA:5,11
DA:15,11
LF:2
LH:2
BRF:0
BRH:0
end_of_record
TN:
SF:src\components\HomeContainer\HomeContainer.tsx
FN:1,(anonymous_0)
FN:16,(anonymous_1)
FNF:2
FNH:2
FNDA:14,(anonymous_0)
FNDA:16,(anonymous_1)
DA:1,98
DA:16,14
DA:24,16
DA:26,16
DA:45,14
LF:5
LH:5
BRDA:1,0,0,14
BRDA:24,1,0,16
BRDA:24,1,1,10
BRDA:24,1,2,6
BRDA:35,2,0,16
BRDA:35,2,1,2
BRDA:35,3,0,16
BRDA:35,3,1,4
BRDA:36,4,0,16
BRDA:36,4,1,4
BRDA:37,5,0,16
BRDA:37,5,1,6
BRDA:37,5,2,6
BRF:13
BRH:13
end_of_record
TN:
SF:src\components\HomeContainer\styles.tsx
FNF:0
FNH:0
DA:6,14
DA:18,14
DA:27,14
LF:3
LH:3
BRF:0
BRH:0
end_of_record
TN:
SF:src\components\Img\Img.tsx
FN:1,(anonymous_0)
FN:5,(anonymous_1)
FN:6,(anonymous_2)
FNF:3
FNH:2
FNDA:23,(anonymous_0)
FNDA:115,(anonymous_1)
FNDA:0,(anonymous_2)
DA:1,161
DA:5,23
DA:6,115
DA:16,23
LF:4
LH:4
BRDA:1,0,0,23
BRDA:6,1,0,230
BRDA:6,1,1,182
BRF:3
BRH:3
end_of_record
TN:
SF:src\components\Img\styles.tsx
FN:3,(anonymous_0)
FNF:1
FNH:1
FNDA:115,(anonymous_0)
DA:3,23
DA:8,115
DA:11,23
LF:3
LH:3
BRF:0
BRH:0
end_of_record
TN:
SF:src\components\InfoMessage\InfoMessage.tsx
FN:1,(anonymous_0)
FN:7,(anonymous_1)
FNF:2
FNH:2
FNDA:16,(anonymous_0)
FNDA:9,(anonymous_1)
DA:1,112
DA:7,16
DA:8,9
DA:14,16
LF:4
LH:4
BRDA:1,0,0,16
BRF:1
BRH:1
end_of_record
TN:
SF:src\components\InfoMessage\styles.tsx
FN:4,(anonymous_0)
FN:5,(anonymous_1)
FNF:2
FNH:2
FNDA:9,(anonymous_0)
FNDA:9,(anonymous_1)
DA:4,16
DA:5,9
DA:8,9
DA:12,16
LF:4
LH:4
BRF:0
BRH:0
end_of_record
TN:
SF:src\components\LoadingFriendCard\LoadingFriendCard.tsx
FN:1,(anonymous_0)
FN:4,(anonymous_1)
FN:7,(anonymous_2)
FNF:3
FNH:3
FNDA:14,(anonymous_0)
FNDA:4,(anonymous_1)
FNDA:16,(anonymous_2)
DA:1,98
DA:4,14
DA:5,4
DA:8,16
DA:16,14
LF:5
LH:5
BRDA:1,0,0,14
BRF:1
BRH:1
end_of_record
TN:
SF:src\components\LoadingFriendCard\styles.tsx
FNF:0
FNH:0
DA:3,14
LF:1
LH:1
BRF:0
BRH:0
end_of_record
TN:
SF:src\components\ModalContainer\ModalContainer.tsx
FN:1,(anonymous_0)
FN:5,(anonymous_1)
FNF:2
FNH:2
FNDA:13,(anonymous_0)
FNDA:5,(anonymous_1)
DA:1,91
DA:5,13
DA:6,5
DA:7,13
LF:4
LH:4
BRDA:1,0,0,13
BRF:1
BRH:1
end_of_record
TN:
SF:src\components\ModalContainer\styles.tsx
FNF:0
FNH:0
DA:3,13
LF:1
LH:1
BRF:0
BRH:0
end_of_record
TN:
SF:src\components\PhotoGalery\PhotoGalery.tsx
FN:1,(anonymous_0)
FN:7,(anonymous_1)
FN:8,(anonymous_2)
FNF:3
FNH:3
FNDA:12,(anonymous_0)
FNDA:6,(anonymous_1)
FNDA:49,(anonymous_2)
DA:1,84
DA:7,12
DA:8,48
DA:20,12
LF:4
LH:4
BRDA:1,0,0,12
BRF:1
BRH:1
end_of_record
TN:
SF:src\components\PhotoGalery\styles.tsx
FNF:0
FNH:0
DA:3,12
DA:17,12
LF:2
LH:2
BRF:0
BRH:0
end_of_record
TN:
SF:src\components\Row\Row.tsx
FNF:0
FNH:0
DA:4,14
LF:1
LH:1
BRF:0
BRH:0
end_of_record
TN:
SF:src\components\ScrollRow\ScrollRow.tsx
FN:4,(anonymous_0)
FN:8,(anonymous_1)
FN:13,(anonymous_2)
FNF:3
FNH:3
FNDA:69,(anonymous_0)
FNDA:69,(anonymous_1)
FNDA:69,(anonymous_2)
DA:4,15
DA:7,69
DA:13,69
DA:20,69
LF:4
LH:4
BRF:0
BRH:0
end_of_record
TN:
SF:src\components\Section\Section.tsx
FNF:0
FNH:0
DA:3,11
LF:1
LH:1
BRF:0
BRH:0
end_of_record
TN:
SF:src\components\SectionContainer\SectionContainer.tsx
FN:1,(anonymous_0)
FN:5,(anonymous_1)
FNF:2
FNH:2
FNDA:14,(anonymous_0)
FNDA:30,(anonymous_1)
DA:1,98
DA:5,14
DA:9,30
DA:10,14
LF:4
LH:4
BRDA:1,0,0,14
BRDA:9,1,0,30
BRDA:9,1,1,30
BRF:3
BRH:3
end_of_record
TN:
SF:src\components\SectionContainer\styles.tsx
FNF:0
FNH:0
DA:3,14
LF:1
LH:1
BRF:0
BRH:0
end_of_record
TN:
SF:src\components\Status\Status.tsx
FN:1,(anonymous_0)
FN:5,(anonymous_1)
FNF:2
FNH:2
FNDA:20,(anonymous_0)
FNDA:65,(anonymous_1)
DA:1,140
DA:5,20
DA:6,65
DA:12,20
LF:4
LH:4
BRDA:1,0,0,20
BRDA:6,1,0,65
BRDA:6,1,1,65
BRF:3
BRH:3
end_of_record
TN:
SF:src\components\Status\styles.tsx
FN:3,(anonymous_0)
FN:6,(anonymous_1)
FNF:2
FNH:2
FNDA:65,(anonymous_0)
FNDA:65,(anonymous_1)
DA:3,20
DA:6,65
DA:15,65
LF:3
LH:3
BRF:0
BRH:0
end_of_record
TN:
SF:src\components\Tab\Tab.tsx
FN:1,(anonymous_0)
FN:9,(anonymous_1)
FNF:2
FNH:2
FNDA:12,(anonymous_0)
FNDA:65,(anonymous_1)
DA:1,84
DA:9,12
DA:10,65
DA:20,12
LF:4
LH:4
BRDA:1,0,0,12
BRDA:10,1,0,65
BRDA:10,1,1,65
BRF:3
BRH:3
end_of_record
TN:
SF:src\components\TabData\TabData.tsx
FN:9,(anonymous_1)
FN:14,(anonymous_2)
FN:17,(anonymous_3)
FN:35,(anonymous_4)
FNF:4
FNH:4
FNDA:26,(anonymous_1)
FNDA:62,(anonymous_2)
FNDA:2,(anonymous_3)
FNDA:9,(anonymous_4)
DA:9,26
DA:10,26
DA:12,26
DA:17,62
DA:35,10
LF:5
LH:5
BRF:0
BRH:0
end_of_record
TN:
SF:src\components\TabData\styles.tsx
FNF:0
FNH:0
DA:5,10
DA:10,10
DA:19,10
DA:25,10
LF:4
LH:4
BRF:0
BRH:0
end_of_record
TN:
SF:src\components\Text\Text.tsx
FN:1,(anonymous_0)
FN:7,(anonymous_1)
FNF:2
FNH:2
FNDA:26,(anonymous_0)
FNDA:279,(anonymous_1)
DA:1,182
DA:7,26
DA:14,279
DA:33,26
LF:4
LH:4
BRDA:1,0,0,26
BRDA:14,1,0,33
BRDA:14,1,1,246
BRDA:14,2,0,33
BRDA:14,2,1,3
BRDA:15,3,0,246
BRDA:15,3,1,198
BRF:7
BRH:7
end_of_record
TN:
SF:src\pages\Details\Details.tsx
FN:14,(anonymous_1)
FN:21,(anonymous_2)
FN:30,(anonymous_3)
FN:41,(anonymous_4)
FNF:4
FNH:3
FNDA:8,(anonymous_1)
FNDA:0,(anonymous_2)
FNDA:1,(anonymous_3)
FNDA:2,(anonymous_4)
DA:14,8
DA:15,8
DA:16,8
DA:17,8
DA:19,8
DA:21,0
DA:30,1
DA:41,2
LF:8
LH:7
BRDA:36,0,0,8
BRDA:36,0,1,1
BRF:2
BRH:2
end_of_record
TN:
SF:src\pages\Details\hooks\useGetInfo.ts
FN:6,(anonymous_0)
FN:7,(anonymous_1)
FNF:2
FNH:2
FNDA:8,(anonymous_0)
FNDA:3,(anonymous_1)
DA:6,2
DA:7,8
DA:9,8
LF:3
LH:3
BRF:0
BRH:0
end_of_record
TN:
SF:src\pages\Home\Home.tsx
FN:5,(anonymous_1)
FN:18,(anonymous_2)
FN:5,(anonymous_3)
FNF:3
FNH:2
FNDA:6,(anonymous_1)
FNDA:0,(anonymous_2)
FNDA:1,(anonymous_3)
DA:5,6
DA:6,6
DA:7,6
DA:8,6
DA:10,6
DA:18,0
DA:22,1
LF:7
LH:6
BRF:0
BRH:0
end_of_record
TN:
SF:src\pages\Home\hooks\useDetails.tsx
FN:7,(anonymous_1)
FN:13,(anonymous_2)
FN:22,(anonymous_3)
FN:26,(anonymous_4)
FN:7,(anonymous_5)
FNF:5
FNH:5
FNDA:6,(anonymous_1)
FNDA:6,(anonymous_2)
FNDA:1,(anonymous_3)
FNDA:2,(anonymous_4)
FNDA:1,(anonymous_5)
DA:7,6
DA:8,6
DA:9,6
DA:10,6
DA:12,6
DA:14,6
DA:15,6
DA:17,0
DA:22,6
DA:23,1
DA:26,6
DA:27,2
DA:28,1
DA:29,1
DA:33,6
DA:34,1
LF:16
LH:15
BRDA:14,0,0,6
BRDA:14,1,0,6
BRDA:14,1,1,6
BRDA:27,2,0,1
BRDA:27,3,0,2
BRDA:27,3,1,1
BRF:6
BRH:6
end_of_record
TN:
SF:src\pages\Home\hooks\useFriends.tsx
FN:6,(anonymous_1)
FN:11,(anonymous_2)
FN:15,(anonymous_3)
FN:6,(anonymous_4)
FNF:4
FNH:4
FNDA:6,(anonymous_1)
FNDA:1,(anonymous_2)
FNDA:2,(anonymous_3)
FNDA:1,(anonymous_4)
DA:6,6
DA:7,6
DA:9,6
DA:11,6
DA:12,1
DA:15,6
DA:16,2
DA:17,1
DA:21,6
DA:22,1
LF:10
LH:10
BRDA:16,0,0,1
BRDA:16,1,0,2
BRDA:16,1,1,1
BRF:3
BRH:3
end_of_record
TN:
SF:src\shared\animations\fadeIn.ts
FN:14,(anonymous_0)
FNF:1
FNH:1
FNDA:19,(anonymous_0)
DA:3,20
DA:14,20
DA:20,19
LF:3
LH:3
BRDA:15,0,0,19
BRDA:16,1,0,19
BRF:2
BRH:2
end_of_record
TN:
SF:src\shared\animations\scaleOut.ts
FN:14,(anonymous_0)
FNF:1
FNH:1
FNDA:11,(anonymous_0)
DA:3,20
DA:14,20
LF:2
LH:2
BRDA:14,0,0,11
BRF:1
BRH:1
end_of_record
TN:
SF:src\shared\animations\skeleton.ts
FN:12,(anonymous_0)
FNF:1
FNH:1
FNDA:48,(anonymous_0)
DA:3,20
DA:12,48
LF:2
LH:2
BRDA:12,0,0,48
BRF:1
BRH:1
end_of_record
TN:
SF:src\shared\const\detailsDataMock.ts
FNF:0
FNH:0
DA:1,21
LF:1
LH:1
BRF:0
BRH:0
end_of_record
TN:
SF:src\shared\const\detailsMock.ts
FNF:0
FNH:0
DA:4,21
LF:1
LH:1
BRF:0
BRH:0
end_of_record
TN:
SF:src\shared\const\friendListMock.ts
FNF:0
FNH:0
DA:8,21
LF:1
LH:1
BRF:0
BRH:0
end_of_record
TN:
SF:src\shared\const\photoGaleryMock.ts
FNF:0
FNH:0
DA:9,21
LF:1
LH:1
BRF:0
BRH:0
end_of_record
TN:
SF:src\shared\const\tabsDataMock.ts
FNF:0
FNH:0
DA:1,21
LF:1
LH:1
BRF:0
BRH:0
end_of_record
TN:
SF:src\shared\hooks\reduxHooks.ts
FN:5,(anonymous_0)
FNF:1
FNH:1
FNDA:6,(anonymous_0)
DA:5,6
DA:6,1
LF:2
LH:2
BRF:0
BRH:0
end_of_record
TN:
SF:src\shared\hooks\useAppNavigation.tsx
FN:4,(anonymous_1)
FN:7,(anonymous_2)
FN:4,(anonymous_3)
FNF:3
FNH:2
FNDA:14,(anonymous_1)
FNDA:0,(anonymous_2)
FNDA:3,(anonymous_3)
DA:4,14
DA:5,14
DA:7,14
DA:9,14
DA:10,10
LF:5
LH:5
BRF:0
BRH:0
end_of_record
TN:
SF:src\shared\hooks\useGalleyModal.tsx
FN:5,(anonymous_1)
FN:9,(anonymous_2)
FN:14,(anonymous_3)
FN:20,(anonymous_4)
FNF:4
FNH:4
FNDA:8,(anonymous_1)
FNDA:1,(anonymous_2)
FNDA:1,(anonymous_3)
FNDA:1,(anonymous_4)
DA:5,10
DA:6,8
DA:7,8
DA:9,8
DA:10,1
DA:11,1
DA:14,8
DA:15,1
DA:16,1
DA:19,8
DA:21,1
DA:28,8
DA:30,8
DA:31,10
LF:14
LH:14
BRDA:28,0,0,8
BRDA:28,0,1,1
BRF:2
BRH:2
end_of_record
TN:
SF:src\shared\hooks\useHandleTabs.ts
FN:3,(anonymous_0)
FN:10,(anonymous_1)
FN:14,(anonymous_2)
FNF:3
FNH:3
FNDA:26,(anonymous_0)
FNDA:2,(anonymous_1)
FNDA:26,(anonymous_2)
DA:3,10
DA:8,26
DA:10,26
DA:11,2
DA:14,26
DA:15,26
DA:18,26
LF:7
LH:7
BRDA:15,0,0,26
BRDA:15,0,1,0
BRF:2
BRH:1
end_of_record
TN:
SF:src\shared\utils\getInfoDetails.ts
FN:5,(anonymous_0)
FNF:1
FNH:1
FNDA:3,(anonymous_0)
DA:5,2
DA:6,3
DA:7,3
DA:8,3
DA:23,3
LF:5
LH:5
BRDA:7,0,0,3
BRF:1
BRH:1
end_of_record
TN:
SF:src\store\store.tsx
FN:12,(anonymous_0)
FNF:1
FNH:1
FNDA:49,(anonymous_0)
DA:7,49
DA:13,49
DA:18,49
LF:3
LH:3
BRF:0
BRH:0
end_of_record
TN:
SF:src\store\api\apiSlice.tsx
FN:6,(anonymous_0)
FNF:1
FNH:1
FNDA:49,(anonymous_0)
DA:4,49
DA:6,49
LF:2
LH:2
BRF:0
BRH:0
end_of_record
TN:
SF:src\store\api\baseQuery.tsx
FNF:0
FNH:0
DA:3,49
LF:1
LH:1
BRF:0
BRH:0
end_of_record
TN:
SF:src\store\slices\detailSlice.ts
FN:13,(anonymous_0)
FN:21,(anonymous_1)
FNF:2
FNH:1
FNDA:1,(anonymous_0)
FNDA:0,(anonymous_1)
DA:7,49
DA:14,1
DA:19,49
DA:21,49
LF:4
LH:4
BRF:0
BRH:0
end_of_record
TN:
SF:src\store\slices\useDetails.ts
FN:4,(anonymous_0)
FN:6,(anonymous_1)
FNF:2
FNH:2
FNDA:1,(anonymous_0)
FNDA:1,(anonymous_1)
DA:3,1
DA:4,1
DA:6,1
DA:11,1
LF:4
LH:4
BRF:0
BRH:0
end_of_record
TN:
SF:src\store\slices\useFriendsSlice.ts
FN:4,(anonymous_0)
FN:6,(anonymous_1)
FNF:2
FNH:2
FNDA:1,(anonymous_0)
FNDA:1,(anonymous_1)
DA:3,1
DA:4,1
DA:6,1
DA:11,1
LF:4
LH:4
BRF:0
BRH:0
end_of_record
