TN:
SF:src\Theme\Context.tsx
FN:20,(anonymous_1)
FN:32,(anonymous_2)
FNF:2
FNH:0
FNDA:0,(anonymous_1)
FNDA:0,(anonymous_2)
DA:6,45
DA:18,45
DA:20,45
DA:21,0
DA:23,0
DA:28,0
DA:32,45
DA:33,0
DA:34,0
DA:35,45
LF:10
LH:5
BRDA:21,0,0,0
BRDA:21,0,1,0
BRF:2
BRH:0
end_of_record
TN:
SF:src\Theme\GlobalStyles.tsx
FN:3,(anonymous_0)
FN:5,(anonymous_1)
FN:6,(anonymous_2)
FN:7,(anonymous_3)
FN:8,(anonymous_4)
FN:9,(anonymous_5)
FNF:6
FNH:6
FNDA:89,(anonymous_0)
FNDA:89,(anonymous_1)
FNDA:89,(anonymous_2)
FNDA:89,(anonymous_3)
FNDA:89,(anonymous_4)
FNDA:89,(anonymous_5)
DA:3,45
DA:5,89
DA:6,89
DA:7,89
DA:8,89
DA:9,89
DA:10,89
LF:7
LH:7
BRF:0
BRH:0
end_of_record
TN:
SF:src\Theme\Theme.tsx
FN:14,(anonymous_1)
FN:17,(anonymous_2)
FN:19,(anonymous_3)
FNF:3
FNH:0
FNDA:0,(anonymous_1)
FNDA:0,(anonymous_2)
FNDA:0,(anonymous_3)
DA:14,90
DA:15,0
DA:17,0
DA:21,0
DA:27,0
DA:35,45
LF:6
LH:2
BRF:0
BRH:0
end_of_record
TN:
SF:src\Theme\initial-theme.ts
FN:28,(anonymous_0)
FNF:1
FNH:0
FNDA:0,(anonymous_0)
DA:3,45
LF:1
LH:1
BRF:0
BRH:0
end_of_record
TN:
SF:src\components\Availability\Availability.tsx
FN:1,(anonymous_0)
FN:7,(anonymous_1)
FNF:2
FNH:2
FNDA:18,(anonymous_0)
FNDA:44,(anonymous_1)
DA:1,126
DA:7,18
DA:12,44
DA:21,18
LF:4
LH:4
BRDA:1,0,0,18
BRDA:8,1,0,31
BRDA:12,2,0,44
BRDA:12,2,1,3
BRF:4
BRH:4
end_of_record
TN:
SF:src\components\Button\Button.tsx
FN:1,(anonymous_0)
FN:6,(anonymous_1)
FNF:2
FNH:2
FNDA:44,(anonymous_0)
FNDA:61,(anonymous_1)
DA:1,176
DA:6,22
DA:8,61
DA:9,22
DA:11,44
LF:5
LH:5
BRDA:1,0,0,22
BRF:1
BRH:1
end_of_record
TN:
SF:src\components\Button\styles.tsx
FN:11,(anonymous_0)
FN:12,(anonymous_1)
FN:13,(anonymous_2)
FN:17,(anonymous_3)
FN:18,(anonymous_4)
FN:19,(anonymous_5)
FN:23,(anonymous_6)
FN:24,(anonymous_7)
FN:36,(anonymous_8)
FN:40,(anonymous_9)
FN:44,(anonymous_10)
FN:45,(anonymous_11)
FN:51,(anonymous_12)
FN:55,(anonymous_13)
FN:56,(anonymous_14)
FN:61,(anonymous_15)
FNF:16
FNH:16
FNDA:61,(anonymous_0)
FNDA:61,(anonymous_1)
FNDA:61,(anonymous_2)
FNDA:61,(anonymous_3)
FNDA:61,(anonymous_4)
FNDA:61,(anonymous_5)
FNDA:61,(anonymous_6)
FNDA:61,(anonymous_7)
FNDA:61,(anonymous_8)
FNDA:61,(anonymous_9)
FNDA:61,(anonymous_10)
FNDA:61,(anonymous_11)
FNDA:61,(anonymous_12)
FNDA:61,(anonymous_13)
FNDA:61,(anonymous_14)
FNDA:61,(anonymous_15)
DA:5,22
DA:11,22
DA:12,61
DA:13,61
DA:14,61
DA:17,22
DA:18,61
DA:19,61
DA:20,61
DA:23,22
DA:24,61
DA:26,61
DA:29,22
DA:40,61
DA:44,61
DA:45,61
DA:46,61
DA:55,61
DA:56,61
DA:61,61
DA:62,61
LF:21
LH:21
BRF:0
BRH:0
end_of_record
TN:
SF:src\components\CardContainer\CardContainer.tsx
FN:1,(anonymous_0)
FN:5,(anonymous_1)
FNF:2
FNH:2
FNDA:17,(anonymous_0)
FNDA:67,(anonymous_1)
DA:1,119
DA:5,17
DA:9,67
DA:10,17
LF:4
LH:4
BRDA:1,0,0,17
BRDA:9,1,0,67
BRDA:9,1,1,24
BRF:3
BRH:3
end_of_record
TN:
SF:src\components\CardContainer\styles.tsx
FN:3,(anonymous_0)
FNF:1
FNH:1
FNDA:67,(anonymous_0)
DA:3,17
DA:5,67
LF:2
LH:2
BRF:0
BRH:0
end_of_record
TN:
SF:src\components\DetailInfo\DetailInfo.tsx
FN:1,(anonymous_0)
FN:8,(anonymous_1)
FN:16,(anonymous_2)
FN:17,(anonymous_3)
FNF:4
FNH:4
FNDA:11,(anonymous_0)
FNDA:12,(anonymous_1)
FNDA:33,(anonymous_2)
FNDA:62,(anonymous_3)
DA:1,77
DA:8,11
DA:14,12
DA:17,33
DA:20,62
DA:41,11
LF:6
LH:6
BRDA:1,0,0,11
BRDA:14,1,0,12
BRDA:14,1,1,12
BRDA:20,2,0,62
BRDA:20,2,1,62
BRDA:25,3,0,62
BRDA:25,3,1,33
BRF:7
BRH:7
end_of_record
TN:
SF:src\components\DetailInfo\styles.tsx
FN:12,(anonymous_0)
FNF:1
FNH:1
FNDA:62,(anonymous_0)
DA:3,11
DA:12,11
DA:28,62
DA:39,11
LF:4
LH:4
BRF:0
BRH:0
end_of_record
TN:
SF:src\components\FallBack\FallBack.tsx
FN:1,(anonymous_0)
FN:3,(anonymous_1)
FNF:2
FNH:2
FNDA:9,(anonymous_0)
FNDA:1,(anonymous_1)
DA:1,63
DA:3,9
DA:4,1
DA:5,9
LF:4
LH:4
BRDA:1,0,0,9
BRF:1
BRH:1
end_of_record
TN:
SF:src\components\FallBack\styles.tsx
FNF:0
FNH:0
DA:4,9
LF:1
LH:1
BRF:0
BRH:0
end_of_record
TN:
SF:src\components\FriendCard\FriendCard.tsx
FN:1,(anonymous_0)
FN:16,(anonymous_1)
FN:39,(anonymous_2)
FNF:3
FNH:3
FNDA:15,(anonymous_0)
FNDA:30,(anonymous_1)
FNDA:1,(anonymous_2)
DA:1,105
DA:16,15
DA:26,30
DA:39,1
DA:51,15
LF:5
LH:5
BRDA:1,0,0,15
BRDA:30,1,0,30
BRDA:30,1,1,30
BRDA:35,2,0,60
BRDA:35,2,1,0
BRDA:39,3,0,1
BRDA:39,3,1,1
BRF:7
BRH:6
end_of_record
TN:
SF:src\components\FriendCard\styles.tsx
FNF:0
FNH:0
DA:7,16
DA:18,16
DA:29,16
DA:33,16
DA:38,16
DA:45,16
DA:57,16
LF:7
LH:7
BRF:0
BRH:0
end_of_record
TN:
SF:src\components\FriendCard\SkeletonFriendCard\SkeletonFriendCard.tsx
FN:1,(anonymous_0)
FN:12,(anonymous_1)
FNF:2
FNH:2
FNDA:13,(anonymous_0)
FNDA:13,(anonymous_1)
DA:1,91
DA:12,13
DA:13,13
DA:25,13
LF:4
LH:4
BRDA:1,0,0,13
BRF:1
BRH:1
end_of_record
TN:
SF:src\components\FriendCard\SkeletonFriendCard\styles.tsx
FNF:0
FNH:0
DA:5,13
DA:9,13
DA:15,13
DA:21,13
DA:26,13
LF:5
LH:5
BRF:0
BRH:0
end_of_record
TN:
SF:src\components\FriendDetail\FriendDetail.tsx
FN:1,(anonymous_0)
FN:17,(anonymous_1)
FNF:2
FNH:2
FNDA:8,(anonymous_0)
FNDA:11,(anonymous_1)
DA:1,56
DA:17,8
DA:26,11
DA:50,8
LF:4
LH:4
BRDA:1,0,0,8
BRDA:32,1,0,22
BRDA:32,1,1,0
BRDA:39,2,0,22
BRDA:39,2,1,0
BRF:5
BRH:3
end_of_record
TN:
SF:src\components\FriendDetail\styles.tsx
FNF:0
FNH:0
DA:7,8
DA:20,8
DA:31,8
DA:37,8
DA:43,8
DA:48,8
LF:6
LH:6
BRF:0
BRH:0
end_of_record
TN:
SF:src\components\FriendList\FriendList.tsx
FN:1,(anonymous_0)
FN:7,(anonymous_1)
FN:24,(anonymous_2)
FN:45,(anonymous_3)
FN:48,(anonymous_4)
FNF:5
FNH:4
FNDA:12,(anonymous_0)
FNDA:10,(anonymous_1)
FNDA:12,(anonymous_2)
FNDA:24,(anonymous_3)
FNDA:0,(anonymous_4)
DA:1,84
DA:7,12
DA:14,10
DA:15,2
DA:23,8
DA:24,3
DA:27,12
DA:37,5
DA:38,1
DA:45,4
DA:48,24
DA:65,12
LF:12
LH:12
BRDA:1,0,0,12
BRDA:14,1,0,2
BRDA:23,2,0,3
BRDA:37,3,0,1
BRDA:37,4,0,5
BRDA:37,4,1,5
BRDA:48,5,0,0
BRDA:48,5,1,0
BRF:8
BRH:6
end_of_record
TN:
SF:src\components\FriendList\styles.tsx
FN:13,(anonymous_0)
FNF:1
FNH:1
FNDA:2,(anonymous_0)
DA:4,12
DA:13,12
DA:14,2
DA:18,12
LF:4
LH:4
BRF:0
BRH:0
end_of_record
TN:
SF:src\components\GalleryModal\GalleryModal.tsx
FN:1,(anonymous_0)
FN:8,(anonymous_1)
FN:11,(anonymous_2)
FNF:3
FNH:3
FNDA:9,(anonymous_0)
FNDA:2,(anonymous_1)
FNDA:1,(anonymous_2)
DA:1,63
DA:8,9
DA:9,2
DA:11,1
DA:24,9
LF:5
LH:5
BRDA:1,0,0,9
BRF:1
BRH:1
end_of_record
TN:
SF:src\components\GalleryModal\styles.tsx
FNF:0
FNH:0
DA:5,9
DA:15,9
LF:2
LH:2
BRF:0
BRH:0
end_of_record
TN:
SF:src\components\Img\Img.tsx
FN:1,(anonymous_0)
FN:5,(anonymous_1)
FN:6,(anonymous_2)
FNF:3
FNH:2
FNDA:20,(anonymous_0)
FNDA:94,(anonymous_1)
FNDA:0,(anonymous_2)
DA:1,140
DA:5,20
DA:6,94
DA:16,20
LF:4
LH:4
BRDA:1,0,0,20
BRDA:6,1,0,188
BRDA:6,1,1,140
BRF:3
BRH:3
end_of_record
TN:
SF:src\components\Img\styles.tsx
FN:3,(anonymous_0)
FNF:1
FNH:1
FNDA:94,(anonymous_0)
DA:3,20
DA:8,94
DA:11,20
LF:3
LH:3
BRF:0
BRH:0
end_of_record
TN:
SF:src\components\ModalContainer\ModalContainer.tsx
FN:1,(anonymous_0)
FN:5,(anonymous_1)
FNF:2
FNH:2
FNDA:11,(anonymous_0)
FNDA:5,(anonymous_1)
DA:1,77
DA:5,11
DA:6,5
DA:7,11
LF:4
LH:4
BRDA:1,0,0,11
BRF:1
BRH:1
end_of_record
TN:
SF:src\components\ModalContainer\styles.tsx
FNF:0
FNH:0
DA:3,11
LF:1
LH:1
BRF:0
BRH:0
end_of_record
TN:
SF:src\components\PhotoGalery\PhotoGalery.tsx
FN:1,(anonymous_0)
FN:7,(anonymous_1)
FN:8,(anonymous_2)
FNF:3
FNH:3
FNDA:10,(anonymous_0)
FNDA:6,(anonymous_1)
FNDA:49,(anonymous_2)
DA:1,70
DA:7,10
DA:8,48
DA:20,10
LF:4
LH:4
BRDA:1,0,0,10
BRF:1
BRH:1
end_of_record
TN:
SF:src\components\PhotoGalery\styles.tsx
FNF:0
FNH:0
DA:3,10
DA:17,10
LF:2
LH:2
BRF:0
BRH:0
end_of_record
TN:
SF:src\components\Row\Row.tsx
FNF:0
FNH:0
DA:4,8
LF:1
LH:1
BRF:0
BRH:0
end_of_record
TN:
SF:src\components\ScrollRow\ScrollRow.tsx
FN:4,(anonymous_0)
FN:8,(anonymous_1)
FN:13,(anonymous_2)
FNF:3
FNH:3
FNDA:47,(anonymous_0)
FNDA:47,(anonymous_1)
FNDA:47,(anonymous_2)
DA:4,9
DA:7,47
DA:13,47
DA:20,47
LF:4
LH:4
BRF:0
BRH:0
end_of_record
TN:
SF:src\components\Section\Section.tsx
FNF:0
FNH:0
DA:3,9
LF:1
LH:1
BRF:0
BRH:0
end_of_record
TN:
SF:src\components\SectionContainer\SectionContainer.tsx
FN:1,(anonymous_0)
FN:5,(anonymous_1)
FNF:2
FNH:2
FNDA:9,(anonymous_0)
FNDA:12,(anonymous_1)
DA:1,63
DA:5,9
DA:9,12
DA:10,9
LF:4
LH:4
BRDA:1,0,0,9
BRDA:9,1,0,12
BRDA:9,1,1,12
BRF:3
BRH:3
end_of_record
TN:
SF:src\components\SectionContainer\styles.tsx
FNF:0
FNH:0
DA:3,9
LF:1
LH:1
BRF:0
BRH:0
end_of_record
TN:
SF:src\components\Status\Status.tsx
FN:1,(anonymous_0)
FN:5,(anonymous_1)
FNF:2
FNH:2
FNDA:17,(anonymous_0)
FNDA:44,(anonymous_1)
DA:1,119
DA:5,17
DA:6,44
DA:12,17
LF:4
LH:4
BRDA:1,0,0,17
BRDA:6,1,0,44
BRDA:6,1,1,44
BRF:3
BRH:3
end_of_record
TN:
SF:src\components\Status\styles.tsx
FN:3,(anonymous_0)
FN:6,(anonymous_1)
FNF:2
FNH:2
FNDA:44,(anonymous_0)
FNDA:44,(anonymous_1)
DA:3,17
DA:6,44
DA:15,44
LF:3
LH:3
BRF:0
BRH:0
end_of_record
TN:
SF:src\components\Tab\Tab.tsx
FN:1,(anonymous_0)
FN:9,(anonymous_1)
FNF:2
FNH:2
FNDA:10,(anonymous_0)
FNDA:59,(anonymous_1)
DA:1,70
DA:9,10
DA:10,59
DA:20,10
LF:4
LH:4
BRDA:1,0,0,10
BRDA:10,1,0,59
BRDA:10,1,1,59
BRF:3
BRH:3
end_of_record
TN:
SF:src\components\TabData\TabData.tsx
FN:9,(anonymous_1)
FN:14,(anonymous_2)
FN:17,(anonymous_3)
FN:35,(anonymous_4)
FNF:4
FNH:4
FNDA:23,(anonymous_1)
FNDA:56,(anonymous_2)
FNDA:2,(anonymous_3)
FNDA:8,(anonymous_4)
DA:9,23
DA:10,23
DA:12,23
DA:17,56
DA:35,8
LF:5
LH:5
BRF:0
BRH:0
end_of_record
TN:
SF:src\components\TabData\styles.tsx
FNF:0
FNH:0
DA:5,8
DA:10,8
DA:19,8
DA:25,8
LF:4
LH:4
BRF:0
BRH:0
end_of_record
TN:
SF:src\components\Text\Text.tsx
FN:1,(anonymous_0)
FN:7,(anonymous_1)
FNF:2
FNH:2
FNDA:21,(anonymous_0)
FNDA:230,(anonymous_1)
DA:1,147
DA:7,21
DA:14,230
DA:33,21
LF:4
LH:4
BRDA:1,0,0,21
BRDA:14,1,0,14
BRDA:14,1,1,216
BRDA:14,2,0,14
BRDA:14,2,1,3
BRDA:15,3,0,216
BRDA:15,3,1,186
BRF:7
BRH:7
end_of_record
TN:
SF:src\pages\Details\Details.tsx
FN:17,(anonymous_1)
FN:24,(anonymous_2)
FN:40,(anonymous_3)
FN:52,(anonymous_4)
FNF:4
FNH:3
FNDA:8,(anonymous_1)
FNDA:0,(anonymous_2)
FNDA:1,(anonymous_3)
FNDA:2,(anonymous_4)
DA:17,8
DA:18,8
DA:19,8
DA:20,8
DA:21,8
DA:24,0
DA:40,1
DA:52,2
LF:8
LH:7
BRDA:48,0,0,8
BRDA:48,0,1,1
BRF:2
BRH:2
end_of_record
TN:
SF:src\pages\Details\styles.tsx
FNF:0
FNH:0
DA:4,2
DA:8,2
LF:2
LH:2
BRF:0
BRH:0
end_of_record
TN:
SF:src\pages\Details\hooks\useGetInfo.ts
FN:6,(anonymous_0)
FN:7,(anonymous_1)
FNF:2
FNH:2
FNDA:8,(anonymous_0)
FNDA:3,(anonymous_1)
DA:6,2
DA:7,8
DA:9,8
LF:3
LH:3
BRF:0
BRH:0
end_of_record
TN:
SF:src\shared\animations\fadeIn.ts
FN:14,(anonymous_0)
FNF:1
FNH:1
FNDA:16,(anonymous_0)
DA:3,17
DA:14,17
DA:20,16
LF:3
LH:3
BRDA:15,0,0,16
BRDA:16,1,0,16
BRF:2
BRH:2
end_of_record
TN:
SF:src\shared\animations\scaleOut.ts
FN:14,(anonymous_0)
FNF:1
FNH:1
FNDA:9,(anonymous_0)
DA:3,17
DA:14,17
LF:2
LH:2
BRDA:14,0,0,9
BRF:1
BRH:1
end_of_record
TN:
SF:src\shared\animations\skeleton.ts
FN:12,(anonymous_0)
FNF:1
FNH:1
FNDA:39,(anonymous_0)
DA:3,17
DA:12,39
LF:2
LH:2
BRDA:12,0,0,39
BRF:1
BRH:1
end_of_record
TN:
SF:src\shared\const\detailsDataMock.ts
FNF:0
FNH:0
DA:1,18
LF:1
LH:1
BRF:0
BRH:0
end_of_record
TN:
SF:src\shared\const\detailsMock.ts
FNF:0
FNH:0
DA:4,18
LF:1
LH:1
BRF:0
BRH:0
end_of_record
TN:
SF:src\shared\const\friendListMock.ts
FNF:0
FNH:0
DA:8,18
LF:1
LH:1
BRF:0
BRH:0
end_of_record
TN:
SF:src\shared\const\photoGaleryMock.ts
FNF:0
FNH:0
DA:9,18
LF:1
LH:1
BRF:0
BRH:0
end_of_record
TN:
SF:src\shared\const\tabsDataMock.ts
FNF:0
FNH:0
DA:1,18
LF:1
LH:1
BRF:0
BRH:0
end_of_record
TN:
SF:src\shared\hooks\useGalleyModal.tsx
FN:5,(anonymous_1)
FN:9,(anonymous_2)
FN:14,(anonymous_3)
FN:20,(anonymous_4)
FNF:4
FNH:4
FNDA:8,(anonymous_1)
FNDA:1,(anonymous_2)
FNDA:1,(anonymous_3)
FNDA:1,(anonymous_4)
DA:5,8
DA:6,8
DA:7,8
DA:9,8
DA:10,1
DA:11,1
DA:14,8
DA:15,1
DA:16,1
DA:19,8
DA:21,1
DA:28,8
DA:30,8
DA:31,8
LF:14
LH:14
BRDA:28,0,0,8
BRDA:28,0,1,1
BRF:2
BRH:2
end_of_record
TN:
SF:src\shared\hooks\useHandleTabs.ts
FN:3,(anonymous_0)
FN:10,(anonymous_1)
FN:14,(anonymous_2)
FNF:3
FNH:3
FNDA:23,(anonymous_0)
FNDA:2,(anonymous_1)
FNDA:23,(anonymous_2)
DA:3,8
DA:8,23
DA:10,23
DA:11,2
DA:14,23
DA:15,23
DA:18,23
LF:7
LH:7
BRDA:15,0,0,23
BRDA:15,0,1,0
BRF:2
BRH:1
end_of_record
TN:
SF:src\shared\utils\getInfoDetails.ts
FN:5,(anonymous_0)
FNF:1
FNH:1
FNDA:3,(anonymous_0)
DA:5,2
DA:6,3
DA:7,3
DA:8,3
DA:23,3
LF:5
LH:5
BRDA:7,0,0,3
BRF:1
BRH:1
end_of_record
TN:
SF:src\store\store.tsx
FN:12,(anonymous_0)
FNF:1
FNH:1
FNDA:45,(anonymous_0)
DA:7,45
DA:13,45
DA:18,45
LF:3
LH:3
BRF:0
BRH:0
end_of_record
TN:
SF:src\store\api\apiSlice.tsx
FN:6,(anonymous_0)
FNF:1
FNH:1
FNDA:45,(anonymous_0)
DA:4,45
DA:6,45
LF:2
LH:2
BRF:0
BRH:0
end_of_record
TN:
SF:src\store\api\baseQuery.tsx
FNF:0
FNH:0
DA:3,45
LF:1
LH:1
BRF:0
BRH:0
end_of_record
TN:
SF:src\store\slices\detailSlice.ts
FN:13,(anonymous_0)
FN:21,(anonymous_1)
FNF:2
FNH:0
FNDA:0,(anonymous_0)
FNDA:0,(anonymous_1)
DA:7,45
DA:14,0
DA:19,45
DA:21,45
LF:4
LH:3
BRF:0
BRH:0
end_of_record
